Looking for git in: git
Using git 2.25.1 from git
> git rev-parse --git-dir
Open repository: /home/josh/Documents/neuro/coursework
> git status -z -u
> git symbolic-ref --short HEAD
> git rev-parse part-2
> git check-ignore -v -z --stdin
> git rev-parse --symbolic-full-name part-2@{u}
fatal: no upstream configured for branch 'part-2'
> git for-each-ref --sort -committerdate --format %(refname) %(objectname)
> git remote --verbose
> git config --get commit.template
> git show --textconv :part-2.py
> git ls-files --stage -- /home/josh/Documents/neuro/coursework/part-2.py
> git cat-file -s 76d5f7d40e5f5fa0acd3aa4405999da82176ea4e
> git fetch
> git status -z -u
> git symbolic-ref --short HEAD
> git rev-parse part-2
> git rev-parse --symbolic-full-name part-2@{u}
fatal: no upstream configured for branch 'part-2'
> git for-each-ref --sort -committerdate --format %(refname) %(objectname)
> git remote --verbose
> git config --get commit.template
> git ls-files --stage -- /home/josh/Documents/neuro/coursework/part-2.py
> git cat-file -s 76d5f7d40e5f5fa0acd3aa4405999da82176ea4e
> git show --textconv :part-2.py
> git status -z -u
> git symbolic-ref --short HEAD
> git rev-parse part-2
> git rev-parse --symbolic-full-name part-2@{u}
fatal: no upstream configured for branch 'part-2'
> git for-each-ref --sort -committerdate --format %(refname) %(objectname)
> git remote --verbose
> git config --get commit.template
> git check-ignore -v -z --stdin
> git add -A -- .
> git commit --quiet --allow-empty-message --file -
> git status -z -u
> git symbolic-ref --short HEAD
> git rev-parse part-2
> git rev-parse --symbolic-full-name part-2@{u}
fatal: no upstream configured for branch 'part-2'
> git for-each-ref --sort -committerdate --format %(refname) %(objectname)
> git remote --verbose
> git config --get commit.template
> git config --get commit.template
> git ls-files --stage -- /home/josh/Documents/neuro/coursework/part-2.py
> git cat-file -s 9ef7063595afba26c223db187838f3cc776fd772
> git show --textconv :part-2.py
> git status -z -u
> git symbolic-ref --short HEAD
> git rev-parse part-2
> git rev-parse --symbolic-full-name part-2@{u}
fatal: no upstream configured for branch 'part-2'
> git for-each-ref --sort -committerdate --format %(refname) %(objectname)
> git remote --verbose
> git config --get commit.template
> git ls-files --stage -- /home/josh/Documents/neuro/coursework/part-2.py
> git cat-file -s 7e26d3e3162372df8dba19aff43f0dd520d848fa
> git show --textconv :part-2.py
> git status -z -u
> git symbolic-ref --short HEAD
> git rev-parse master
> git rev-parse --symbolic-full-name master@{u}
fatal: no upstream configured for branch 'master'
> git for-each-ref --sort -committerdate --format %(refname) %(objectname)
> git remote --verbose
> git config --get commit.template
> git status -z -u
> git symbolic-ref --short HEAD
> git rev-parse master
> git rev-parse --symbolic-full-name master@{u}
fatal: no upstream configured for branch 'master'
> git for-each-ref --sort -committerdate --format %(refname) %(objectname)
> git remote --verbose
> git ls-files --stage -- /home/josh/Documents/neuro/coursework/part-2.py
> git cat-file -s 7e26d3e3162372df8dba19aff43f0dd520d848fa
> git show --textconv :part-2.py
> git check-ignore -v -z --stdin
> git show --textconv :part-1.py
> git ls-files --stage -- /home/josh/Documents/neuro/coursework/part-1.py
> git cat-file -s 5e6e6477e9533bf125776526ab7d1b28c7535225
> git commit --quiet --allow-empty-message --file -
error: Committing is not possible because you have unmerged files.
hint: Fix them up in the work tree, and then use 'git add/rm <file>'
hint: as appropriate to mark resolution and make a commit.
fatal: Exiting because of an unresolved conflict.
> git commit --quiet --allow-empty-message --file -
error: Committing is not possible because you have unmerged files.
hint: Fix them up in the work tree, and then use 'git add/rm <file>'
hint: as appropriate to mark resolution and make a commit.
fatal: Exiting because of an unresolved conflict.
> git status -z -u
> git symbolic-ref --short HEAD
> git rev-parse master
> git rev-parse --symbolic-full-name master@{u}
fatal: no upstream configured for branch 'master'
> git for-each-ref --sort -committerdate --format %(refname) %(objectname)
> git remote --verbose
> git ls-files --stage -- /home/josh/Documents/neuro/coursework/part-1.py
> git cat-file -s 5e6e6477e9533bf125776526ab7d1b28c7535225
> git show --textconv :part-1.py
> git status -z -u
> git symbolic-ref --short HEAD
> git rev-parse master
> git rev-parse --symbolic-full-name master@{u}
fatal: no upstream configured for branch 'master'
> git for-each-ref --sort -committerdate --format %(refname) %(objectname)
> git remote --verbose
> git status -z -u
> git symbolic-ref --short HEAD
> git rev-parse master
> git rev-parse --symbolic-full-name master@{u}
fatal: no upstream configured for branch 'master'
> git for-each-ref --sort -committerdate --format %(refname) %(objectname)
> git remote --verbose
> git ls-files --stage -- /home/josh/Documents/neuro/coursework/part-1.py
> git cat-file -s 0779624d969b09dabc98caeb3f48b6ae037a03b9
> git show --textconv :part-1.py
> git status -z -u
> git symbolic-ref --short HEAD
> git rev-parse master
> git rev-parse --symbolic-full-name master@{u}
fatal: no upstream configured for branch 'master'
> git for-each-ref --sort -committerdate --format %(refname) %(objectname)
> git remote --verbose
> git add -A -- /home/josh/Documents/neuro/coursework/part-1.py
> git status -z -u
> git symbolic-ref --short HEAD
> git rev-parse master
> git rev-parse --symbolic-full-name master@{u}
fatal: no upstream configured for branch 'master'
> git for-each-ref --sort -committerdate --format %(refname) %(objectname)
> git remote --verbose
> git commit --quiet --allow-empty-message --file -
> git status -z -u
> git symbolic-ref --short HEAD
> git rev-parse master
> git rev-parse --symbolic-full-name master@{u}
fatal: no upstream configured for branch 'master'
> git for-each-ref --sort -committerdate --format %(refname) %(objectname)
> git remote --verbose
> git config --get commit.template
> git config --get commit.template
> git ls-files --stage -- /home/josh/Documents/neuro/coursework/part-1.py
> git cat-file -s 14a25bd8430751899d850c886a6442331184c29b
> git show --textconv :part-1.py
> git status -z -u
> git symbolic-ref --short HEAD
> git rev-parse master
> git rev-parse --symbolic-full-name master@{u}
fatal: no upstream configured for branch 'master'
> git for-each-ref --sort -committerdate --format %(refname) %(objectname)
> git remote --verbose
> git config --get commit.template
> git show --textconv :part-2.py
> git ls-files --stage -- /home/josh/Documents/neuro/coursework/part-2.py
> git cat-file -s 7e26d3e3162372df8dba19aff43f0dd520d848fa
> git log --format=%H%n%aN%n%aE%n%at%n%ct%n%P%n%B -z -n21 -- /home/josh/Documents/neuro/coursework/part-2.py
> git show --textconv :part-1.py
> git ls-files --stage -- /home/josh/Documents/neuro/coursework/part-1.py
> git cat-file -s 14a25bd8430751899d850c886a6442331184c29b
> git log --format=%H%n%aN%n%aE%n%at%n%ct%n%P%n%B -z -n21 -- /home/josh/Documents/neuro/coursework/part-1.py
> git show --textconv :part-2.py
> git ls-files --stage -- /home/josh/Documents/neuro/coursework/part-2.py
> git cat-file -s 7e26d3e3162372df8dba19aff43f0dd520d848fa
> git show --textconv :part-1.py
> git ls-files --stage -- /home/josh/Documents/neuro/coursework/part-1.py
> git cat-file -s 5e6e6477e9533bf125776526ab7d1b28c7535225
> git show --textconv :part-2.py
> git ls-files --stage -- /home/josh/Documents/neuro/coursework/part-2.py
> git cat-file -s 7e26d3e3162372df8dba19aff43f0dd520d848fa
> git log --format=%H%n%aN%n%aE%n%at%n%ct%n%P%n%B -z -n21 -- /home/josh/Documents/neuro/coursework/part-2.py
> git rev-list --count 8abab058607219962d5eca9b685c1e137456e119.. -- /home/josh/Documents/neuro/coursework/part-2.py
> git log --format=%H%n%aN%n%aE%n%at%n%ct%n%P%n%B -z -n10 -- /home/josh/Documents/neuro/coursework/part-2.py
> git show --textconv :report.tex
> git ls-files --stage -- /home/josh/Documents/neuro/coursework/report.tex
> git cat-file -s a1e1fb982f9fc67e9acf2493c14a8bca239ab6c1
> git check-ignore -v -z --stdin
> git show --textconv :part-2.py
> git ls-files --stage -- /home/josh/Documents/neuro/coursework/part-2.py
> git cat-file -s 033b6cd1fe6bd6340fd70910444e00427c91687d
> git show --textconv :part-1.py
> git ls-files --stage -- /home/josh/Documents/neuro/coursework/part-1.py
> git cat-file -s ebb4561a260af1caeeb265e4a821bb4528760d79
> git fetch
> git status -z -u
> git symbolic-ref --short HEAD
> git ls-files --stage -- /home/josh/Documents/neuro/coursework/part-1.py
> git rev-parse master
> git cat-file -s ebb4561a260af1caeeb265e4a821bb4528760d79
> git rev-parse --symbolic-full-name master@{u}
fatal: no upstream configured for branch 'master'
> git for-each-ref --sort -committerdate --format %(refname) %(objectname)
> git remote --verbose
> git show --textconv :part-1.py
> git config --get commit.template
> git status -z -u
> git symbolic-ref --short HEAD
> git rev-parse master
> git rev-parse --symbolic-full-name master@{u}
fatal: no upstream configured for branch 'master'
> git for-each-ref --sort -committerdate --format %(refname) %(objectname)
> git remote --verbose
> git config --get commit.template
> git ls-files --stage -- /home/josh/Documents/neuro/coursework/part-1.py
> git cat-file -s ebb4561a260af1caeeb265e4a821bb4528760d79
> git show --textconv :part-1.py
> git fetch
> git status -z -u
> git symbolic-ref --short HEAD
> git rev-parse master
> git rev-parse --symbolic-full-name master@{u}
fatal: no upstream configured for branch 'master'
> git for-each-ref --sort -committerdate --format %(refname) %(objectname)
> git remote --verbose
> git config --get commit.template
> git status -z -u
> git symbolic-ref --short HEAD
> git rev-parse master
> git rev-parse --symbolic-full-name master@{u}
fatal: no upstream configured for branch 'master'
> git for-each-ref --sort -committerdate --format %(refname) %(objectname)
> git remote --verbose
> git config --get commit.template
> git fetch
> git status -z -u
> git ls-files --stage -- /home/josh/Documents/neuro/coursework/part-1.py
> git symbolic-ref --short HEAD
> git cat-file -s ebb4561a260af1caeeb265e4a821bb4528760d79
> git rev-parse master
> git rev-parse --symbolic-full-name master@{u}
> git show --textconv :part-1.py
fatal: no upstream configured for branch 'master'
> git for-each-ref --sort -committerdate --format %(refname) %(objectname)
> git remote --verbose
> git config --get commit.template
> git ls-files --stage -- /home/josh/Documents/neuro/coursework/part-1.py
> git cat-file -s ebb4561a260af1caeeb265e4a821bb4528760d79
> git show --textconv :part-1.py
> git status -z -u
> git symbolic-ref --short HEAD
> git rev-parse master
> git rev-parse --symbolic-full-name master@{u}
fatal: no upstream configured for branch 'master'
> git for-each-ref --sort -committerdate --format %(refname) %(objectname)
> git remote --verbose
> git config --get commit.template
> git fetch
> git status -z -u
> git symbolic-ref --short HEAD
> git rev-parse master
> git rev-parse --symbolic-full-name master@{u}
fatal: no upstream configured for branch 'master'
> git for-each-ref --sort -committerdate --format %(refname) %(objectname)
> git remote --verbose
> git config --get commit.template
> git ls-files --stage -- /home/josh/Documents/neuro/coursework/part-1.py
> git cat-file -s ebb4561a260af1caeeb265e4a821bb4528760d79
> git show --textconv :part-1.py
> git status -z -u
> git symbolic-ref --short HEAD
> git rev-parse master
> git rev-parse --symbolic-full-name master@{u}
fatal: no upstream configured for branch 'master'
> git for-each-ref --sort -committerdate --format %(refname) %(objectname)
> git remote --verbose
> git config --get commit.template
> git show --textconv :part-2.py
> git ls-files --stage -- /home/josh/Documents/neuro/coursework/part-2.py
> git cat-file -s 033b6cd1fe6bd6340fd70910444e00427c91687d
> git fetch
> git status -z -u
> git symbolic-ref --short HEAD
> git rev-parse master
> git rev-parse --symbolic-full-name master@{u}
fatal: no upstream configured for branch 'master'
> git for-each-ref --sort -committerdate --format %(refname) %(objectname)
> git remote --verbose
> git config --get commit.template
> git ls-files --stage -- /home/josh/Documents/neuro/coursework/part-2.py
> git cat-file -s 033b6cd1fe6bd6340fd70910444e00427c91687d
> git show --textconv :part-2.py
> git status -z -u
> git symbolic-ref --short HEAD
> git rev-parse master
> git rev-parse --symbolic-full-name master@{u}
fatal: no upstream configured for branch 'master'
> git for-each-ref --sort -committerdate --format %(refname) %(objectname)
> git remote --verbose
> git config --get commit.template
> git status -z -u
> git symbolic-ref --short HEAD
> git rev-parse master
> git rev-parse --symbolic-full-name master@{u}
fatal: no upstream configured for branch 'master'
> git for-each-ref --sort -committerdate --format %(refname) %(objectname)
> git remote --verbose
> git config --get commit.template
> git show --textconv :data/depression-0-5.csv
> git ls-files --stage -- /home/josh/Documents/neuro/coursework/data/depression-0-5.csv
> git cat-file -s eb306711f7435e4f64065a49f4626f32f32f1fce
> git show --textconv :data/depression-5-0.csv
> git ls-files --stage -- /home/josh/Documents/neuro/coursework/data/depression-5-0.csv
> git cat-file -s 7bf8a721c9aaaf58d2464367dc2d465c21636016
> git show --textconv :data/depression-0-5.csv
> git ls-files --stage -- /home/josh/Documents/neuro/coursework/data/depression-0-5.csv
> git cat-file -s eb306711f7435e4f64065a49f4626f32f32f1fce
> git fetch
> git status -z -u
> git symbolic-ref --short HEAD
> git rev-parse master
> git rev-parse --symbolic-full-name master@{u}
fatal: no upstream configured for branch 'master'
> git for-each-ref --sort -committerdate --format %(refname) %(objectname)
> git remote --verbose
> git config --get commit.template
> git fetch
> git status -z -u
> git ls-files --stage -- /home/josh/Documents/neuro/coursework/data/depression-0-5.csv
> git symbolic-ref --short HEAD
> git cat-file -s eb306711f7435e4f64065a49f4626f32f32f1fce
> git rev-parse master
> git rev-parse --symbolic-full-name master@{u}
fatal: no upstream configured for branch 'master'
> git for-each-ref --sort -committerdate --format %(refname) %(objectname)
> git remote --verbose
> git config --get commit.template
> git show --textconv :data/depression-0-5.csv
> git status -z -u
> git symbolic-ref --short HEAD
> git rev-parse master
> git rev-parse --symbolic-full-name master@{u}
fatal: no upstream configured for branch 'master'
> git for-each-ref --sort -committerdate --format %(refname) %(objectname)
> git remote --verbose
> git config --get commit.template
> git status -z -u
> git symbolic-ref --short HEAD
> git rev-parse master
> git rev-parse --symbolic-full-name master@{u}
fatal: no upstream configured for branch 'master'
> git for-each-ref --sort -committerdate --format %(refname) %(objectname)
> git remote --verbose
> git config --get commit.template
> git status -z -u
> git symbolic-ref --short HEAD
> git rev-parse master
> git rev-parse --symbolic-full-name master@{u}
fatal: no upstream configured for branch 'master'
> git for-each-ref --sort -committerdate --format %(refname) %(objectname)
> git remote --verbose
> git config --get commit.template
> git check-ignore -v -z --stdin
> git check-ignore -v -z --stdin
> git check-ignore -v -z --stdin
> git check-ignore -v -z --stdin
> git show --textconv :nk_18044_part-1.py
> git ls-files --stage -- /home/josh/Documents/neuro/coursework/nk_18044_part-1.py
> git show --textconv :nk18044_part-2.py
> git ls-files --stage -- /home/josh/Documents/neuro/coursework/nk18044_part-2.py
> git fetch
> git status -z -u
> git symbolic-ref --short HEAD
> git rev-parse master
> git rev-parse --symbolic-full-name master@{u}
fatal: no upstream configured for branch 'master'
> git for-each-ref --sort -committerdate --format %(refname) %(objectname)
> git remote --verbose
> git config --get commit.template
> git status -z -u
> git symbolic-ref --short HEAD
> git rev-parse master
> git rev-parse --symbolic-full-name master@{u}
fatal: no upstream configured for branch 'master'
> git for-each-ref --sort -committerdate --format %(refname) %(objectname)
> git remote --verbose
> git config --get commit.template
> git show --textconv :nk18044_part-2.py
> git ls-files --stage -- /home/josh/Documents/neuro/coursework/nk18044_part-2.py
> git show --textconv :nk_18044_part-1.py
> git ls-files --stage -- /home/josh/Documents/neuro/coursework/nk_18044_part-1.py
> git show --textconv :nk18044_part-2.py
> git ls-files --stage -- /home/josh/Documents/neuro/coursework/nk18044_part-2.py
> git show --textconv :nk_18044_part-1.py
> git ls-files --stage -- /home/josh/Documents/neuro/coursework/nk_18044_part-1.py
> git show --textconv :nk18044_part-2.py
> git ls-files --stage -- /home/josh/Documents/neuro/coursework/nk18044_part-2.py
> git fetch
> git status -z -u
> git symbolic-ref --short HEAD
> git rev-parse master
> git rev-parse --symbolic-full-name master@{u}
fatal: no upstream configured for branch 'master'
> git for-each-ref --sort -committerdate --format %(refname) %(objectname)
> git remote --verbose
> git config --get commit.template
> git status -z -u
> git ls-files --stage -- /home/josh/Documents/neuro/coursework/nk18044_part-2.py
> git symbolic-ref --short HEAD
> git rev-parse master
> git show --textconv :nk18044_part-2.py
> git rev-parse --symbolic-full-name master@{u}
fatal: no upstream configured for branch 'master'
> git for-each-ref --sort -committerdate --format %(refname) %(objectname)
> git remote --verbose
> git config --get commit.template
> git show --textconv :nk_18044_part-1.py
> git ls-files --stage -- /home/josh/Documents/neuro/coursework/nk_18044_part-1.py
> git ls-files --stage -- /home/josh/Documents/neuro/coursework/nk_18044_part-1.py
> git show --textconv :nk_18044_part-1.py
> git status -z -u
> git symbolic-ref --short HEAD
> git rev-parse master
> git rev-parse --symbolic-full-name master@{u}
fatal: no upstream configured for branch 'master'
> git for-each-ref --sort -committerdate --format %(refname) %(objectname)
> git remote --verbose
> git config --get commit.template
> git show --textconv :nk18044_part-1.py
> git ls-files --stage -- /home/josh/Documents/neuro/coursework/nk18044_part-1.py
> git check-ignore -v -z --stdin
