[12:19:21] Initializing LaTeX Workshop.
[12:19:21] Extension root: /home/josh/.vscode/extensions/james-yu.latex-workshop-8.15.0
[12:19:21] Creating PDF file watcher.
[12:19:21] Creating LaTeX Workshop http and websocket server.
[12:19:21] LaTeX Workshop initialized.
[12:19:21] Current workspace folders: ["file:///home/josh/Documents/formal-notes/year-3/IPCV"]
[12:19:21] Current workspaceRootDir: /home/josh/Documents/formal-notes/year-3/IPCV
[12:19:21] Found root file from active editor: /home/josh/Documents/formal-notes/year-3/IPCV/ipcv.tex
[12:19:21] Root file changed: from undefined to /home/josh/Documents/formal-notes/year-3/IPCV/ipcv.tex
[12:19:21] Start to find all dependencies.
[12:19:21] Root file languageId: latex
[12:19:21] Instantiating a new file watcher for /home/josh/Documents/formal-notes/year-3/IPCV/ipcv.tex
[12:19:21] Creating Bib file watcher.
[12:19:21] Parsing a file and its subfiles: /home/josh/Documents/formal-notes/year-3/IPCV/ipcv.tex
[12:19:21] Parse fls file.
[12:19:21] Fls file found: /home/josh/Documents/formal-notes/year-3/IPCV/ipcv.fls
[12:19:21] Parse aux file: /home/josh/Documents/formal-notes/year-3/IPCV/ipcv.aux
[12:19:21] Server created on 127.0.0.1:37479
[12:19:21] Added to file watcher: /home/josh/Documents/formal-notes/year-3/IPCV/ipcv.tex
[12:19:22] Restoring the PDF viewer at the column 2 from the state: {"type":"state","state":{"path":"/home/josh/Documents/formal-notes/year-3/IPCV/ipcv.pdf","scale":"auto","scrollMode":0,"spreadMode":0,"scrollTop":6904,"scrollLeft":0,"trim":0}}
[12:19:22] LaTeX Workshop version: 8.15.0
[12:19:22] Snippet data loaded.
[12:19:23] Handle data type: open
[12:19:23] Preview PDF file: /home/josh/Documents/formal-notes/year-3/IPCV/ipcv.pdf
[12:19:23] Handle data type: request_params
[12:19:23] Sending the settings of the PDF viewer for initialization: {"type":"params","scale":"auto","trim":0,"scrollMode":0,"spreadMode":0,"hand":false,"invertMode":{"enabled":false,"brightness":1,"grayscale":0.6,"hueRotate":180,"invert":0,"sepia":0},"bgColor":"#ffffff","keybindings":{"synctex":"ctrl-click"}}
[12:19:23] Handle data type: loaded
[12:27:13] File watcher - file changed: /home/josh/Documents/formal-notes/year-3/IPCV/ipcv.tex
[12:27:13] Parsing a file and its subfiles: /home/josh/Documents/formal-notes/year-3/IPCV/ipcv.tex
[12:27:13] Parse fls file.
[12:27:13] Fls file found: /home/josh/Documents/formal-notes/year-3/IPCV/ipcv.fls
[12:27:13] Parse aux file: /home/josh/Documents/formal-notes/year-3/IPCV/ipcv.aux
[12:27:13] Auto build started detecting the change of a file: /home/josh/Documents/formal-notes/year-3/IPCV/ipcv.tex
[12:27:13] BUILD command invoked.
[12:27:13] The document of the active editor: file:///home/josh/Documents/formal-notes/year-3/IPCV/ipcv.tex
[12:27:13] The languageId of the document: latex
[12:27:13] Building root file: /home/josh/Documents/formal-notes/year-3/IPCV/ipcv.tex
[12:27:13] Build root file /home/josh/Documents/formal-notes/year-3/IPCV/ipcv.tex
[12:27:13] Recipe step 1: latexmk, -synctex=1,-interaction=nonstopmode,-file-line-error,-pdf,-outdir=/home/josh/Documents/formal-notes/year-3/IPCV,/home/josh/Documents/formal-notes/year-3/IPCV/ipcv
[12:27:13] Recipe step env: {}
[12:27:13] cwd: /home/josh/Documents/formal-notes/year-3/IPCV
[12:27:13] LaTeX build process spawned. PID: 4398.
[12:27:15] LaTeX log parsed with 1 messages.
[12:27:15] Recipe of length 1 finished. PID: 4398.
[12:27:15] Successfully built /home/josh/Documents/formal-notes/year-3/IPCV/ipcv.tex.
[12:27:15] Refresh PDF viewer for /home/josh/Documents/formal-notes/year-3/IPCV/ipcv.pdf
[12:27:15] Parse fls file.
[12:27:15] Fls file found: /home/josh/Documents/formal-notes/year-3/IPCV/ipcv.fls
[12:27:15] Parse aux file: /home/josh/Documents/formal-notes/year-3/IPCV/ipcv.aux
[12:27:15] Preview PDF file: /home/josh/Documents/formal-notes/year-3/IPCV/ipcv.pdf
[12:27:15] Handle data type: loaded
[12:31:46] File watcher - file changed: /home/josh/Documents/formal-notes/year-3/IPCV/ipcv.tex
[12:31:46] Parsing a file and its subfiles: /home/josh/Documents/formal-notes/year-3/IPCV/ipcv.tex
[12:31:46] Parse fls file.
[12:31:46] Fls file found: /home/josh/Documents/formal-notes/year-3/IPCV/ipcv.fls
[12:31:46] Parse aux file: /home/josh/Documents/formal-notes/year-3/IPCV/ipcv.aux
[12:31:46] Auto build started detecting the change of a file: /home/josh/Documents/formal-notes/year-3/IPCV/ipcv.tex
[12:31:46] BUILD command invoked.
[12:31:46] The document of the active editor: file:///home/josh/Documents/formal-notes/year-3/IPCV/ipcv.tex
[12:31:46] The languageId of the document: latex
[12:31:46] Building root file: /home/josh/Documents/formal-notes/year-3/IPCV/ipcv.tex
[12:31:46] Build root file /home/josh/Documents/formal-notes/year-3/IPCV/ipcv.tex
[12:31:46] Recipe step 1: latexmk, -synctex=1,-interaction=nonstopmode,-file-line-error,-pdf,-outdir=/home/josh/Documents/formal-notes/year-3/IPCV,/home/josh/Documents/formal-notes/year-3/IPCV/ipcv
[12:31:46] Recipe step env: {}
[12:31:46] cwd: /home/josh/Documents/formal-notes/year-3/IPCV
[12:31:46] LaTeX build process spawned. PID: 4686.
[12:31:47] LaTeX log parsed with 1 messages.
[12:31:47] Recipe of length 1 finished. PID: 4686.
[12:31:47] Successfully built /home/josh/Documents/formal-notes/year-3/IPCV/ipcv.tex.
[12:31:47] Refresh PDF viewer for /home/josh/Documents/formal-notes/year-3/IPCV/ipcv.pdf
[12:31:47] Parse fls file.
[12:31:47] Fls file found: /home/josh/Documents/formal-notes/year-3/IPCV/ipcv.fls
[12:31:47] Parse aux file: /home/josh/Documents/formal-notes/year-3/IPCV/ipcv.aux
[12:31:47] Preview PDF file: /home/josh/Documents/formal-notes/year-3/IPCV/ipcv.pdf
[12:31:47] Handle data type: loaded
[12:45:28] File watcher - file changed: /home/josh/Documents/formal-notes/year-3/IPCV/ipcv.tex
[12:45:28] Parsing a file and its subfiles: /home/josh/Documents/formal-notes/year-3/IPCV/ipcv.tex
[12:45:28] Parse fls file.
[12:45:28] Fls file found: /home/josh/Documents/formal-notes/year-3/IPCV/ipcv.fls
[12:45:28] Parse aux file: /home/josh/Documents/formal-notes/year-3/IPCV/ipcv.aux
[12:45:28] Auto build started detecting the change of a file: /home/josh/Documents/formal-notes/year-3/IPCV/ipcv.tex
[12:45:28] BUILD command invoked.
[12:45:28] The document of the active editor: file:///home/josh/Documents/formal-notes/year-3/IPCV/ipcv.tex
[12:45:28] The languageId of the document: latex
[12:45:28] Building root file: /home/josh/Documents/formal-notes/year-3/IPCV/ipcv.tex
[12:45:28] Build root file /home/josh/Documents/formal-notes/year-3/IPCV/ipcv.tex
[12:45:29] Recipe step 1: latexmk, -synctex=1,-interaction=nonstopmode,-file-line-error,-pdf,-outdir=/home/josh/Documents/formal-notes/year-3/IPCV,/home/josh/Documents/formal-notes/year-3/IPCV/ipcv
[12:45:29] Recipe step env: {}
[12:45:29] cwd: /home/josh/Documents/formal-notes/year-3/IPCV
[12:45:29] LaTeX build process spawned. PID: 4871.
[12:45:30] LaTeX log parsed with 1 messages.
[12:45:30] Recipe of length 1 finished. PID: 4871.
[12:45:30] Successfully built /home/josh/Documents/formal-notes/year-3/IPCV/ipcv.tex.
[12:45:30] Refresh PDF viewer for /home/josh/Documents/formal-notes/year-3/IPCV/ipcv.pdf
[12:45:30] Parse fls file.
[12:45:30] Fls file found: /home/josh/Documents/formal-notes/year-3/IPCV/ipcv.fls
[12:45:30] Parse aux file: /home/josh/Documents/formal-notes/year-3/IPCV/ipcv.aux
[12:45:30] Preview PDF file: /home/josh/Documents/formal-notes/year-3/IPCV/ipcv.pdf
[12:45:30] Handle data type: loaded
[12:45:48] File watcher - file changed: /home/josh/Documents/formal-notes/year-3/IPCV/ipcv.tex
[12:45:48] Parsing a file and its subfiles: /home/josh/Documents/formal-notes/year-3/IPCV/ipcv.tex
[12:45:48] Parse fls file.
[12:45:48] Fls file found: /home/josh/Documents/formal-notes/year-3/IPCV/ipcv.fls
[12:45:48] Parse aux file: /home/josh/Documents/formal-notes/year-3/IPCV/ipcv.aux
[12:45:48] Auto build started detecting the change of a file: /home/josh/Documents/formal-notes/year-3/IPCV/ipcv.tex
[12:45:48] BUILD command invoked.
[12:45:48] The document of the active editor: file:///home/josh/Documents/formal-notes/year-3/IPCV/ipcv.tex
[12:45:48] The languageId of the document: latex
[12:45:48] Building root file: /home/josh/Documents/formal-notes/year-3/IPCV/ipcv.tex
[12:45:48] Build root file /home/josh/Documents/formal-notes/year-3/IPCV/ipcv.tex
[12:45:48] Recipe step 1: latexmk, -synctex=1,-interaction=nonstopmode,-file-line-error,-pdf,-outdir=/home/josh/Documents/formal-notes/year-3/IPCV,/home/josh/Documents/formal-notes/year-3/IPCV/ipcv
[12:45:48] Recipe step env: {}
[12:45:48] cwd: /home/josh/Documents/formal-notes/year-3/IPCV
[12:45:48] LaTeX build process spawned. PID: 4922.
[12:45:50] LaTeX log parsed with 1 messages.
[12:45:50] Recipe of length 1 finished. PID: 4922.
[12:45:50] Successfully built /home/josh/Documents/formal-notes/year-3/IPCV/ipcv.tex.
[12:45:50] Refresh PDF viewer for /home/josh/Documents/formal-notes/year-3/IPCV/ipcv.pdf
[12:45:50] Parse fls file.
[12:45:50] Fls file found: /home/josh/Documents/formal-notes/year-3/IPCV/ipcv.fls
[12:45:50] Parse aux file: /home/josh/Documents/formal-notes/year-3/IPCV/ipcv.aux
[12:45:50] Preview PDF file: /home/josh/Documents/formal-notes/year-3/IPCV/ipcv.pdf
[12:45:50] Handle data type: loaded
[12:48:25] Current workspace folders: ["file:///home/josh/Documents/formal-notes/year-3/IPCV"]
[12:48:25] Current workspaceRootDir: /home/josh/Documents/formal-notes/year-3/IPCV
[12:48:25] Found root file from active editor: /home/josh/Documents/formal-notes/year-3/IPCV/ipcv.tex
[12:48:25] Keep using the same root file: /home/josh/Documents/formal-notes/year-3/IPCV/ipcv.tex
[12:48:28] Current workspace folders: ["file:///home/josh/Documents/formal-notes/year-3/IPCV"]
[12:48:28] Current workspaceRootDir: /home/josh/Documents/formal-notes/year-3/IPCV
[12:48:28] Found root file from active editor: /home/josh/Documents/formal-notes/year-3/IPCV/ipcv.tex
[12:48:28] Keep using the same root file: /home/josh/Documents/formal-notes/year-3/IPCV/ipcv.tex
[12:50:28] Current workspace folders: ["file:///home/josh/Documents/formal-notes/year-3/IPCV"]
[12:50:28] Current workspaceRootDir: /home/josh/Documents/formal-notes/year-3/IPCV
[12:50:28] Found root file from active editor: /home/josh/Documents/formal-notes/year-3/IPCV/ipcv.tex
[12:50:28] Keep using the same root file: /home/josh/Documents/formal-notes/year-3/IPCV/ipcv.tex
[12:50:45] Current workspace folders: ["file:///home/josh/Documents/formal-notes/year-3/IPCV"]
[12:50:45] Current workspaceRootDir: /home/josh/Documents/formal-notes/year-3/IPCV
[12:50:45] Found root file from active editor: /home/josh/Documents/formal-notes/year-3/IPCV/ipcv.tex
[12:50:45] Keep using the same root file: /home/josh/Documents/formal-notes/year-3/IPCV/ipcv.tex
[12:50:58] Current workspace folders: ["file:///home/josh/Documents/formal-notes/year-3/IPCV"]
[12:50:58] Current workspaceRootDir: /home/josh/Documents/formal-notes/year-3/IPCV
[12:50:58] Found root file from active editor: /home/josh/Documents/formal-notes/year-3/IPCV/ipcv.tex
[12:50:58] Keep using the same root file: /home/josh/Documents/formal-notes/year-3/IPCV/ipcv.tex
[12:52:12] File watcher - file changed: /home/josh/Documents/formal-notes/year-3/IPCV/ipcv.tex
[12:52:12] Parsing a file and its subfiles: /home/josh/Documents/formal-notes/year-3/IPCV/ipcv.tex
[12:52:12] Parse fls file.
[12:52:12] Fls file found: /home/josh/Documents/formal-notes/year-3/IPCV/ipcv.fls
[12:52:12] Parse aux file: /home/josh/Documents/formal-notes/year-3/IPCV/ipcv.aux
[12:52:12] Auto build started detecting the change of a file: /home/josh/Documents/formal-notes/year-3/IPCV/ipcv.tex
[12:52:12] BUILD command invoked.
[12:52:12] The document of the active editor: file:///home/josh/Documents/formal-notes/year-3/IPCV/ipcv.tex
[12:52:12] The languageId of the document: latex
[12:52:12] Building root file: /home/josh/Documents/formal-notes/year-3/IPCV/ipcv.tex
[12:52:12] Build root file /home/josh/Documents/formal-notes/year-3/IPCV/ipcv.tex
[12:52:12] Recipe step 1: latexmk, -synctex=1,-interaction=nonstopmode,-file-line-error,-pdf,-outdir=/home/josh/Documents/formal-notes/year-3/IPCV,/home/josh/Documents/formal-notes/year-3/IPCV/ipcv
[12:52:12] Recipe step env: {}
[12:52:12] cwd: /home/josh/Documents/formal-notes/year-3/IPCV
[12:52:12] LaTeX build process spawned. PID: 5085.
[12:52:13] LaTeX log parsed with 1 messages.
[12:52:13] Recipe of length 1 finished. PID: 5085.
[12:52:13] Successfully built /home/josh/Documents/formal-notes/year-3/IPCV/ipcv.tex.
[12:52:13] Refresh PDF viewer for /home/josh/Documents/formal-notes/year-3/IPCV/ipcv.pdf
[12:52:13] Parse fls file.
[12:52:13] Fls file found: /home/josh/Documents/formal-notes/year-3/IPCV/ipcv.fls
[12:52:13] Parse aux file: /home/josh/Documents/formal-notes/year-3/IPCV/ipcv.aux
[12:52:13] Preview PDF file: /home/josh/Documents/formal-notes/year-3/IPCV/ipcv.pdf
[12:52:13] Handle data type: loaded
[12:54:25] Current workspace folders: ["file:///home/josh/Documents/formal-notes/year-3/IPCV"]
[12:54:25] Current workspaceRootDir: /home/josh/Documents/formal-notes/year-3/IPCV
[12:54:25] Found root file from active editor: /home/josh/Documents/formal-notes/year-3/IPCV/ipcv.tex
[12:54:25] Keep using the same root file: /home/josh/Documents/formal-notes/year-3/IPCV/ipcv.tex
[12:54:39] Current workspace folders: ["file:///home/josh/Documents/formal-notes/year-3/IPCV"]
[12:54:39] Current workspaceRootDir: /home/josh/Documents/formal-notes/year-3/IPCV
[12:54:39] Found root file from active editor: /home/josh/Documents/formal-notes/year-3/IPCV/ipcv.tex
[12:54:39] Keep using the same root file: /home/josh/Documents/formal-notes/year-3/IPCV/ipcv.tex
[12:54:57] Current workspace folders: ["file:///home/josh/Documents/formal-notes/year-3/IPCV"]
[12:54:57] Current workspaceRootDir: /home/josh/Documents/formal-notes/year-3/IPCV
[12:54:57] Found root file from active editor: /home/josh/Documents/formal-notes/year-3/IPCV/ipcv.tex
[12:54:57] Keep using the same root file: /home/josh/Documents/formal-notes/year-3/IPCV/ipcv.tex
[13:04:26] File watcher - file changed: /home/josh/Documents/formal-notes/year-3/IPCV/ipcv.tex
[13:04:26] Parsing a file and its subfiles: /home/josh/Documents/formal-notes/year-3/IPCV/ipcv.tex
[13:04:26] Parse fls file.
[13:04:26] Fls file found: /home/josh/Documents/formal-notes/year-3/IPCV/ipcv.fls
[13:04:26] Parse aux file: /home/josh/Documents/formal-notes/year-3/IPCV/ipcv.aux
[13:04:26] Auto build started detecting the change of a file: /home/josh/Documents/formal-notes/year-3/IPCV/ipcv.tex
[13:04:26] BUILD command invoked.
[13:04:26] The document of the active editor: file:///home/josh/Documents/formal-notes/year-3/IPCV/ipcv.tex
[13:04:26] The languageId of the document: latex
[13:04:26] Building root file: /home/josh/Documents/formal-notes/year-3/IPCV/ipcv.tex
[13:04:26] Build root file /home/josh/Documents/formal-notes/year-3/IPCV/ipcv.tex
[13:04:26] Recipe step 1: latexmk, -synctex=1,-interaction=nonstopmode,-file-line-error,-pdf,-outdir=/home/josh/Documents/formal-notes/year-3/IPCV,/home/josh/Documents/formal-notes/year-3/IPCV/ipcv
[13:04:26] Recipe step env: {}
[13:04:26] cwd: /home/josh/Documents/formal-notes/year-3/IPCV
[13:04:26] LaTeX build process spawned. PID: 9149.
[13:04:28] LaTeX log parsed with 1 messages.
[13:04:28] Recipe of length 1 finished. PID: 9149.
[13:04:28] Successfully built /home/josh/Documents/formal-notes/year-3/IPCV/ipcv.tex.
[13:04:28] Refresh PDF viewer for /home/josh/Documents/formal-notes/year-3/IPCV/ipcv.pdf
[13:04:28] Parse fls file.
[13:04:28] Fls file found: /home/josh/Documents/formal-notes/year-3/IPCV/ipcv.fls
[13:04:28] Parse aux file: /home/josh/Documents/formal-notes/year-3/IPCV/ipcv.aux
[13:04:28] Preview PDF file: /home/josh/Documents/formal-notes/year-3/IPCV/ipcv.pdf
[13:04:28] Handle data type: loaded
[13:04:57] File watcher - file changed: /home/josh/Documents/formal-notes/year-3/IPCV/ipcv.tex
[13:04:57] Parsing a file and its subfiles: /home/josh/Documents/formal-notes/year-3/IPCV/ipcv.tex
[13:04:57] Parse fls file.
[13:04:57] Fls file found: /home/josh/Documents/formal-notes/year-3/IPCV/ipcv.fls
[13:04:57] Parse aux file: /home/josh/Documents/formal-notes/year-3/IPCV/ipcv.aux
[13:04:57] Auto build started detecting the change of a file: /home/josh/Documents/formal-notes/year-3/IPCV/ipcv.tex
[13:04:57] BUILD command invoked.
[13:04:57] The document of the active editor: file:///home/josh/Documents/formal-notes/year-3/IPCV/ipcv.tex
[13:04:57] The languageId of the document: latex
[13:04:57] Building root file: /home/josh/Documents/formal-notes/year-3/IPCV/ipcv.tex
[13:04:57] Build root file /home/josh/Documents/formal-notes/year-3/IPCV/ipcv.tex
[13:04:57] Recipe step 1: latexmk, -synctex=1,-interaction=nonstopmode,-file-line-error,-pdf,-outdir=/home/josh/Documents/formal-notes/year-3/IPCV,/home/josh/Documents/formal-notes/year-3/IPCV/ipcv
[13:04:57] Recipe step env: {}
[13:04:57] cwd: /home/josh/Documents/formal-notes/year-3/IPCV
[13:04:57] LaTeX build process spawned. PID: 9202.
[13:04:58] LaTeX log parsed with 1 messages.
[13:04:58] Recipe of length 1 finished. PID: 9202.
[13:04:58] Successfully built /home/josh/Documents/formal-notes/year-3/IPCV/ipcv.tex.
[13:04:58] Refresh PDF viewer for /home/josh/Documents/formal-notes/year-3/IPCV/ipcv.pdf
[13:04:58] Parse fls file.
[13:04:58] Fls file found: /home/josh/Documents/formal-notes/year-3/IPCV/ipcv.fls
[13:04:58] Parse aux file: /home/josh/Documents/formal-notes/year-3/IPCV/ipcv.aux
[13:04:58] Preview PDF file: /home/josh/Documents/formal-notes/year-3/IPCV/ipcv.pdf
[13:04:58] Handle data type: loaded
[13:26:10] File watcher - file changed: /home/josh/Documents/formal-notes/year-3/IPCV/ipcv.tex
[13:26:10] Parsing a file and its subfiles: /home/josh/Documents/formal-notes/year-3/IPCV/ipcv.tex
[13:26:10] Parse fls file.
[13:26:10] Fls file found: /home/josh/Documents/formal-notes/year-3/IPCV/ipcv.fls
[13:26:10] Parse aux file: /home/josh/Documents/formal-notes/year-3/IPCV/ipcv.aux
[13:26:10] Auto build started detecting the change of a file: /home/josh/Documents/formal-notes/year-3/IPCV/ipcv.tex
[13:26:10] BUILD command invoked.
[13:26:10] The document of the active editor: file:///home/josh/Documents/formal-notes/year-3/IPCV/ipcv.tex
[13:26:10] The languageId of the document: latex
[13:26:10] Building root file: /home/josh/Documents/formal-notes/year-3/IPCV/ipcv.tex
[13:26:10] Build root file /home/josh/Documents/formal-notes/year-3/IPCV/ipcv.tex
[13:26:10] Recipe step 1: latexmk, -synctex=1,-interaction=nonstopmode,-file-line-error,-pdf,-outdir=/home/josh/Documents/formal-notes/year-3/IPCV,/home/josh/Documents/formal-notes/year-3/IPCV/ipcv
[13:26:10] Recipe step env: {}
[13:26:10] cwd: /home/josh/Documents/formal-notes/year-3/IPCV
[13:26:10] LaTeX build process spawned. PID: 9420.
[13:26:12] LaTeX log parsed with 1 messages.
[13:26:12] Recipe of length 1 finished. PID: 9420.
[13:26:12] Successfully built /home/josh/Documents/formal-notes/year-3/IPCV/ipcv.tex.
[13:26:12] Refresh PDF viewer for /home/josh/Documents/formal-notes/year-3/IPCV/ipcv.pdf
[13:26:12] Parse fls file.
[13:26:12] Fls file found: /home/josh/Documents/formal-notes/year-3/IPCV/ipcv.fls
[13:26:12] Parse aux file: /home/josh/Documents/formal-notes/year-3/IPCV/ipcv.aux
[13:26:12] Preview PDF file: /home/josh/Documents/formal-notes/year-3/IPCV/ipcv.pdf
[13:26:12] Handle data type: loaded
