[18:11:45] Initializing LaTeX Workshop.
[18:11:45] Extension root: /home/josh/.vscode/extensions/james-yu.latex-workshop-8.15.0
[18:11:46] Creating PDF file watcher.
[18:11:46] Creating LaTeX Workshop http and websocket server.
[18:11:46] LaTeX Workshop initialized.
[18:11:46] Current workspace folders: ["file:///home/josh/Documents/formal-notes/year-3/IPCV"]
[18:11:46] Current workspaceRootDir: /home/josh/Documents/formal-notes/year-3/IPCV
[18:11:46] Server created on 127.0.0.1:46517
[18:11:46] Snippet data loaded.
[18:11:46] LaTeX Workshop version: 8.15.0
[18:11:46] Restoring the PDF viewer at the column 2 from the state: {"type":"state","state":{"path":"/home/josh/Documents/formal-notes/year-3/IPCV/ipcv.pdf","scale":"auto","scrollMode":0,"spreadMode":0,"scrollTop":13236,"scrollLeft":0,"trim":0}}
[18:11:46] Found files that might be root, choose the first one: /home/josh/Documents/formal-notes/year-3/IPCV/ipcv.tex
[18:11:46] Root file changed: from undefined to /home/josh/Documents/formal-notes/year-3/IPCV/ipcv.tex
[18:11:46] Start to find all dependencies.
[18:11:46] Root file languageId: latex
[18:11:46] Instantiating a new file watcher for /home/josh/Documents/formal-notes/year-3/IPCV/ipcv.tex
[18:11:46] Creating Bib file watcher.
[18:11:46] Parsing a file and its subfiles: /home/josh/Documents/formal-notes/year-3/IPCV/ipcv.tex
[18:11:46] Parse fls file.
[18:11:46] Fls file found: /home/josh/Documents/formal-notes/year-3/IPCV/ipcv.fls
[18:11:46] Parse aux file: /home/josh/Documents/formal-notes/year-3/IPCV/ipcv.aux
[18:11:46] Added to file watcher: /home/josh/Documents/formal-notes/year-3/IPCV/ipcv.tex
[18:11:47] Handle data type: open
[18:11:47] Preview PDF file: /home/josh/Documents/formal-notes/year-3/IPCV/ipcv.pdf
[18:11:47] Handle data type: request_params
[18:11:47] Sending the settings of the PDF viewer for initialization: {"type":"params","scale":"auto","trim":0,"scrollMode":0,"spreadMode":0,"hand":false,"invertMode":{"enabled":false,"brightness":1,"grayscale":0.6,"hueRotate":180,"invert":0,"sepia":0},"bgColor":"#ffffff","keybindings":{"synctex":"ctrl-click"}}
[18:11:47] Handle data type: loaded
[18:13:09] Current workspace folders: ["file:///home/josh/Documents/formal-notes/year-3/IPCV"]
[18:13:09] Current workspaceRootDir: /home/josh/Documents/formal-notes/year-3/IPCV
[18:13:09] Found root file from active editor: /home/josh/Documents/formal-notes/year-3/IPCV/ipcv.tex
[18:13:09] Keep using the same root file: /home/josh/Documents/formal-notes/year-3/IPCV/ipcv.tex
[18:53:33] File watcher - file changed: /home/josh/Documents/formal-notes/year-3/IPCV/ipcv.tex
[18:53:33] Parsing a file and its subfiles: /home/josh/Documents/formal-notes/year-3/IPCV/ipcv.tex
[18:53:33] Parse fls file.
[18:53:33] Fls file found: /home/josh/Documents/formal-notes/year-3/IPCV/ipcv.fls
[18:53:33] Parse aux file: /home/josh/Documents/formal-notes/year-3/IPCV/ipcv.aux
[18:53:33] Auto build started detecting the change of a file: /home/josh/Documents/formal-notes/year-3/IPCV/ipcv.tex
[18:53:33] BUILD command invoked.
[18:53:33] The document of the active editor: file:///home/josh/Documents/formal-notes/year-3/IPCV/ipcv.tex
[18:53:33] The languageId of the document: latex
[18:53:33] Building root file: /home/josh/Documents/formal-notes/year-3/IPCV/ipcv.tex
[18:53:33] Build root file /home/josh/Documents/formal-notes/year-3/IPCV/ipcv.tex
[18:53:33] Recipe step 1: latexmk, -synctex=1,-interaction=nonstopmode,-file-line-error,-pdf,-outdir=/home/josh/Documents/formal-notes/year-3/IPCV,/home/josh/Documents/formal-notes/year-3/IPCV/ipcv
[18:53:33] Recipe step env: {}
[18:53:33] cwd: /home/josh/Documents/formal-notes/year-3/IPCV
[18:53:33] LaTeX build process spawned. PID: 9356.
[18:53:35] LaTeX log parsed with 1 messages.
[18:53:35] Recipe of length 1 finished. PID: 9356.
[18:53:35] Successfully built /home/josh/Documents/formal-notes/year-3/IPCV/ipcv.tex.
[18:53:35] Refresh PDF viewer for /home/josh/Documents/formal-notes/year-3/IPCV/ipcv.pdf
[18:53:35] Parse fls file.
[18:53:35] Fls file found: /home/josh/Documents/formal-notes/year-3/IPCV/ipcv.fls
[18:53:35] Parse aux file: /home/josh/Documents/formal-notes/year-3/IPCV/ipcv.aux
[18:53:35] Preview PDF file: /home/josh/Documents/formal-notes/year-3/IPCV/ipcv.pdf
[18:53:35] Handle data type: loaded
