[2021-01-14 12:19:20.320] [sharedprocess] [info] main {"machineId":"6b23a2a8dc338ab76b127016bd3b856f50fe9ea12036efd05239d4f4773c6a2c","windowId":2}
[2021-01-14 12:19:20.903] [sharedprocess] [info] Deleted from disk dan-c-underwood.arm /home/josh/.vscode/extensions/dan-c-underwood.arm-1.4.0
[2021-01-14 12:19:20.903] [sharedprocess] [info] Deleted from disk pkief.material-icon-theme /home/josh/.vscode/extensions/pkief.material-icon-theme-4.4.0
[2021-01-14 12:19:21.044] [sharedprocess] [info] Deleted from disk shubham-saudolla.lilac /home/josh/.vscode/extensions/shubham-saudolla.lilac-1.2.5
[2021-01-14 12:19:21.216] [sharedprocess] [info] Deleted from disk artlaman.chalice-icon-theme /home/josh/.vscode/extensions/artlaman.chalice-icon-theme-1.2.9
[2021-01-14 12:19:21.216] [sharedprocess] [info] Deleted from disk eamodio.gitlens /home/josh/.vscode/extensions/eamodio.gitlens-11.0.6
[2021-01-14 12:19:21.216] [sharedprocess] [info] Deleted from disk redhat.java /home/josh/.vscode/extensions/redhat.java-0.72.0
[2021-01-14 12:19:21.216] [sharedprocess] [info] Deleted from disk vscjava.vscode-java-debug /home/josh/.vscode/extensions/vscjava.vscode-java-debug-0.29.0
[2021-01-14 12:19:21.339] [sharedprocess] [info] Deleted from disk ms-vscode-remote.remote-ssh /home/josh/.vscode/extensions/ms-vscode-remote.remote-ssh-0.61.0
[2021-01-14 12:19:21.340] [sharedprocess] [info] Deleted from disk vscjava.vscode-java-dependency /home/josh/.vscode/extensions/vscjava.vscode-java-dependency-0.15.0
[2021-01-14 12:19:21.340] [sharedprocess] [info] Deleted from disk vscjava.vscode-java-pack /home/josh/.vscode/extensions/vscjava.vscode-java-pack-0.12.0
[2021-01-14 12:19:21.340] [sharedprocess] [info] Deleted from disk vscjava.vscode-java-test /home/josh/.vscode/extensions/vscjava.vscode-java-test-0.26.1
[2021-01-14 12:19:21.384] [sharedprocess] [info] Deleted from disk vscjava.vscode-maven /home/josh/.vscode/extensions/vscjava.vscode-maven-0.26.0
[2021-01-14 12:19:21.432] [sharedprocess] [info] Deleted from disk formulahendry.code-runner /home/josh/.vscode/extensions/formulahendry.code-runner-0.11.1
[2021-01-14 12:19:21.457] [sharedprocess] [info] Deleted from disk ms-azuretools.vscode-docker /home/josh/.vscode/extensions/ms-azuretools.vscode-docker-1.8.1
[2021-01-14 12:19:21.473] [sharedprocess] [info] Deleted from disk redhat.vscode-yaml /home/josh/.vscode/extensions/redhat.vscode-yaml-0.13.0
[2021-01-14 12:19:21.479] [sharedprocess] [info] Deleted from disk wscats.eno /home/josh/.vscode/extensions/wscats.eno-2.3.39
[2021-01-14 12:19:21.479] [sharedprocess] [info] Deleted from disk ms-python.vscode-pylance /home/josh/.vscode/extensions/ms-python.vscode-pylance-2020.12.1
[2021-01-14 12:19:21.493] [sharedprocess] [info] Deleted from disk ms-python.python /home/josh/.vscode/extensions/ms-python.python-2020.11.371526539
[2021-01-14 12:19:23.281] [sharedprocess] [info] Installing extension: ms-python.vscode-pylance
[2021-01-14 12:19:28.610] [sharedprocess] [info] Downloaded extension: ms-python.vscode-pylance undefined
[2021-01-14 12:19:30.329] [sharedprocess] [info] Extracted extension to /home/josh/.vscode/extensions/.ms-python.vscode-pylance-2021.1.1: ms-python.vscode-pylance
[2021-01-14 12:19:30.329] [sharedprocess] [info] Renamed to /home/josh/.vscode/extensions/ms-python.vscode-pylance-2021.1.1
[2021-01-14 12:19:30.330] [sharedprocess] [info] Installation completed. ms-python.vscode-pylance
[2021-01-14 12:19:30.399] [sharedprocess] [info] Extensions installed successfully: ms-python.vscode-pylance
[2021-01-14 12:20:00.339] [sharedprocess] [info] Starting to clean up unused language packs.
