[10:10:52] Initializing LaTeX Workshop.
[10:10:52] Extension root: /home/josh/.vscode/extensions/james-yu.latex-workshop-8.15.0
[10:10:52] Creating PDF file watcher.
[10:10:52] Creating LaTeX Workshop http and websocket server.
[10:10:52] LaTeX Workshop initialized.
[10:10:52] Current workspace folders: ["file:///home/josh/Documents/neuro/coursework"]
[10:10:52] Current workspaceRootDir: /home/josh/Documents/neuro/coursework
[10:10:52] Server created on 127.0.0.1:39185
[10:10:52] Restoring the PDF viewer at the column 1 from the state: {"type":"state","state":{"path":"/home/josh/Documents/neuro/coursework/report.pdf","scale":"auto","scrollMode":0,"spreadMode":0,"scrollTop":3363,"scrollLeft":0,"trim":0}}
[10:10:52] Snippet data loaded.
[10:10:52] LaTeX Workshop version: 8.15.0
[10:10:53] Found files that might be root, choose the first one: /home/josh/Documents/neuro/coursework/report.tex
[10:10:53] Root file changed: from undefined to /home/josh/Documents/neuro/coursework/report.tex
[10:10:53] Start to find all dependencies.
[10:10:53] Root file languageId: latex
[10:10:53] Instantiating a new file watcher for /home/josh/Documents/neuro/coursework/report.tex
[10:10:53] Creating Bib file watcher.
[10:10:53] Parsing a file and its subfiles: /home/josh/Documents/neuro/coursework/report.tex
[10:10:53] Parse fls file.
[10:10:53] Cannot find fls file: /home/josh/Documents/neuro/coursework/report.fls
[10:10:53] Added to file watcher: /home/josh/Documents/neuro/coursework/report.tex
[10:10:53] Handle data type: open
[10:10:53] Preview PDF file: /home/josh/Documents/neuro/coursework/report.pdf
[10:10:53] Handle data type: request_params
[10:10:53] Sending the settings of the PDF viewer for initialization: {"type":"params","scale":"auto","trim":0,"scrollMode":0,"spreadMode":0,"hand":false,"invertMode":{"enabled":false,"brightness":1,"grayscale":0.6,"hueRotate":180,"invert":0,"sepia":0},"bgColor":"#ffffff","keybindings":{"synctex":"ctrl-click"}}
[10:10:53] Handle data type: loaded
[10:11:05] Current workspace folders: ["file:///home/josh/Documents/neuro/coursework"]
[10:11:05] Current workspaceRootDir: /home/josh/Documents/neuro/coursework
[10:11:05] Current workspace folders: ["file:///home/josh/Documents/neuro/coursework"]
[10:11:05] Current workspaceRootDir: /home/josh/Documents/neuro/coursework
[10:11:05] Found root file from active editor: /home/josh/Documents/neuro/coursework/report.tex
[10:11:05] Found root file from active editor: /home/josh/Documents/neuro/coursework/report.tex
[10:11:05] Keep using the same root file: /home/josh/Documents/neuro/coursework/report.tex
[10:11:05] Keep using the same root file: /home/josh/Documents/neuro/coursework/report.tex
[10:11:06] File watcher - file deleted: /home/josh/Documents/neuro/coursework/report.tex
[10:11:06] Root file deleted: /home/josh/Documents/neuro/coursework/report.tex
[10:11:06] Start searching a new root file.
[10:11:06] Current workspace folders: ["file:///home/josh/Documents/neuro/coursework"]
[10:11:06] Current workspaceRootDir: /home/josh/Documents/neuro/coursework
[11:24:32] Added to PDF file watcher: /home/josh/Documents/neuro/coursework/report.pdf
[11:24:32] PDF command invoked.
[11:24:32] Serving PDF file at http://localhost:39185/viewer.html?file=pdf..JTJGaG9tZSUyRmpvc2glMkZEb2N1bWVudHMlMkZuZXVybyUyRmNvdXJzZXdvcmslMkZyZXBvcnQucGRm
[11:24:32] The encoded path is /home/josh/Documents/neuro/coursework/report.pdf
[11:24:32] Open PDF tab for /home/josh/Documents/neuro/coursework/report.pdf
[11:24:32] Handle data type: open
[11:24:32] Preview PDF file: /home/josh/Documents/neuro/coursework/report.pdf
[11:24:32] Handle data type: request_params
[11:24:32] Sending the settings of the PDF viewer for initialization: {"type":"params","scale":"auto","trim":0,"scrollMode":0,"spreadMode":0,"hand":false,"invertMode":{"enabled":false,"brightness":1,"grayscale":0.6,"hueRotate":180,"invert":0,"sepia":0},"bgColor":"#ffffff","keybindings":{"synctex":"ctrl-click"}}
[11:24:32] Handle data type: loaded
[11:25:57] PDF command invoked.
[11:25:57] Serving PDF file at http://localhost:39185/viewer.html?file=pdf..JTJGaG9tZSUyRmpvc2glMkZEb2N1bWVudHMlMkZuZXVybyUyRmNvdXJzZXdvcmslMkZyZXBvcnQucGRm
[11:25:57] The encoded path is /home/josh/Documents/neuro/coursework/report.pdf
[11:25:57] Open PDF tab for /home/josh/Documents/neuro/coursework/report.pdf
[11:25:58] Handle data type: open
[11:25:58] Preview PDF file: /home/josh/Documents/neuro/coursework/report.pdf
[11:25:58] Handle data type: request_params
[11:25:58] Sending the settings of the PDF viewer for initialization: {"type":"params","scale":"auto","trim":0,"scrollMode":0,"spreadMode":0,"hand":false,"invertMode":{"enabled":false,"brightness":1,"grayscale":0.6,"hueRotate":180,"invert":0,"sepia":0},"bgColor":"#ffffff","keybindings":{"synctex":"ctrl-click"}}
[11:25:58] Handle data type: loaded
[11:26:12] PDF file watcher - file deleted: /home/josh/Documents/neuro/coursework/report.pdf
[11:27:51] Added to PDF file watcher: /home/josh/Documents/neuro/coursework/nk18044_report.pdf
[11:27:51] PDF command invoked.
[11:27:51] Serving PDF file at http://localhost:39185/viewer.html?file=pdf..JTJGaG9tZSUyRmpvc2glMkZEb2N1bWVudHMlMkZuZXVybyUyRmNvdXJzZXdvcmslMkZuazE4MDQ0X3JlcG9ydC5wZGY
[11:27:51] The encoded path is /home/josh/Documents/neuro/coursework/nk18044_report.pdf
[11:27:51] Open PDF tab for /home/josh/Documents/neuro/coursework/nk18044_report.pdf
[11:27:51] Handle data type: open
[11:27:51] Preview PDF file: /home/josh/Documents/neuro/coursework/nk18044_report.pdf
[11:27:51] Handle data type: request_params
[11:27:51] Sending the settings of the PDF viewer for initialization: {"type":"params","scale":"auto","trim":0,"scrollMode":0,"spreadMode":0,"hand":false,"invertMode":{"enabled":false,"brightness":1,"grayscale":0.6,"hueRotate":180,"invert":0,"sepia":0},"bgColor":"#ffffff","keybindings":{"synctex":"ctrl-click"}}
[11:27:51] Handle data type: loaded
[11:30:02] Added to PDF file watcher: /home/josh/Documents/neuro/coursework/report.pdf
[11:30:03] PDF command invoked.
[11:30:03] Serving PDF file at http://localhost:39185/viewer.html?file=pdf..JTJGaG9tZSUyRmpvc2glMkZEb2N1bWVudHMlMkZuZXVybyUyRmNvdXJzZXdvcmslMkZyZXBvcnQucGRm
[11:30:03] The encoded path is /home/josh/Documents/neuro/coursework/report.pdf
[11:30:03] Open PDF tab for /home/josh/Documents/neuro/coursework/report.pdf
[11:30:03] PDF command invoked.
[11:30:03] Serving PDF file at http://localhost:39185/viewer.html?file=pdf..JTJGaG9tZSUyRmpvc2glMkZEb2N1bWVudHMlMkZuZXVybyUyRmNvdXJzZXdvcmslMkZyZXBvcnQucGRm
[11:30:03] The encoded path is /home/josh/Documents/neuro/coursework/report.pdf
[11:30:03] Open PDF tab for /home/josh/Documents/neuro/coursework/report.pdf
[11:30:03] Handle data type: open
[11:30:03] Preview PDF file: /home/josh/Documents/neuro/coursework/report.pdf
[11:30:03] Handle data type: request_params
[11:30:03] Sending the settings of the PDF viewer for initialization: {"type":"params","scale":"auto","trim":0,"scrollMode":0,"spreadMode":0,"hand":false,"invertMode":{"enabled":false,"brightness":1,"grayscale":0.6,"hueRotate":180,"invert":0,"sepia":0},"bgColor":"#ffffff","keybindings":{"synctex":"ctrl-click"}}
[11:30:04] Handle data type: loaded
[11:30:07] PDF command invoked.
[11:30:07] Serving PDF file at http://localhost:39185/viewer.html?file=pdf..JTJGaG9tZSUyRmpvc2glMkZEb2N1bWVudHMlMkZuZXVybyUyRmNvdXJzZXdvcmslMkZyZXBvcnQucGRm
[11:30:07] The encoded path is /home/josh/Documents/neuro/coursework/report.pdf
[11:30:07] Open PDF tab for /home/josh/Documents/neuro/coursework/report.pdf
[11:30:07] Handle data type: open
[11:30:07] Preview PDF file: /home/josh/Documents/neuro/coursework/report.pdf
[11:30:08] Handle data type: request_params
[11:30:08] Sending the settings of the PDF viewer for initialization: {"type":"params","scale":"auto","trim":0,"scrollMode":0,"spreadMode":0,"hand":false,"invertMode":{"enabled":false,"brightness":1,"grayscale":0.6,"hueRotate":180,"invert":0,"sepia":0},"bgColor":"#ffffff","keybindings":{"synctex":"ctrl-click"}}
[11:30:08] Handle data type: loaded
[11:30:10] PDF command invoked.
[11:30:10] Serving PDF file at http://localhost:39185/viewer.html?file=pdf..JTJGaG9tZSUyRmpvc2glMkZEb2N1bWVudHMlMkZuZXVybyUyRmNvdXJzZXdvcmslMkZuazE4MDQ0X3JlcG9ydC5wZGY
[11:30:10] The encoded path is /home/josh/Documents/neuro/coursework/nk18044_report.pdf
[11:30:10] Open PDF tab for /home/josh/Documents/neuro/coursework/nk18044_report.pdf
[11:30:10] Handle data type: open
[11:30:10] Preview PDF file: /home/josh/Documents/neuro/coursework/nk18044_report.pdf
[11:30:10] Handle data type: request_params
[11:30:10] Sending the settings of the PDF viewer for initialization: {"type":"params","scale":"auto","trim":0,"scrollMode":0,"spreadMode":0,"hand":false,"invertMode":{"enabled":false,"brightness":1,"grayscale":0.6,"hueRotate":180,"invert":0,"sepia":0},"bgColor":"#ffffff","keybindings":{"synctex":"ctrl-click"}}
[11:30:10] Handle data type: loaded
[11:30:13] PDF command invoked.
[11:30:13] Serving PDF file at http://localhost:39185/viewer.html?file=pdf..JTJGaG9tZSUyRmpvc2glMkZEb2N1bWVudHMlMkZuZXVybyUyRmNvdXJzZXdvcmslMkZuazE4MDQ0X3JlcG9ydC5wZGY
[11:30:13] The encoded path is /home/josh/Documents/neuro/coursework/nk18044_report.pdf
[11:30:13] Open PDF tab for /home/josh/Documents/neuro/coursework/nk18044_report.pdf
[11:30:13] Handle data type: open
[11:30:13] Preview PDF file: /home/josh/Documents/neuro/coursework/nk18044_report.pdf
[11:30:13] Handle data type: request_params
[11:30:13] Sending the settings of the PDF viewer for initialization: {"type":"params","scale":"auto","trim":0,"scrollMode":0,"spreadMode":0,"hand":false,"invertMode":{"enabled":false,"brightness":1,"grayscale":0.6,"hueRotate":180,"invert":0,"sepia":0},"bgColor":"#ffffff","keybindings":{"synctex":"ctrl-click"}}
[11:30:13] Handle data type: loaded
[11:30:15] PDF file watcher - file deleted: /home/josh/Documents/neuro/coursework/nk18044_report.pdf
[11:30:17] PDF command invoked.
[11:30:17] Serving PDF file at http://localhost:39185/viewer.html?file=pdf..JTJGaG9tZSUyRmpvc2glMkZEb2N1bWVudHMlMkZuZXVybyUyRmNvdXJzZXdvcmslMkZyZXBvcnQucGRm
[11:30:17] The encoded path is /home/josh/Documents/neuro/coursework/report.pdf
[11:30:17] Open PDF tab for /home/josh/Documents/neuro/coursework/report.pdf
[11:30:17] Handle data type: open
[11:30:17] Preview PDF file: /home/josh/Documents/neuro/coursework/report.pdf
[11:30:17] Handle data type: request_params
[11:30:17] Sending the settings of the PDF viewer for initialization: {"type":"params","scale":"auto","trim":0,"scrollMode":0,"spreadMode":0,"hand":false,"invertMode":{"enabled":false,"brightness":1,"grayscale":0.6,"hueRotate":180,"invert":0,"sepia":0},"bgColor":"#ffffff","keybindings":{"synctex":"ctrl-click"}}
[11:30:17] Handle data type: loaded
[11:30:19] PDF command invoked.
[11:30:19] Serving PDF file at http://localhost:39185/viewer.html?file=pdf..JTJGaG9tZSUyRmpvc2glMkZEb2N1bWVudHMlMkZuZXVybyUyRmNvdXJzZXdvcmslMkZyZXBvcnQucGRm
[11:30:19] The encoded path is /home/josh/Documents/neuro/coursework/report.pdf
[11:30:19] Open PDF tab for /home/josh/Documents/neuro/coursework/report.pdf
[11:30:19] Handle data type: open
[11:30:19] Preview PDF file: /home/josh/Documents/neuro/coursework/report.pdf
[11:30:19] Handle data type: request_params
[11:30:19] Sending the settings of the PDF viewer for initialization: {"type":"params","scale":"auto","trim":0,"scrollMode":0,"spreadMode":0,"hand":false,"invertMode":{"enabled":false,"brightness":1,"grayscale":0.6,"hueRotate":180,"invert":0,"sepia":0},"bgColor":"#ffffff","keybindings":{"synctex":"ctrl-click"}}
[11:30:19] Handle data type: loaded
[11:30:27] PDF file watcher - file deleted: /home/josh/Documents/neuro/coursework/report.pdf
[11:34:16] Added to PDF file watcher: /home/josh/Documents/neuro/coursework/nk18044_report.pdf
[11:34:16] PDF command invoked.
[11:34:16] Serving PDF file at http://localhost:39185/viewer.html?file=pdf..JTJGaG9tZSUyRmpvc2glMkZEb2N1bWVudHMlMkZuZXVybyUyRmNvdXJzZXdvcmslMkZuazE4MDQ0X3JlcG9ydC5wZGY
[11:34:16] The encoded path is /home/josh/Documents/neuro/coursework/nk18044_report.pdf
[11:34:16] Open PDF tab for /home/josh/Documents/neuro/coursework/nk18044_report.pdf
[11:34:16] Handle data type: open
[11:34:16] Preview PDF file: /home/josh/Documents/neuro/coursework/nk18044_report.pdf
[11:34:16] Handle data type: request_params
[11:34:16] Sending the settings of the PDF viewer for initialization: {"type":"params","scale":"auto","trim":0,"scrollMode":0,"spreadMode":0,"hand":false,"invertMode":{"enabled":false,"brightness":1,"grayscale":0.6,"hueRotate":180,"invert":0,"sepia":0},"bgColor":"#ffffff","keybindings":{"synctex":"ctrl-click"}}
[11:34:17] Handle data type: loaded
[11:34:18] PDF command invoked.
[11:34:18] Serving PDF file at http://localhost:39185/viewer.html?file=pdf..JTJGaG9tZSUyRmpvc2glMkZEb2N1bWVudHMlMkZuZXVybyUyRmNvdXJzZXdvcmslMkZuazE4MDQ0X3JlcG9ydC5wZGY
[11:34:18] The encoded path is /home/josh/Documents/neuro/coursework/nk18044_report.pdf
[11:34:18] Open PDF tab for /home/josh/Documents/neuro/coursework/nk18044_report.pdf
[11:34:18] Handle data type: open
[11:34:18] Preview PDF file: /home/josh/Documents/neuro/coursework/nk18044_report.pdf
[11:34:18] Handle data type: request_params
[11:34:18] Sending the settings of the PDF viewer for initialization: {"type":"params","scale":"auto","trim":0,"scrollMode":0,"spreadMode":0,"hand":false,"invertMode":{"enabled":false,"brightness":1,"grayscale":0.6,"hueRotate":180,"invert":0,"sepia":0},"bgColor":"#ffffff","keybindings":{"synctex":"ctrl-click"}}
[11:34:19] Handle data type: loaded
