[2020-12-11 09:58:02.772] [exthost] [info] extension host started
[2020-12-11 09:58:03.123] [exthost] [info] ExtensionService#_doActivateExtension vscode.microsoft-authentication {"startup":false,"extensionId":{"value":"vscode.microsoft-authentication","_lower":"vscode.microsoft-authentication"},"activationEvent":"onAuthenticationRequest:microsoft"}
[2020-12-11 09:58:03.123] [exthost] [info] ExtensionService#loadCommonJSModule file:///snap/code/50/usr/share/code/resources/app/extensions/microsoft-authentication/dist/extension.js
[2020-12-11 09:58:03.149] [exthost] [info] ExtensionService#_doActivateExtension vscode.python {"startup":false,"extensionId":{"value":"vscode.python","_lower":"vscode.python"},"activationEvent":"onLanguage:python"}
[2020-12-11 09:58:03.158] [exthost] [info] ExtensionService#loadCommonJSModule file:///snap/code/50/usr/share/code/resources/app/extensions/python/dist/pythonMain
[2020-12-11 09:58:03.163] [exthost] [info] ExtensionService#_doActivateExtension aaron-bond.better-comments {"startup":false,"extensionId":{"value":"aaron-bond.better-comments","_lower":"aaron-bond.better-comments"},"activationEvent":"onLanguage:python"}
[2020-12-11 09:58:03.163] [exthost] [info] ExtensionService#loadCommonJSModule file:///home/josh/.vscode/extensions/aaron-bond.better-comments-2.1.0/out/extension
[2020-12-11 09:58:03.171] [exthost] [info] ExtensionService#_doActivateExtension ms-toolsai.jupyter {"startup":false,"extensionId":{"value":"ms-toolsai.jupyter","_lower":"ms-toolsai.jupyter"},"activationEvent":"onLanguage:python"}
[2020-12-11 09:58:03.171] [exthost] [info] ExtensionService#loadCommonJSModule file:///home/josh/.vscode/extensions/ms-toolsai.jupyter-2020.12.411183155/out/client/extension
[2020-12-11 09:58:03.477] [exthost] [info] ExtensionService#_doActivateExtension VisualStudioExptTeam.vscodeintellicode {"startup":false,"extensionId":{"value":"VisualStudioExptTeam.vscodeintellicode","_lower":"visualstudioexptteam.vscodeintellicode"},"activationEvent":"onLanguage:python"}
[2020-12-11 09:58:03.477] [exthost] [info] ExtensionService#loadCommonJSModule file:///home/josh/.vscode/extensions/visualstudioexptteam.vscodeintellicode-1.2.10/dist/intellicode
[2020-12-11 09:58:03.559] [exthost] [info] ExtensionService#_doActivateExtension vscode.debug-auto-launch {"startup":true,"extensionId":{"value":"vscode.debug-auto-launch","_lower":"vscode.debug-auto-launch"},"activationEvent":"*"}
[2020-12-11 09:58:03.559] [exthost] [info] ExtensionService#loadCommonJSModule file:///snap/code/50/usr/share/code/resources/app/extensions/debug-auto-launch/dist/extension
[2020-12-11 09:58:03.562] [exthost] [info] ExtensionService#_doActivateExtension vscode.emmet {"startup":true,"extensionId":{"value":"vscode.emmet","_lower":"vscode.emmet"},"activationEvent":"*"}
[2020-12-11 09:58:03.570] [exthost] [info] ExtensionService#loadCommonJSModule file:///snap/code/50/usr/share/code/resources/app/extensions/emmet/dist/node/emmetNodeMain
[2020-12-11 09:58:03.600] [exthost] [info] ExtensionService#_doActivateExtension vscode.git {"startup":true,"extensionId":{"value":"vscode.github","_lower":"vscode.github"},"activationEvent":"*"}
[2020-12-11 09:58:03.602] [exthost] [info] ExtensionService#loadCommonJSModule file:///snap/code/50/usr/share/code/resources/app/extensions/git/dist/main
[2020-12-11 09:58:03.713] [exthost] [info] ExtensionService#_doActivateExtension vscode.merge-conflict {"startup":true,"extensionId":{"value":"vscode.merge-conflict","_lower":"vscode.merge-conflict"},"activationEvent":"*"}
[2020-12-11 09:58:03.729] [exthost] [info] ExtensionService#loadCommonJSModule file:///snap/code/50/usr/share/code/resources/app/extensions/merge-conflict/dist/mergeConflictMain
[2020-12-11 09:58:03.739] [exthost] [info] ExtensionService#_doActivateExtension vscode.search-result {"startup":true,"extensionId":{"value":"vscode.search-result","_lower":"vscode.search-result"},"activationEvent":"*"}
[2020-12-11 09:58:03.739] [exthost] [info] ExtensionService#loadCommonJSModule file:///snap/code/50/usr/share/code/resources/app/extensions/search-result/dist/extension.js
[2020-12-11 09:58:03.743] [exthost] [info] ExtensionService#_doActivateExtension artlaman.chalice-icon-theme {"startup":true,"extensionId":{"value":"artlaman.chalice-icon-theme","_lower":"artlaman.chalice-icon-theme"},"activationEvent":"*"}
[2020-12-11 09:58:03.743] [exthost] [info] ExtensionService#loadCommonJSModule file:///home/josh/.vscode/extensions/artlaman.chalice-icon-theme-1.2.9/dist/extension.js
[2020-12-11 09:58:03.755] [exthost] [info] ExtensionService#_doActivateExtension christian-kohler.path-intellisense {"startup":true,"extensionId":{"value":"christian-kohler.path-intellisense","_lower":"christian-kohler.path-intellisense"},"activationEvent":"*"}
[2020-12-11 09:58:03.755] [exthost] [info] ExtensionService#loadCommonJSModule file:///home/josh/.vscode/extensions/christian-kohler.path-intellisense-2.3.0/out/extension.js
[2020-12-11 09:58:03.792] [exthost] [info] ExtensionService#_doActivateExtension CoenraadS.bracket-pair-colorizer {"startup":true,"extensionId":{"value":"CoenraadS.bracket-pair-colorizer","_lower":"coenraads.bracket-pair-colorizer"},"activationEvent":"*"}
[2020-12-11 09:58:03.793] [exthost] [info] ExtensionService#loadCommonJSModule file:///home/josh/.vscode/extensions/coenraads.bracket-pair-colorizer-1.0.61/out/src/extension
[2020-12-11 09:58:03.819] [exthost] [info] ExtensionService#_doActivateExtension monokai.theme-monokai-pro-vscode {"startup":true,"extensionId":{"value":"monokai.theme-monokai-pro-vscode","_lower":"monokai.theme-monokai-pro-vscode"},"activationEvent":"*"}
[2020-12-11 09:58:03.819] [exthost] [info] ExtensionService#loadCommonJSModule file:///home/josh/.vscode/extensions/monokai.theme-monokai-pro-vscode-1.1.18/js/main
[2020-12-11 09:58:03.822] [exthost] [info] ExtensionService#_doActivateExtension PKief.material-icon-theme {"startup":true,"extensionId":{"value":"PKief.material-icon-theme","_lower":"pkief.material-icon-theme"},"activationEvent":"*"}
[2020-12-11 09:58:03.822] [exthost] [info] ExtensionService#loadCommonJSModule file:///home/josh/.vscode/extensions/pkief.material-icon-theme-4.4.0/dist/extension
[2020-12-11 09:58:03.829] [exthost] [info] ExtensionService#_doActivateExtension Shan.code-settings-sync {"startup":true,"extensionId":{"value":"Shan.code-settings-sync","_lower":"shan.code-settings-sync"},"activationEvent":"*"}
[2020-12-11 09:58:03.829] [exthost] [info] ExtensionService#loadCommonJSModule file:///home/josh/.vscode/extensions/shan.code-settings-sync-3.4.3/out/extension.js
[2020-12-11 09:58:03.877] [exthost] [info] ExtensionService#_doActivateExtension streetsidesoftware.code-spell-checker {"startup":true,"extensionId":{"value":"streetsidesoftware.code-spell-checker","_lower":"streetsidesoftware.code-spell-checker"},"activationEvent":"*"}
[2020-12-11 09:58:03.877] [exthost] [info] ExtensionService#loadCommonJSModule file:///home/josh/.vscode/extensions/streetsidesoftware.code-spell-checker-1.10.2/dist/extension.js
[2020-12-11 09:58:03.906] [exthost] [info] ExtensionService#_doActivateExtension vscodevim.vim {"startup":true,"extensionId":{"value":"vscodevim.vim","_lower":"vscodevim.vim"},"activationEvent":"*"}
[2020-12-11 09:58:03.906] [exthost] [info] ExtensionService#loadCommonJSModule file:///home/josh/.vscode/extensions/vscodevim.vim-1.18.4/out/extension
[2020-12-11 09:58:03.959] [exthost] [info] ExtensionService#_doActivateExtension Wscats.eno {"startup":true,"extensionId":{"value":"Wscats.eno","_lower":"wscats.eno"},"activationEvent":"*"}
[2020-12-11 09:58:03.959] [exthost] [info] ExtensionService#loadCommonJSModule file:///home/josh/.vscode/extensions/wscats.eno-2.3.39/out/extension.js
[2020-12-11 09:58:07.005] [exthost] [info] ExtensionService#_doActivateExtension vscode.github {"startup":true,"extensionId":{"value":"vscode.github","_lower":"vscode.github"},"activationEvent":"*"}
[2020-12-11 09:58:07.005] [exthost] [info] ExtensionService#loadCommonJSModule file:///snap/code/50/usr/share/code/resources/app/extensions/github/dist/extension.js
[2020-12-11 09:58:09.147] [exthost] [info] ExtensionService#_doActivateExtension ms-vscode.js-debug {"startup":false,"extensionId":{"value":"ms-vscode.js-debug","_lower":"ms-vscode.js-debug"},"activationEvent":"onCommand:extension.js-debug.clearAutoAttachVariables"}
[2020-12-11 09:58:09.147] [exthost] [info] ExtensionService#loadCommonJSModule file:///snap/code/50/usr/share/code/resources/app/extensions/ms-vscode.js-debug/src/extension.js
[2020-12-11 09:58:09.318] [exthost] [info] eager extensions activated
[2020-12-11 09:58:09.391] [exthost] [info] ExtensionService#_doActivateExtension ms-python.python {"startup":false,"extensionId":{"value":"ms-toolsai.jupyter","_lower":"ms-toolsai.jupyter"},"activationEvent":"api"}
[2020-12-11 09:58:09.391] [exthost] [info] ExtensionService#loadCommonJSModule file:///home/josh/.vscode/extensions/ms-python.python-2020.11.371526539/out/client/extension
[2020-12-11 09:58:09.518] [exthost] [info] ExtensionService#_doActivateExtension eamodio.gitlens {"startup":false,"extensionId":{"value":"eamodio.gitlens","_lower":"eamodio.gitlens"},"activationEvent":"onStartupFinished"}
[2020-12-11 09:58:09.518] [exthost] [info] ExtensionService#loadCommonJSModule file:///home/josh/.vscode/extensions/eamodio.gitlens-11.0.6/dist/gitlens
[2020-12-11 09:58:09.811] [exthost] [info] ExtensionService#_doActivateExtension vscode.github-authentication {"startup":false,"extensionId":{"value":"vscode.github-authentication","_lower":"vscode.github-authentication"},"activationEvent":"onAuthenticationRequest:github"}
[2020-12-11 09:58:09.812] [exthost] [info] ExtensionService#loadCommonJSModule file:///snap/code/50/usr/share/code/resources/app/extensions/github-authentication/dist/extension.js
[2020-12-11 09:58:11.429] [exthost] [info] ExtensionService#_doActivateExtension ms-python.vscode-pylance {"startup":false,"extensionId":{"value":"ms-python.python","_lower":"ms-python.python"},"activationEvent":"api"}
[2020-12-11 09:58:11.429] [exthost] [info] ExtensionService#loadCommonJSModule file:///home/josh/.vscode/extensions/ms-python.vscode-pylance-2020.12.1/dist/extension.bundle.js
[2020-12-11 10:04:23.695] [exthost] [error] [ms-python.python] provider FAILED
[2020-12-11 10:04:23.696] [exthost] [error] Canceled: Canceled
	at b.makeCancelError (/home/josh/.vscode/extensions/ms-python.python-2020.11.371526539/out/client/extension.js:1:169220)
	at b.handleFailedRequest (/home/josh/.vscode/extensions/ms-python.python-2020.11.371526539/out/client/extension.js:1:169074)
	at /home/josh/.vscode/extensions/ms-python.python-2020.11.371526539/out/client/extension.js:1:131852
[2020-12-11 10:04:28.910] [exthost] [error] [ms-python.python] provider FAILED
[2020-12-11 10:04:28.910] [exthost] [error] Canceled: Canceled
	at b.makeCancelError (/home/josh/.vscode/extensions/ms-python.python-2020.11.371526539/out/client/extension.js:1:169220)
	at b.handleFailedRequest (/home/josh/.vscode/extensions/ms-python.python-2020.11.371526539/out/client/extension.js:1:169074)
	at /home/josh/.vscode/extensions/ms-python.python-2020.11.371526539/out/client/extension.js:1:131852
[2020-12-11 10:04:33.176] [exthost] [error] [ms-python.python] provider FAILED
[2020-12-11 10:04:33.176] [exthost] [error] Canceled: Canceled
	at b.makeCancelError (/home/josh/.vscode/extensions/ms-python.python-2020.11.371526539/out/client/extension.js:1:169220)
	at b.handleFailedRequest (/home/josh/.vscode/extensions/ms-python.python-2020.11.371526539/out/client/extension.js:1:169074)
	at /home/josh/.vscode/extensions/ms-python.python-2020.11.371526539/out/client/extension.js:1:139430
[2020-12-11 10:05:54.389] [exthost] [info] ExtensionService#_doActivateExtension vscode.debug-server-ready {"startup":false,"extensionId":{"value":"vscode.debug-server-ready","_lower":"vscode.debug-server-ready"},"activationEvent":"onDebugResolve"}
[2020-12-11 10:05:54.389] [exthost] [info] ExtensionService#loadCommonJSModule file:///snap/code/50/usr/share/code/resources/app/extensions/debug-server-ready/dist/extension
[2020-12-11 10:07:32.872] [exthost] [error] [ms-python.python] provider FAILED
[2020-12-11 10:07:32.872] [exthost] [error] Canceled: Canceled
	at b.makeCancelError (/home/josh/.vscode/extensions/ms-python.python-2020.11.371526539/out/client/extension.js:1:169220)
	at b.handleFailedRequest (/home/josh/.vscode/extensions/ms-python.python-2020.11.371526539/out/client/extension.js:1:169074)
	at /home/josh/.vscode/extensions/ms-python.python-2020.11.371526539/out/client/extension.js:1:131852
[2020-12-11 10:07:37.906] [exthost] [error] [ms-python.python] provider FAILED
[2020-12-11 10:07:37.906] [exthost] [error] Canceled: Canceled
	at b.makeCancelError (/home/josh/.vscode/extensions/ms-python.python-2020.11.371526539/out/client/extension.js:1:169220)
	at b.handleFailedRequest (/home/josh/.vscode/extensions/ms-python.python-2020.11.371526539/out/client/extension.js:1:169074)
	at /home/josh/.vscode/extensions/ms-python.python-2020.11.371526539/out/client/extension.js:1:131852
[2020-12-11 10:07:42.662] [exthost] [error] [ms-python.python] provider FAILED
[2020-12-11 10:07:42.662] [exthost] [error] Canceled: Canceled
	at b.makeCancelError (/home/josh/.vscode/extensions/ms-python.python-2020.11.371526539/out/client/extension.js:1:169220)
	at b.handleFailedRequest (/home/josh/.vscode/extensions/ms-python.python-2020.11.371526539/out/client/extension.js:1:169074)
	at /home/josh/.vscode/extensions/ms-python.python-2020.11.371526539/out/client/extension.js:1:131852
[2020-12-11 10:08:22.848] [exthost] [error] [ms-python.python] provider FAILED
[2020-12-11 10:08:22.848] [exthost] [error] Canceled: Canceled
	at b.makeCancelError (/home/josh/.vscode/extensions/ms-python.python-2020.11.371526539/out/client/extension.js:1:169220)
	at b.handleFailedRequest (/home/josh/.vscode/extensions/ms-python.python-2020.11.371526539/out/client/extension.js:1:169074)
	at /home/josh/.vscode/extensions/ms-python.python-2020.11.371526539/out/client/extension.js:1:131852
[2020-12-11 10:08:31.898] [exthost] [error] [ms-python.python] provider FAILED
[2020-12-11 10:08:31.898] [exthost] [error] Canceled: Canceled
	at b.makeCancelError (/home/josh/.vscode/extensions/ms-python.python-2020.11.371526539/out/client/extension.js:1:169220)
	at b.handleFailedRequest (/home/josh/.vscode/extensions/ms-python.python-2020.11.371526539/out/client/extension.js:1:169074)
	at /home/josh/.vscode/extensions/ms-python.python-2020.11.371526539/out/client/extension.js:1:131852
[2020-12-11 10:10:52.727] [exthost] [info] ExtensionService#_doActivateExtension James-Yu.latex-workshop {"startup":false,"extensionId":{"value":"James-Yu.latex-workshop","_lower":"james-yu.latex-workshop"},"activationEvent":"onWebviewPanel:latex-workshop-pdf"}
[2020-12-11 10:10:52.728] [exthost] [info] ExtensionService#loadCommonJSModule file:///home/josh/.vscode/extensions/james-yu.latex-workshop-8.15.0/out/src/main.js
[2020-12-11 10:10:52.956] [exthost] [warning] DiagnosticCollection with name 'BibTeX' does already exist.
[2020-12-11 10:11:05.345] [exthost] [info] ExtensionService#_doActivateExtension JeffersonQin.latex-snippets-jeff {"startup":false,"extensionId":{"value":"JeffersonQin.latex-snippets-jeff","_lower":"jeffersonqin.latex-snippets-jeff"},"activationEvent":"onLanguage:latex"}
[2020-12-11 10:11:05.345] [exthost] [info] ExtensionService#loadCommonJSModule file:///home/josh/.vscode/extensions/jeffersonqin.latex-snippets-jeff-1.2.3/src/extension.js
[2020-12-11 11:08:46.485] [exthost] [error] [ms-python.python] provider FAILED
[2020-12-11 11:08:46.485] [exthost] [error] Canceled: Canceled
	at b.makeCancelError (/home/josh/.vscode/extensions/ms-python.python-2020.11.371526539/out/client/extension.js:1:169220)
	at b.handleFailedRequest (/home/josh/.vscode/extensions/ms-python.python-2020.11.371526539/out/client/extension.js:1:169074)
	at /home/josh/.vscode/extensions/ms-python.python-2020.11.371526539/out/client/extension.js:1:131852
[2020-12-11 11:11:09.030] [exthost] [error] [ms-python.python] provider FAILED
[2020-12-11 11:11:09.030] [exthost] [error] Canceled: Canceled
	at b.makeCancelError (/home/josh/.vscode/extensions/ms-python.python-2020.11.371526539/out/client/extension.js:1:169220)
	at b.handleFailedRequest (/home/josh/.vscode/extensions/ms-python.python-2020.11.371526539/out/client/extension.js:1:169074)
	at /home/josh/.vscode/extensions/ms-python.python-2020.11.371526539/out/client/extension.js:1:131852
[2020-12-11 11:32:03.903] [exthost] [error] [ms-python.python] provider FAILED
[2020-12-11 11:32:03.903] [exthost] [error] Canceled: Canceled
	at b.makeCancelError (/home/josh/.vscode/extensions/ms-python.python-2020.11.371526539/out/client/extension.js:1:169220)
	at b.handleFailedRequest (/home/josh/.vscode/extensions/ms-python.python-2020.11.371526539/out/client/extension.js:1:169074)
	at /home/josh/.vscode/extensions/ms-python.python-2020.11.371526539/out/client/extension.js:1:131852
[2020-12-11 11:33:27.727] [exthost] [error] [ms-python.python] provider FAILED
[2020-12-11 11:33:27.727] [exthost] [error] Canceled: Canceled
	at b.makeCancelError (/home/josh/.vscode/extensions/ms-python.python-2020.11.371526539/out/client/extension.js:1:169220)
	at b.handleFailedRequest (/home/josh/.vscode/extensions/ms-python.python-2020.11.371526539/out/client/extension.js:1:169074)
	at /home/josh/.vscode/extensions/ms-python.python-2020.11.371526539/out/client/extension.js:1:139430
[2020-12-11 11:33:30.604] [exthost] [error] [ms-python.python] provider FAILED
[2020-12-11 11:33:30.604] [exthost] [error] Canceled: Canceled
	at b.makeCancelError (/home/josh/.vscode/extensions/ms-python.python-2020.11.371526539/out/client/extension.js:1:169220)
	at b.handleFailedRequest (/home/josh/.vscode/extensions/ms-python.python-2020.11.371526539/out/client/extension.js:1:169074)
	at /home/josh/.vscode/extensions/ms-python.python-2020.11.371526539/out/client/extension.js:1:139430
[2020-12-11 11:33:33.195] [exthost] [error] [ms-python.python] provider FAILED
[2020-12-11 11:33:33.195] [exthost] [error] Canceled: Canceled
	at b.makeCancelError (/home/josh/.vscode/extensions/ms-python.python-2020.11.371526539/out/client/extension.js:1:169220)
	at b.handleFailedRequest (/home/josh/.vscode/extensions/ms-python.python-2020.11.371526539/out/client/extension.js:1:169074)
	at /home/josh/.vscode/extensions/ms-python.python-2020.11.371526539/out/client/extension.js:1:139430
[2020-12-11 11:33:39.524] [exthost] [error] [ms-python.python] provider FAILED
[2020-12-11 11:33:39.524] [exthost] [error] Canceled: Canceled
	at b.makeCancelError (/home/josh/.vscode/extensions/ms-python.python-2020.11.371526539/out/client/extension.js:1:169220)
	at b.handleFailedRequest (/home/josh/.vscode/extensions/ms-python.python-2020.11.371526539/out/client/extension.js:1:169074)
	at /home/josh/.vscode/extensions/ms-python.python-2020.11.371526539/out/client/extension.js:1:131852
[2020-12-11 11:33:44.189] [exthost] [error] [ms-python.python] provider FAILED
[2020-12-11 11:33:44.189] [exthost] [error] Canceled: Canceled
	at b.makeCancelError (/home/josh/.vscode/extensions/ms-python.python-2020.11.371526539/out/client/extension.js:1:169220)
	at b.handleFailedRequest (/home/josh/.vscode/extensions/ms-python.python-2020.11.371526539/out/client/extension.js:1:169074)
	at /home/josh/.vscode/extensions/ms-python.python-2020.11.371526539/out/client/extension.js:1:131852
[2020-12-11 11:34:16.367] [exthost] [error] [ms-python.python] provider FAILED
[2020-12-11 11:34:16.367] [exthost] [error] Canceled: Canceled
	at b.makeCancelError (/home/josh/.vscode/extensions/ms-python.python-2020.11.371526539/out/client/extension.js:1:169220)
	at b.handleFailedRequest (/home/josh/.vscode/extensions/ms-python.python-2020.11.371526539/out/client/extension.js:1:169074)
	at /home/josh/.vscode/extensions/ms-python.python-2020.11.371526539/out/client/extension.js:1:136550
[2020-12-11 11:34:16.477] [exthost] [warning] TextEditor is closed/disposed
[2020-12-11 11:34:17.168] [exthost] [error] [ms-python.python] provider FAILED
[2020-12-11 11:34:17.168] [exthost] [error] Canceled: Canceled
	at b.makeCancelError (/home/josh/.vscode/extensions/ms-python.python-2020.11.371526539/out/client/extension.js:1:169220)
	at b.handleFailedRequest (/home/josh/.vscode/extensions/ms-python.python-2020.11.371526539/out/client/extension.js:1:169074)
	at /home/josh/.vscode/extensions/ms-python.python-2020.11.371526539/out/client/extension.js:1:135500
[2020-12-11 11:34:17.516] [exthost] [error] [ms-python.python] provider FAILED
[2020-12-11 11:34:17.516] [exthost] [error] Canceled: Canceled
	at b.makeCancelError (/home/josh/.vscode/extensions/ms-python.python-2020.11.371526539/out/client/extension.js:1:169220)
	at b.handleFailedRequest (/home/josh/.vscode/extensions/ms-python.python-2020.11.371526539/out/client/extension.js:1:169074)
	at /home/josh/.vscode/extensions/ms-python.python-2020.11.371526539/out/client/extension.js:1:139430
