[2021-01-15 15:00:49.938] [exthost] [info] extension host started
[2021-01-15 15:00:50.128] [exthost] [info] ExtensionService#_doActivateExtension vscode.microsoft-authentication {"startup":false,"extensionId":{"value":"vscode.microsoft-authentication","_lower":"vscode.microsoft-authentication"},"activationEvent":"onAuthenticationRequest:microsoft"}
[2021-01-15 15:00:50.128] [exthost] [info] ExtensionService#loadCommonJSModule file:///snap/code/52/usr/share/code/resources/app/extensions/microsoft-authentication/dist/extension.js
[2021-01-15 15:00:50.135] [exthost] [info] ExtensionService#_doActivateExtension aaron-bond.better-comments {"startup":false,"extensionId":{"value":"aaron-bond.better-comments","_lower":"aaron-bond.better-comments"},"activationEvent":"onLanguage:plaintext"}
[2021-01-15 15:00:50.135] [exthost] [info] ExtensionService#loadCommonJSModule file:///home/josh/.vscode/extensions/aaron-bond.better-comments-2.1.0/out/extension
[2021-01-15 15:00:50.136] [exthost] [info] ExtensionService#_doActivateExtension vscode.debug-auto-launch {"startup":true,"extensionId":{"value":"vscode.debug-auto-launch","_lower":"vscode.debug-auto-launch"},"activationEvent":"*"}
[2021-01-15 15:00:50.136] [exthost] [info] ExtensionService#loadCommonJSModule file:///snap/code/52/usr/share/code/resources/app/extensions/debug-auto-launch/dist/extension
[2021-01-15 15:00:50.144] [exthost] [info] ExtensionService#_doActivateExtension vscode.emmet {"startup":true,"extensionId":{"value":"vscode.emmet","_lower":"vscode.emmet"},"activationEvent":"*"}
[2021-01-15 15:00:50.144] [exthost] [info] ExtensionService#loadCommonJSModule file:///snap/code/52/usr/share/code/resources/app/extensions/emmet/dist/node/emmetNodeMain
[2021-01-15 15:00:50.341] [exthost] [info] ExtensionService#_doActivateExtension vscode.git {"startup":true,"extensionId":{"value":"vscode.github","_lower":"vscode.github"},"activationEvent":"*"}
[2021-01-15 15:00:50.341] [exthost] [info] ExtensionService#loadCommonJSModule file:///snap/code/52/usr/share/code/resources/app/extensions/git/dist/main
[2021-01-15 15:00:50.554] [exthost] [info] ExtensionService#_doActivateExtension vscode.merge-conflict {"startup":true,"extensionId":{"value":"vscode.merge-conflict","_lower":"vscode.merge-conflict"},"activationEvent":"*"}
[2021-01-15 15:00:50.554] [exthost] [info] ExtensionService#loadCommonJSModule file:///snap/code/52/usr/share/code/resources/app/extensions/merge-conflict/dist/mergeConflictMain
[2021-01-15 15:00:50.563] [exthost] [info] ExtensionService#_doActivateExtension vscode.search-result {"startup":true,"extensionId":{"value":"vscode.search-result","_lower":"vscode.search-result"},"activationEvent":"*"}
[2021-01-15 15:00:50.563] [exthost] [info] ExtensionService#loadCommonJSModule file:///snap/code/52/usr/share/code/resources/app/extensions/search-result/dist/extension.js
[2021-01-15 15:00:50.574] [exthost] [info] ExtensionService#_doActivateExtension artlaman.chalice-icon-theme {"startup":true,"extensionId":{"value":"artlaman.chalice-icon-theme","_lower":"artlaman.chalice-icon-theme"},"activationEvent":"*"}
[2021-01-15 15:00:50.574] [exthost] [info] ExtensionService#loadCommonJSModule file:///home/josh/.vscode/extensions/artlaman.chalice-icon-theme-1.2.10/dist/extension.js
[2021-01-15 15:00:50.585] [exthost] [info] ExtensionService#_doActivateExtension christian-kohler.path-intellisense {"startup":true,"extensionId":{"value":"christian-kohler.path-intellisense","_lower":"christian-kohler.path-intellisense"},"activationEvent":"*"}
[2021-01-15 15:00:50.585] [exthost] [info] ExtensionService#loadCommonJSModule file:///home/josh/.vscode/extensions/christian-kohler.path-intellisense-2.3.0/out/extension.js
[2021-01-15 15:00:50.631] [exthost] [info] ExtensionService#_doActivateExtension CoenraadS.bracket-pair-colorizer {"startup":true,"extensionId":{"value":"CoenraadS.bracket-pair-colorizer","_lower":"coenraads.bracket-pair-colorizer"},"activationEvent":"*"}
[2021-01-15 15:00:50.631] [exthost] [info] ExtensionService#loadCommonJSModule file:///home/josh/.vscode/extensions/coenraads.bracket-pair-colorizer-1.0.61/out/src/extension
[2021-01-15 15:00:50.654] [exthost] [info] ExtensionService#_doActivateExtension monokai.theme-monokai-pro-vscode {"startup":true,"extensionId":{"value":"monokai.theme-monokai-pro-vscode","_lower":"monokai.theme-monokai-pro-vscode"},"activationEvent":"*"}
[2021-01-15 15:00:50.654] [exthost] [info] ExtensionService#loadCommonJSModule file:///home/josh/.vscode/extensions/monokai.theme-monokai-pro-vscode-1.1.18/js/main
[2021-01-15 15:00:50.657] [exthost] [info] ExtensionService#_doActivateExtension PKief.material-icon-theme {"startup":true,"extensionId":{"value":"PKief.material-icon-theme","_lower":"pkief.material-icon-theme"},"activationEvent":"*"}
[2021-01-15 15:00:50.657] [exthost] [info] ExtensionService#loadCommonJSModule file:///home/josh/.vscode/extensions/pkief.material-icon-theme-4.5.0/dist/extension
[2021-01-15 15:00:50.666] [exthost] [info] ExtensionService#_doActivateExtension Shan.code-settings-sync {"startup":true,"extensionId":{"value":"Shan.code-settings-sync","_lower":"shan.code-settings-sync"},"activationEvent":"*"}
[2021-01-15 15:00:50.666] [exthost] [info] ExtensionService#loadCommonJSModule file:///home/josh/.vscode/extensions/shan.code-settings-sync-3.4.3/out/extension.js
[2021-01-15 15:00:50.724] [exthost] [info] ExtensionService#_doActivateExtension streetsidesoftware.code-spell-checker {"startup":true,"extensionId":{"value":"streetsidesoftware.code-spell-checker","_lower":"streetsidesoftware.code-spell-checker"},"activationEvent":"*"}
[2021-01-15 15:00:50.724] [exthost] [info] ExtensionService#loadCommonJSModule file:///home/josh/.vscode/extensions/streetsidesoftware.code-spell-checker-1.10.2/dist/extension.js
[2021-01-15 15:00:50.764] [exthost] [info] ExtensionService#_doActivateExtension vscodevim.vim {"startup":true,"extensionId":{"value":"vscodevim.vim","_lower":"vscodevim.vim"},"activationEvent":"*"}
[2021-01-15 15:00:50.764] [exthost] [info] ExtensionService#loadCommonJSModule file:///home/josh/.vscode/extensions/vscodevim.vim-1.18.5/out/extension
[2021-01-15 15:00:51.048] [exthost] [info] ExtensionService#_doActivateExtension vscode.github {"startup":true,"extensionId":{"value":"vscode.github","_lower":"vscode.github"},"activationEvent":"*"}
[2021-01-15 15:00:51.048] [exthost] [info] ExtensionService#loadCommonJSModule file:///snap/code/52/usr/share/code/resources/app/extensions/github/dist/extension.js
[2021-01-15 15:00:51.065] [exthost] [info] ExtensionService#_doActivateExtension ms-vscode.js-debug {"startup":false,"extensionId":{"value":"ms-vscode.js-debug","_lower":"ms-vscode.js-debug"},"activationEvent":"onCommand:extension.js-debug.clearAutoAttachVariables"}
[2021-01-15 15:00:51.065] [exthost] [info] ExtensionService#loadCommonJSModule file:///snap/code/52/usr/share/code/resources/app/extensions/ms-vscode.js-debug/src/extension.js
[2021-01-15 15:00:51.196] [exthost] [info] eager extensions activated
[2021-01-15 15:00:51.209] [exthost] [info] ExtensionService#_doActivateExtension eamodio.gitlens {"startup":false,"extensionId":{"value":"eamodio.gitlens","_lower":"eamodio.gitlens"},"activationEvent":"onStartupFinished"}
[2021-01-15 15:00:51.209] [exthost] [info] ExtensionService#loadCommonJSModule file:///home/josh/.vscode/extensions/eamodio.gitlens-11.1.3/dist/gitlens
[2021-01-15 15:00:51.262] [exthost] [info] ExtensionService#_doActivateExtension formulahendry.code-runner {"startup":false,"extensionId":{"value":"formulahendry.code-runner","_lower":"formulahendry.code-runner"},"activationEvent":"onStartupFinished"}
[2021-01-15 15:00:51.266] [exthost] [info] ExtensionService#loadCommonJSModule file:///home/josh/.vscode/extensions/formulahendry.code-runner-0.11.2/out/src/extension
[2021-01-15 15:00:51.509] [exthost] [info] ExtensionService#_doActivateExtension vscode.github-authentication {"startup":false,"extensionId":{"value":"vscode.github-authentication","_lower":"vscode.github-authentication"},"activationEvent":"onAuthenticationRequest:github"}
[2021-01-15 15:00:51.516] [exthost] [info] ExtensionService#loadCommonJSModule file:///snap/code/52/usr/share/code/resources/app/extensions/github-authentication/dist/extension.js
