[2021-01-13 16:21:23.075] [sharedprocess] [info] main {"machineId":"6b23a2a8dc338ab76b127016bd3b856f50fe9ea12036efd05239d4f4773c6a2c","windowId":4}
[2021-01-13 16:21:23.409] [sharedprocess] [info] Deleted from disk vscodevim.vim /home/josh/.vscode/extensions/vscodevim.vim-1.18.4
[2021-01-13 16:21:23.423] [sharedprocess] [info] Deleted from disk ms-toolsai.jupyter /home/josh/.vscode/extensions/ms-toolsai.jupyter-2020.12.411183155
[2021-01-13 16:21:26.835] [sharedprocess] [info] Installing extension: artlaman.chalice-icon-theme
[2021-01-13 16:21:26.836] [sharedprocess] [info] Installing extension: dan-c-underwood.arm
[2021-01-13 16:21:26.836] [sharedprocess] [info] Installing extension: eamodio.gitlens
[2021-01-13 16:21:26.836] [sharedprocess] [info] Installing extension: formulahendry.code-runner
[2021-01-13 16:21:26.836] [sharedprocess] [info] Installing extension: ms-azuretools.vscode-docker
[2021-01-13 16:21:26.837] [sharedprocess] [info] Installing extension: ms-python.python
[2021-01-13 16:21:26.837] [sharedprocess] [info] Installing extension: ms-python.vscode-pylance
[2021-01-13 16:21:26.837] [sharedprocess] [info] Installing extension: ms-vscode-remote.remote-ssh
[2021-01-13 16:21:26.837] [sharedprocess] [info] Installing extension: pkief.material-icon-theme
[2021-01-13 16:21:26.837] [sharedprocess] [info] Installing extension: redhat.java
[2021-01-13 16:21:26.838] [sharedprocess] [info] Installing extension: redhat.vscode-yaml
[2021-01-13 16:21:26.838] [sharedprocess] [info] Installing extension: shubham-saudolla.lilac
[2021-01-13 16:21:26.838] [sharedprocess] [info] Installing extension: vscjava.vscode-java-debug
[2021-01-13 16:21:26.838] [sharedprocess] [info] Installing extension: vscjava.vscode-java-dependency
[2021-01-13 16:21:26.839] [sharedprocess] [info] Installing extension: vscjava.vscode-java-pack
[2021-01-13 16:21:26.839] [sharedprocess] [info] Installing extension: vscjava.vscode-java-test
[2021-01-13 16:21:26.839] [sharedprocess] [info] Installing extension: vscjava.vscode-maven
[2021-01-13 16:21:26.839] [sharedprocess] [info] Installing extension: wscats.eno
[2021-01-13 16:21:28.160] [sharedprocess] [info] Downloaded extension: dan-c-underwood.arm undefined
[2021-01-13 16:21:28.247] [sharedprocess] [info] Extracted extension to /home/josh/.vscode/extensions/.dan-c-underwood.arm-1.5.0: dan-c-underwood.arm
[2021-01-13 16:21:28.247] [sharedprocess] [info] Renamed to /home/josh/.vscode/extensions/dan-c-underwood.arm-1.5.0
[2021-01-13 16:21:28.253] [sharedprocess] [info] Installation completed. dan-c-underwood.arm
[2021-01-13 16:21:28.267] [sharedprocess] [info] Extensions installed successfully: dan-c-underwood.arm
[2021-01-13 16:21:28.302] [sharedprocess] [info] Downloaded extension: artlaman.chalice-icon-theme undefined
[2021-01-13 16:21:28.347] [sharedprocess] [info] Extracted extension to /home/josh/.vscode/extensions/.artlaman.chalice-icon-theme-1.2.10: artlaman.chalice-icon-theme
[2021-01-13 16:21:28.348] [sharedprocess] [info] Renamed to /home/josh/.vscode/extensions/artlaman.chalice-icon-theme-1.2.10
[2021-01-13 16:21:28.349] [sharedprocess] [info] Installation completed. artlaman.chalice-icon-theme
[2021-01-13 16:21:28.357] [sharedprocess] [info] Extensions installed successfully: artlaman.chalice-icon-theme
[2021-01-13 16:21:28.493] [sharedprocess] [info] Downloaded extension: shubham-saudolla.lilac undefined
[2021-01-13 16:21:28.513] [sharedprocess] [info] Extracted extension to /home/josh/.vscode/extensions/.shubham-saudolla.lilac-1.2.6: shubham-saudolla.lilac
[2021-01-13 16:21:28.513] [sharedprocess] [info] Renamed to /home/josh/.vscode/extensions/shubham-saudolla.lilac-1.2.6
[2021-01-13 16:21:28.515] [sharedprocess] [info] Installation completed. shubham-saudolla.lilac
[2021-01-13 16:21:28.520] [sharedprocess] [info] Extensions installed successfully: shubham-saudolla.lilac
[2021-01-13 16:21:29.854] [sharedprocess] [info] Downloaded extension: pkief.material-icon-theme undefined
[2021-01-13 16:21:30.757] [sharedprocess] [info] Downloaded extension: ms-vscode-remote.remote-ssh undefined
[2021-01-13 16:21:31.139] [sharedprocess] [info] Downloaded extension: eamodio.gitlens undefined
[2021-01-13 16:21:31.480] [sharedprocess] [info] Downloaded extension: ms-azuretools.vscode-docker undefined
[2021-01-13 16:21:31.793] [sharedprocess] [info] Downloaded extension: formulahendry.code-runner undefined
[2021-01-13 16:21:31.876] [sharedprocess] [info] Extracted extension to /home/josh/.vscode/extensions/.ms-vscode-remote.remote-ssh-0.62.0: ms-vscode-remote.remote-ssh
[2021-01-13 16:21:31.876] [sharedprocess] [info] Renamed to /home/josh/.vscode/extensions/ms-vscode-remote.remote-ssh-0.62.0
[2021-01-13 16:21:31.880] [sharedprocess] [info] Installation completed. ms-vscode-remote.remote-ssh
[2021-01-13 16:21:31.906] [sharedprocess] [info] Extensions installed successfully: ms-vscode-remote.remote-ssh
[2021-01-13 16:21:32.383] [sharedprocess] [info] Downloaded extension: vscjava.vscode-java-dependency undefined
[2021-01-13 16:21:32.506] [sharedprocess] [info] Extracted extension to /home/josh/.vscode/extensions/.vscjava.vscode-java-dependency-0.16.0: vscjava.vscode-java-dependency
[2021-01-13 16:21:32.506] [sharedprocess] [info] Renamed to /home/josh/.vscode/extensions/vscjava.vscode-java-dependency-0.16.0
[2021-01-13 16:21:32.507] [sharedprocess] [info] Installation completed. vscjava.vscode-java-dependency
[2021-01-13 16:21:32.529] [sharedprocess] [info] Extensions installed successfully: vscjava.vscode-java-dependency
[2021-01-13 16:21:32.657] [sharedprocess] [info] Extracted extension to /home/josh/.vscode/extensions/.formulahendry.code-runner-0.11.2: formulahendry.code-runner
[2021-01-13 16:21:32.659] [sharedprocess] [info] Renamed to /home/josh/.vscode/extensions/formulahendry.code-runner-0.11.2
[2021-01-13 16:21:32.661] [sharedprocess] [info] Installation completed. formulahendry.code-runner
[2021-01-13 16:21:32.670] [sharedprocess] [info] Extensions installed successfully: formulahendry.code-runner
[2021-01-13 16:21:32.683] [sharedprocess] [info] Extracted extension to /home/josh/.vscode/extensions/.pkief.material-icon-theme-4.5.0: pkief.material-icon-theme
[2021-01-13 16:21:32.683] [sharedprocess] [info] Renamed to /home/josh/.vscode/extensions/pkief.material-icon-theme-4.5.0
[2021-01-13 16:21:32.684] [sharedprocess] [info] Installation completed. pkief.material-icon-theme
[2021-01-13 16:21:32.689] [sharedprocess] [info] Extensions installed successfully: pkief.material-icon-theme
[2021-01-13 16:21:32.793] [sharedprocess] [info] Extracted extension to /home/josh/.vscode/extensions/.eamodio.gitlens-11.1.3: eamodio.gitlens
[2021-01-13 16:21:32.793] [sharedprocess] [info] Renamed to /home/josh/.vscode/extensions/eamodio.gitlens-11.1.3
[2021-01-13 16:21:32.798] [sharedprocess] [info] Installation completed. eamodio.gitlens
[2021-01-13 16:21:32.812] [sharedprocess] [info] Extensions installed successfully: eamodio.gitlens
[2021-01-13 16:21:32.910] [sharedprocess] [info] Extracted extension to /home/josh/.vscode/extensions/.ms-azuretools.vscode-docker-1.9.0: ms-azuretools.vscode-docker
[2021-01-13 16:21:32.910] [sharedprocess] [info] Renamed to /home/josh/.vscode/extensions/ms-azuretools.vscode-docker-1.9.0
[2021-01-13 16:21:32.915] [sharedprocess] [info] Installation completed. ms-azuretools.vscode-docker
[2021-01-13 16:21:33.051] [sharedprocess] [info] Extensions installed successfully: ms-azuretools.vscode-docker
[2021-01-13 16:21:33.078] [sharedprocess] [info] Downloaded extension: vscjava.vscode-java-pack undefined
[2021-01-13 16:21:33.145] [sharedprocess] [info] Extracted extension to /home/josh/.vscode/extensions/.vscjava.vscode-java-pack-0.12.1: vscjava.vscode-java-pack
[2021-01-13 16:21:33.145] [sharedprocess] [info] Renamed to /home/josh/.vscode/extensions/vscjava.vscode-java-pack-0.12.1
[2021-01-13 16:21:33.145] [sharedprocess] [info] Installation completed. vscjava.vscode-java-pack
[2021-01-13 16:21:33.150] [sharedprocess] [info] Extensions installed successfully: vscjava.vscode-java-pack
[2021-01-13 16:21:42.895] [sharedprocess] [info] Downloaded extension: vscjava.vscode-java-test undefined
[2021-01-13 16:21:42.989] [sharedprocess] [info] Extracted extension to /home/josh/.vscode/extensions/.vscjava.vscode-java-test-0.27.0: vscjava.vscode-java-test
[2021-01-13 16:21:42.989] [sharedprocess] [info] Renamed to /home/josh/.vscode/extensions/vscjava.vscode-java-test-0.27.0
[2021-01-13 16:21:42.990] [sharedprocess] [info] Installation completed. vscjava.vscode-java-test
[2021-01-13 16:21:43.100] [sharedprocess] [info] Extensions installed successfully: vscjava.vscode-java-test
[2021-01-13 16:21:43.744] [sharedprocess] [info] Downloaded extension: vscjava.vscode-java-debug undefined
[2021-01-13 16:21:43.794] [sharedprocess] [info] Extracted extension to /home/josh/.vscode/extensions/.vscjava.vscode-java-debug-0.30.0: vscjava.vscode-java-debug
[2021-01-13 16:21:43.794] [sharedprocess] [info] Renamed to /home/josh/.vscode/extensions/vscjava.vscode-java-debug-0.30.0
[2021-01-13 16:21:43.795] [sharedprocess] [info] Installation completed. vscjava.vscode-java-debug
[2021-01-13 16:21:43.799] [sharedprocess] [info] Extensions installed successfully: vscjava.vscode-java-debug
[2021-01-13 16:21:46.746] [sharedprocess] [info] Downloaded extension: redhat.vscode-yaml undefined
[2021-01-13 16:21:47.975] [sharedprocess] [info] Extracted extension to /home/josh/.vscode/extensions/.redhat.vscode-yaml-0.14.0: redhat.vscode-yaml
[2021-01-13 16:21:47.975] [sharedprocess] [info] Renamed to /home/josh/.vscode/extensions/redhat.vscode-yaml-0.14.0
[2021-01-13 16:21:47.976] [sharedprocess] [info] Installation completed. redhat.vscode-yaml
[2021-01-13 16:21:47.989] [sharedprocess] [info] Extensions installed successfully: redhat.vscode-yaml
[2021-01-13 16:21:53.476] [sharedprocess] [info] Downloaded extension: vscjava.vscode-maven undefined
[2021-01-13 16:21:53.722] [sharedprocess] [info] Extracted extension to /home/josh/.vscode/extensions/.vscjava.vscode-maven-0.27.1: vscjava.vscode-maven
[2021-01-13 16:21:53.722] [sharedprocess] [info] Renamed to /home/josh/.vscode/extensions/vscjava.vscode-maven-0.27.1
[2021-01-13 16:21:53.723] [sharedprocess] [info] Installation completed. vscjava.vscode-maven
[2021-01-13 16:21:53.727] [sharedprocess] [info] Extensions installed successfully: vscjava.vscode-maven
[2021-01-13 16:21:57.694] [sharedprocess] [info] Downloaded extension: wscats.eno undefined
[2021-01-13 16:22:03.096] [sharedprocess] [info] Starting to clean up unused language packs.
[2021-01-13 16:22:03.175] [sharedprocess] [info] Extracted extension to /home/josh/.vscode/extensions/.wscats.eno-2.3.53: wscats.eno
[2021-01-13 16:22:03.175] [sharedprocess] [info] Renamed to /home/josh/.vscode/extensions/wscats.eno-2.3.53
[2021-01-13 16:22:03.176] [sharedprocess] [info] Installation completed. wscats.eno
[2021-01-13 16:22:03.186] [sharedprocess] [info] Extensions installed successfully: wscats.eno
[2021-01-13 16:22:03.933] [sharedprocess] [info] Downloaded extension: ms-python.vscode-pylance undefined
[2021-01-13 16:22:04.707] [sharedprocess] [info] Downloaded extension: ms-python.python undefined
[2021-01-13 16:22:05.759] [sharedprocess] [info] Extracted extension to /home/josh/.vscode/extensions/.ms-python.vscode-pylance-2021.1.0: ms-python.vscode-pylance
[2021-01-13 16:22:05.759] [sharedprocess] [info] Renamed to /home/josh/.vscode/extensions/ms-python.vscode-pylance-2021.1.0
[2021-01-13 16:22:05.761] [sharedprocess] [info] Installation completed. ms-python.vscode-pylance
[2021-01-13 16:22:05.840] [sharedprocess] [info] Extensions installed successfully: ms-python.vscode-pylance
[2021-01-13 16:22:06.551] [sharedprocess] [info] Extracted extension to /home/josh/.vscode/extensions/.ms-python.python-2020.12.424452561: ms-python.python
[2021-01-13 16:22:06.551] [sharedprocess] [info] Renamed to /home/josh/.vscode/extensions/ms-python.python-2020.12.424452561
[2021-01-13 16:22:06.554] [sharedprocess] [info] Installation completed. ms-python.python
[2021-01-13 16:22:06.641] [sharedprocess] [info] Extensions installed successfully: ms-python.python
[2021-01-13 16:22:11.970] [sharedprocess] [info] Downloaded extension: redhat.java undefined
[2021-01-13 16:22:12.754] [sharedprocess] [info] Extracted extension to /home/josh/.vscode/extensions/.redhat.java-0.73.0: redhat.java
[2021-01-13 16:22:12.754] [sharedprocess] [info] Renamed to /home/josh/.vscode/extensions/redhat.java-0.73.0
[2021-01-13 16:22:12.755] [sharedprocess] [info] Installation completed. redhat.java
[2021-01-13 16:22:12.762] [sharedprocess] [info] Extensions installed successfully: redhat.java
