[16:38:17] Initializing LaTeX Workshop.
[16:38:17] Extension root: /home/josh/.vscode/extensions/james-yu.latex-workshop-8.15.0
[16:38:17] Creating PDF file watcher.
[16:38:17] Creating LaTeX Workshop http and websocket server.
[16:38:17] LaTeX Workshop initialized.
[16:38:17] Current workspace folders: ["file:///home/josh/Documents/formal-notes/year-3/IPCV"]
[16:38:17] Current workspaceRootDir: /home/josh/Documents/formal-notes/year-3/IPCV
[16:38:17] Server created on 127.0.0.1:39729
[16:38:17] Snippet data loaded.
[16:38:17] LaTeX Workshop version: 8.15.0
[16:51:07] BUILD command invoked.
[16:51:07] The document of the active editor: file:///home/josh/Documents/formal-notes/year-3/IPCV/ipcv.tex
[16:51:07] The languageId of the document: latex
[16:51:07] Current workspace folders: ["file:///home/josh/Documents/formal-notes/year-3/IPCV"]
[16:51:07] Current workspaceRootDir: /home/josh/Documents/formal-notes/year-3/IPCV
[16:51:07] Found root file from active editor: /home/josh/Documents/formal-notes/year-3/IPCV/ipcv.tex
[16:51:07] Root file changed: from undefined to /home/josh/Documents/formal-notes/year-3/IPCV/ipcv.tex
[16:51:07] Start to find all dependencies.
[16:51:07] Root file languageId: latex
[16:51:07] Instantiating a new file watcher for /home/josh/Documents/formal-notes/year-3/IPCV/ipcv.tex
[16:51:07] Creating Bib file watcher.
[16:51:07] Parsing a file and its subfiles: /home/josh/Documents/formal-notes/year-3/IPCV/ipcv.tex
[16:51:07] Parse fls file.
[16:51:07] Cannot find fls file: /home/josh/Documents/formal-notes/year-3/IPCV/ipcv.fls
[16:51:07] Building root file: /home/josh/Documents/formal-notes/year-3/IPCV/ipcv.tex
[16:51:07] Added to file watcher: /home/josh/Documents/formal-notes/year-3/IPCV/ipcv.tex
[16:51:07] Build root file /home/josh/Documents/formal-notes/year-3/IPCV/ipcv.tex
[16:51:08] Recipe step 1: latexmk, -synctex=1,-interaction=nonstopmode,-file-line-error,-pdf,-outdir=/home/josh/Documents/formal-notes/year-3/IPCV,/home/josh/Documents/formal-notes/year-3/IPCV/ipcv
[16:51:08] Recipe step env: {}
[16:51:08] cwd: /home/josh/Documents/formal-notes/year-3/IPCV
[16:51:08] LaTeX build process spawned. PID: 5052.
[16:51:10] LaTeX log parsed with 1 messages.
[16:51:10] Recipe of length 1 finished. PID: 5052.
[16:51:10] Successfully built /home/josh/Documents/formal-notes/year-3/IPCV/ipcv.tex.
[16:51:10] No PDF viewer connected for /home/josh/Documents/formal-notes/year-3/IPCV/ipcv.pdf
[16:51:10] Parse fls file.
[16:51:10] Fls file found: /home/josh/Documents/formal-notes/year-3/IPCV/ipcv.fls
[16:51:10] Parse aux file: /home/josh/Documents/formal-notes/year-3/IPCV/ipcv.aux
[16:51:14] Added to PDF file watcher: /home/josh/Documents/formal-notes/year-3/IPCV/ipcv.pdf
[16:51:14] Current workspace folders: ["file:///home/josh/Documents/formal-notes/year-3/IPCV"]
[16:51:14] Current workspaceRootDir: /home/josh/Documents/formal-notes/year-3/IPCV
[16:51:14] Found root file from active editor: /home/josh/Documents/formal-notes/year-3/IPCV/ipcv.tex
[16:51:14] Keep using the same root file: /home/josh/Documents/formal-notes/year-3/IPCV/ipcv.tex
[16:51:14] PDF command invoked.
[16:51:14] Serving PDF file at http://localhost:39729/viewer.html?file=pdf..JTJGaG9tZSUyRmpvc2glMkZEb2N1bWVudHMlMkZmb3JtYWwtbm90ZXMlMkZ5ZWFyLTMlMkZJUENWJTJGaXBjdi5wZGY
[16:51:14] The encoded path is /home/josh/Documents/formal-notes/year-3/IPCV/ipcv.pdf
[16:51:14] Open PDF tab for /home/josh/Documents/formal-notes/year-3/IPCV/ipcv.pdf
[16:51:14] Handle data type: open
[16:51:14] Preview PDF file: /home/josh/Documents/formal-notes/year-3/IPCV/ipcv.pdf
[16:51:14] Handle data type: request_params
[16:51:14] Sending the settings of the PDF viewer for initialization: {"type":"params","scale":"auto","trim":0,"scrollMode":0,"spreadMode":0,"hand":false,"invertMode":{"enabled":false,"brightness":1,"grayscale":0.6,"hueRotate":180,"invert":0,"sepia":0},"bgColor":"#ffffff","keybindings":{"synctex":"ctrl-click"}}
[16:51:14] Handle data type: loaded
[16:51:21] Current workspace folders: ["file:///home/josh/Documents/formal-notes/year-3/IPCV"]
[16:51:21] Current workspaceRootDir: /home/josh/Documents/formal-notes/year-3/IPCV
[16:51:21] Found root file from active editor: /home/josh/Documents/formal-notes/year-3/IPCV/ipcv.tex
[16:51:21] Keep using the same root file: /home/josh/Documents/formal-notes/year-3/IPCV/ipcv.tex
[16:51:29] Current workspace folders: ["file:///home/josh/Documents/formal-notes/year-3/IPCV"]
[16:51:29] Current workspaceRootDir: /home/josh/Documents/formal-notes/year-3/IPCV
[16:51:29] Found root file from active editor: /home/josh/Documents/formal-notes/year-3/IPCV/ipcv.tex
[16:51:29] Keep using the same root file: /home/josh/Documents/formal-notes/year-3/IPCV/ipcv.tex
[16:59:52] File watcher - file changed: /home/josh/Documents/formal-notes/year-3/IPCV/ipcv.tex
[16:59:52] Parsing a file and its subfiles: /home/josh/Documents/formal-notes/year-3/IPCV/ipcv.tex
[16:59:52] Parse fls file.
[16:59:52] Fls file found: /home/josh/Documents/formal-notes/year-3/IPCV/ipcv.fls
[16:59:52] Parse aux file: /home/josh/Documents/formal-notes/year-3/IPCV/ipcv.aux
[16:59:52] Auto build started detecting the change of a file: /home/josh/Documents/formal-notes/year-3/IPCV/ipcv.tex
[16:59:52] BUILD command invoked.
[16:59:52] The document of the active editor: file:///home/josh/Documents/formal-notes/year-3/IPCV/ipcv.tex
[16:59:52] The languageId of the document: latex
[16:59:52] Building root file: /home/josh/Documents/formal-notes/year-3/IPCV/ipcv.tex
[16:59:52] Build root file /home/josh/Documents/formal-notes/year-3/IPCV/ipcv.tex
[16:59:52] Recipe step 1: latexmk, -synctex=1,-interaction=nonstopmode,-file-line-error,-pdf,-outdir=/home/josh/Documents/formal-notes/year-3/IPCV,/home/josh/Documents/formal-notes/year-3/IPCV/ipcv
[16:59:52] Recipe step env: {}
[16:59:52] cwd: /home/josh/Documents/formal-notes/year-3/IPCV
[16:59:52] LaTeX build process spawned. PID: 5215.
[16:59:54] LaTeX log parsed with 1 messages.
[16:59:54] Recipe of length 1 finished. PID: 5215.
[16:59:54] Successfully built /home/josh/Documents/formal-notes/year-3/IPCV/ipcv.tex.
[16:59:54] Refresh PDF viewer for /home/josh/Documents/formal-notes/year-3/IPCV/ipcv.pdf
[16:59:54] Parse fls file.
[16:59:54] Fls file found: /home/josh/Documents/formal-notes/year-3/IPCV/ipcv.fls
[16:59:54] Parse aux file: /home/josh/Documents/formal-notes/year-3/IPCV/ipcv.aux
[16:59:54] Preview PDF file: /home/josh/Documents/formal-notes/year-3/IPCV/ipcv.pdf
[16:59:54] Handle data type: loaded
[16:59:56] PDF file watcher - file changed: /home/josh/Documents/formal-notes/year-3/IPCV/ipcv.pdf
[16:59:56] Preview PDF file: /home/josh/Documents/formal-notes/year-3/IPCV/ipcv.pdf
[16:59:56] Handle data type: loaded
[17:00:34] File watcher - file changed: /home/josh/Documents/formal-notes/year-3/IPCV/ipcv.tex
[17:00:34] Parsing a file and its subfiles: /home/josh/Documents/formal-notes/year-3/IPCV/ipcv.tex
[17:00:34] Parse fls file.
[17:00:34] Fls file found: /home/josh/Documents/formal-notes/year-3/IPCV/ipcv.fls
[17:00:34] Parse aux file: /home/josh/Documents/formal-notes/year-3/IPCV/ipcv.aux
[17:00:34] Auto build started detecting the change of a file: /home/josh/Documents/formal-notes/year-3/IPCV/ipcv.tex
[17:00:34] BUILD command invoked.
[17:00:34] The document of the active editor: file:///home/josh/Documents/formal-notes/year-3/IPCV/ipcv.tex
[17:00:34] The languageId of the document: latex
[17:00:34] Building root file: /home/josh/Documents/formal-notes/year-3/IPCV/ipcv.tex
[17:00:34] Build root file /home/josh/Documents/formal-notes/year-3/IPCV/ipcv.tex
[17:00:34] Recipe step 1: latexmk, -synctex=1,-interaction=nonstopmode,-file-line-error,-pdf,-outdir=/home/josh/Documents/formal-notes/year-3/IPCV,/home/josh/Documents/formal-notes/year-3/IPCV/ipcv
[17:00:34] Recipe step env: {}
[17:00:34] cwd: /home/josh/Documents/formal-notes/year-3/IPCV
[17:00:34] LaTeX build process spawned. PID: 5274.
[17:00:35] LaTeX log parsed with 47 messages.
[17:00:35] Recipe returns with error: 12/null. PID: 5274. message: Latexmk: This is Latexmk, John Collins, 26 Dec. 2019, version: 4.67.
Rule 'pdflatex': File changes, etc:
   Changed files, or newly in use since previous run(s):
      '/home/josh/Documents/formal-notes/year-3/IPCV/ipcv.tex'
      'ipcv.tex'
------------
Run number 1 of rule 'pdflatex'
------------
------------
Running 'pdflatex  -synctex=1 -interaction=nonstopmode -file-line-error -recorder -output-directory="/home/josh/Documents/formal-notes/year-3/IPCV"  "/home/josh/Documents/formal-notes/year-3/IPCV/ipcv.tex"'
------------
Latexmk: Log file says output to 'ipcv.pdf'
Collected error summary (may duplicate other messages):
  pdflatex: Command for 'pdflatex' gave return code 1
      Refer to '/home/josh/Documents/formal-notes/year-3/IPCV/ipcv.log' for details
Latexmk: Use the -f option to force complete processing,
 unless error was exceeding maximum runs, or warnings treated as errors.
.
[17:00:35] The environment variable $PATH: /home/josh/.zinit/polaris/sbin:/home/josh/.zinit/polaris/bin:/home/josh/anaconda3/bin:/home/josh/bin:/usr/local/bin:/home/josh/.local/bin:/usr/local/sbin:/usr/local/bin:/usr/sbin:/usr/bin:/sbin:/bin:/usr/games:/usr/local/games:/snap/bin:/home/josh/.fzf/bin
[17:00:35] The environment variable $SHELL: /usr/bin/zsh
[17:00:35] Cleaning auxiliary files and retrying build after toolchain error.
[17:00:35] File cleaned: /home/josh/Documents/formal-notes/year-3/IPCV/ipcv.out
[17:00:35] File cleaned: /home/josh/Documents/formal-notes/year-3/IPCV/ipcv.fls
[17:00:35] File cleaned: /home/josh/Documents/formal-notes/year-3/IPCV/ipcv.log
[17:00:35] File cleaned: /home/josh/Documents/formal-notes/year-3/IPCV/ipcv.fdb_latexmk
[17:00:35] File cleaned: /home/josh/Documents/formal-notes/year-3/IPCV/ipcv.toc
[17:00:35] File cleaned: /home/josh/Documents/formal-notes/year-3/IPCV/ipcv.aux
[17:00:35] Recipe step 1: latexmk, -synctex=1,-interaction=nonstopmode,-file-line-error,-pdf,-outdir=/home/josh/Documents/formal-notes/year-3/IPCV,/home/josh/Documents/formal-notes/year-3/IPCV/ipcv
[17:00:35] Recipe step env: {}
[17:00:35] cwd: /home/josh/Documents/formal-notes/year-3/IPCV
[17:00:35] LaTeX build process spawned. PID: 5287.
[17:00:36] LaTeX log parsed with 48 messages.
[17:00:36] Recipe returns with error: 12/null. PID: 5287. message: Latexmk: This is Latexmk, John Collins, 26 Dec. 2019, version: 4.67.
Rule 'pdflatex': The following rules & subrules became out-of-date:
      'pdflatex'
------------
Run number 1 of rule 'pdflatex'
------------
------------
Running 'pdflatex  -synctex=1 -interaction=nonstopmode -file-line-error -recorder -output-directory="/home/josh/Documents/formal-notes/year-3/IPCV"  "/home/josh/Documents/formal-notes/year-3/IPCV/ipcv.tex"'
------------
Latexmk: References changed.
Latexmk: Log file says output to 'ipcv.pdf'
Collected error summary (may duplicate other messages):
  pdflatex: Command for 'pdflatex' gave return code 1
      Refer to '/home/josh/Documents/formal-notes/year-3/IPCV/ipcv.log' for details
Latexmk: Use the -f option to force complete processing,
 unless error was exceeding maximum runs, or warnings treated as errors.
.
[17:00:36] The environment variable $PATH: /home/josh/.zinit/polaris/sbin:/home/josh/.zinit/polaris/bin:/home/josh/anaconda3/bin:/home/josh/bin:/usr/local/bin:/home/josh/.local/bin:/usr/local/sbin:/usr/local/bin:/usr/sbin:/usr/bin:/sbin:/bin:/usr/games:/usr/local/games:/snap/bin:/home/josh/.fzf/bin
[17:00:36] The environment variable $SHELL: /usr/bin/zsh
[17:00:38] PDF file watcher - file changed: /home/josh/Documents/formal-notes/year-3/IPCV/ipcv.pdf
[17:00:38] Preview PDF file: /home/josh/Documents/formal-notes/year-3/IPCV/ipcv.pdf
[17:00:38] Handle data type: loaded
[17:00:40] File watcher - file changed: /home/josh/Documents/formal-notes/year-3/IPCV/ipcv.tex
[17:00:40] Parsing a file and its subfiles: /home/josh/Documents/formal-notes/year-3/IPCV/ipcv.tex
[17:00:40] Parse fls file.
[17:00:40] Fls file found: /home/josh/Documents/formal-notes/year-3/IPCV/ipcv.fls
[17:00:40] Parse aux file: /home/josh/Documents/formal-notes/year-3/IPCV/ipcv.aux
[17:00:40] Auto build started detecting the change of a file: /home/josh/Documents/formal-notes/year-3/IPCV/ipcv.tex
[17:00:40] BUILD command invoked.
[17:00:40] The document of the active editor: file:///home/josh/Documents/formal-notes/year-3/IPCV/ipcv.tex
[17:00:40] The languageId of the document: latex
[17:00:40] Building root file: /home/josh/Documents/formal-notes/year-3/IPCV/ipcv.tex
[17:00:40] Build root file /home/josh/Documents/formal-notes/year-3/IPCV/ipcv.tex
[17:00:40] Recipe step 1: latexmk, -synctex=1,-interaction=nonstopmode,-file-line-error,-pdf,-outdir=/home/josh/Documents/formal-notes/year-3/IPCV,/home/josh/Documents/formal-notes/year-3/IPCV/ipcv
[17:00:40] Recipe step env: {}
[17:00:40] cwd: /home/josh/Documents/formal-notes/year-3/IPCV
[17:00:41] LaTeX build process spawned. PID: 5312.
[17:00:42] LaTeX log parsed with 1 messages.
[17:00:42] Recipe of length 1 finished. PID: 5312.
[17:00:42] Successfully built /home/josh/Documents/formal-notes/year-3/IPCV/ipcv.tex.
[17:00:42] Refresh PDF viewer for /home/josh/Documents/formal-notes/year-3/IPCV/ipcv.pdf
[17:00:42] Parse fls file.
[17:00:42] Fls file found: /home/josh/Documents/formal-notes/year-3/IPCV/ipcv.fls
[17:00:42] Parse aux file: /home/josh/Documents/formal-notes/year-3/IPCV/ipcv.aux
[17:00:42] Preview PDF file: /home/josh/Documents/formal-notes/year-3/IPCV/ipcv.pdf
[17:00:42] Handle data type: loaded
[17:00:44] PDF file watcher - file changed: /home/josh/Documents/formal-notes/year-3/IPCV/ipcv.pdf
[17:00:44] Preview PDF file: /home/josh/Documents/formal-notes/year-3/IPCV/ipcv.pdf
[17:00:44] Handle data type: loaded
[17:00:53] File watcher - file changed: /home/josh/Documents/formal-notes/year-3/IPCV/ipcv.tex
[17:00:53] Parsing a file and its subfiles: /home/josh/Documents/formal-notes/year-3/IPCV/ipcv.tex
[17:00:53] Parse fls file.
[17:00:53] Fls file found: /home/josh/Documents/formal-notes/year-3/IPCV/ipcv.fls
[17:00:53] Parse aux file: /home/josh/Documents/formal-notes/year-3/IPCV/ipcv.aux
[17:00:53] Auto build started detecting the change of a file: /home/josh/Documents/formal-notes/year-3/IPCV/ipcv.tex
[17:00:53] BUILD command invoked.
[17:00:53] The document of the active editor: file:///home/josh/Documents/formal-notes/year-3/IPCV/ipcv.tex
[17:00:53] The languageId of the document: latex
[17:00:53] Building root file: /home/josh/Documents/formal-notes/year-3/IPCV/ipcv.tex
[17:00:53] Build root file /home/josh/Documents/formal-notes/year-3/IPCV/ipcv.tex
[17:00:53] Recipe step 1: latexmk, -synctex=1,-interaction=nonstopmode,-file-line-error,-pdf,-outdir=/home/josh/Documents/formal-notes/year-3/IPCV,/home/josh/Documents/formal-notes/year-3/IPCV/ipcv
[17:00:53] Recipe step env: {}
[17:00:53] cwd: /home/josh/Documents/formal-notes/year-3/IPCV
[17:00:53] LaTeX build process spawned. PID: 5342.
[17:00:54] LaTeX log parsed with 1 messages.
[17:00:54] Recipe of length 1 finished. PID: 5342.
[17:00:54] Successfully built /home/josh/Documents/formal-notes/year-3/IPCV/ipcv.tex.
[17:00:54] Refresh PDF viewer for /home/josh/Documents/formal-notes/year-3/IPCV/ipcv.pdf
[17:00:54] Parse fls file.
[17:00:54] Fls file found: /home/josh/Documents/formal-notes/year-3/IPCV/ipcv.fls
[17:00:54] Parse aux file: /home/josh/Documents/formal-notes/year-3/IPCV/ipcv.aux
[17:00:54] Preview PDF file: /home/josh/Documents/formal-notes/year-3/IPCV/ipcv.pdf
[17:00:54] Handle data type: loaded
[17:00:56] PDF file watcher - file changed: /home/josh/Documents/formal-notes/year-3/IPCV/ipcv.pdf
[17:00:56] Preview PDF file: /home/josh/Documents/formal-notes/year-3/IPCV/ipcv.pdf
[17:00:56] Handle data type: loaded
[17:00:56] File watcher - file changed: /home/josh/Documents/formal-notes/year-3/IPCV/ipcv.tex
[17:00:56] Parsing a file and its subfiles: /home/josh/Documents/formal-notes/year-3/IPCV/ipcv.tex
[17:00:56] Parse fls file.
[17:00:56] Fls file found: /home/josh/Documents/formal-notes/year-3/IPCV/ipcv.fls
[17:00:56] Parse aux file: /home/josh/Documents/formal-notes/year-3/IPCV/ipcv.aux
[17:00:56] Auto build started detecting the change of a file: /home/josh/Documents/formal-notes/year-3/IPCV/ipcv.tex
[17:00:56] BUILD command invoked.
[17:00:56] The document of the active editor: file:///home/josh/Documents/formal-notes/year-3/IPCV/ipcv.tex
[17:00:56] The languageId of the document: latex
[17:00:56] Building root file: /home/josh/Documents/formal-notes/year-3/IPCV/ipcv.tex
[17:00:56] Build root file /home/josh/Documents/formal-notes/year-3/IPCV/ipcv.tex
[17:00:56] Recipe step 1: latexmk, -synctex=1,-interaction=nonstopmode,-file-line-error,-pdf,-outdir=/home/josh/Documents/formal-notes/year-3/IPCV,/home/josh/Documents/formal-notes/year-3/IPCV/ipcv
[17:00:56] Recipe step env: {}
[17:00:56] cwd: /home/josh/Documents/formal-notes/year-3/IPCV
[17:00:56] LaTeX build process spawned. PID: 5375.
[17:00:57] LaTeX log parsed with 1 messages.
[17:00:57] Recipe of length 1 finished. PID: 5375.
[17:00:57] Successfully built /home/josh/Documents/formal-notes/year-3/IPCV/ipcv.tex.
[17:00:57] Refresh PDF viewer for /home/josh/Documents/formal-notes/year-3/IPCV/ipcv.pdf
[17:00:57] Parse fls file.
[17:00:57] Fls file found: /home/josh/Documents/formal-notes/year-3/IPCV/ipcv.fls
[17:00:57] Parse aux file: /home/josh/Documents/formal-notes/year-3/IPCV/ipcv.aux
[17:00:57] Preview PDF file: /home/josh/Documents/formal-notes/year-3/IPCV/ipcv.pdf
[17:00:57] Handle data type: loaded
[17:00:59] PDF file watcher - file changed: /home/josh/Documents/formal-notes/year-3/IPCV/ipcv.pdf
[17:00:59] Preview PDF file: /home/josh/Documents/formal-notes/year-3/IPCV/ipcv.pdf
[17:00:59] Handle data type: loaded
[17:01:01] File watcher - file changed: /home/josh/Documents/formal-notes/year-3/IPCV/ipcv.tex
[17:01:01] Parsing a file and its subfiles: /home/josh/Documents/formal-notes/year-3/IPCV/ipcv.tex
[17:01:01] Parse fls file.
[17:01:01] Fls file found: /home/josh/Documents/formal-notes/year-3/IPCV/ipcv.fls
[17:01:01] Parse aux file: /home/josh/Documents/formal-notes/year-3/IPCV/ipcv.aux
[17:01:01] Auto build started detecting the change of a file: /home/josh/Documents/formal-notes/year-3/IPCV/ipcv.tex
[17:01:01] BUILD command invoked.
[17:01:01] The document of the active editor: file:///home/josh/Documents/formal-notes/year-3/IPCV/ipcv.tex
[17:01:01] The languageId of the document: latex
[17:01:01] Building root file: /home/josh/Documents/formal-notes/year-3/IPCV/ipcv.tex
[17:01:01] Build root file /home/josh/Documents/formal-notes/year-3/IPCV/ipcv.tex
[17:01:01] Recipe step 1: latexmk, -synctex=1,-interaction=nonstopmode,-file-line-error,-pdf,-outdir=/home/josh/Documents/formal-notes/year-3/IPCV,/home/josh/Documents/formal-notes/year-3/IPCV/ipcv
[17:01:01] Recipe step env: {}
[17:01:01] cwd: /home/josh/Documents/formal-notes/year-3/IPCV
[17:01:01] LaTeX build process spawned. PID: 5390.
[17:01:02] LaTeX log parsed with 1 messages.
[17:01:02] Recipe of length 1 finished. PID: 5390.
[17:01:02] Successfully built /home/josh/Documents/formal-notes/year-3/IPCV/ipcv.tex.
[17:01:02] Refresh PDF viewer for /home/josh/Documents/formal-notes/year-3/IPCV/ipcv.pdf
[17:01:02] Parse fls file.
[17:01:02] Fls file found: /home/josh/Documents/formal-notes/year-3/IPCV/ipcv.fls
[17:01:02] Parse aux file: /home/josh/Documents/formal-notes/year-3/IPCV/ipcv.aux
[17:01:02] Preview PDF file: /home/josh/Documents/formal-notes/year-3/IPCV/ipcv.pdf
[17:01:02] Handle data type: loaded
[17:01:04] PDF file watcher - file changed: /home/josh/Documents/formal-notes/year-3/IPCV/ipcv.pdf
[17:01:04] Preview PDF file: /home/josh/Documents/formal-notes/year-3/IPCV/ipcv.pdf
[17:01:04] Handle data type: loaded
[17:01:04] File watcher - file changed: /home/josh/Documents/formal-notes/year-3/IPCV/ipcv.tex
[17:01:04] Parsing a file and its subfiles: /home/josh/Documents/formal-notes/year-3/IPCV/ipcv.tex
[17:01:04] Parse fls file.
[17:01:04] Fls file found: /home/josh/Documents/formal-notes/year-3/IPCV/ipcv.fls
[17:01:04] Parse aux file: /home/josh/Documents/formal-notes/year-3/IPCV/ipcv.aux
[17:01:04] Auto build started detecting the change of a file: /home/josh/Documents/formal-notes/year-3/IPCV/ipcv.tex
[17:01:04] BUILD command invoked.
[17:01:04] The document of the active editor: file:///home/josh/Documents/formal-notes/year-3/IPCV/ipcv.tex
[17:01:04] The languageId of the document: latex
[17:01:04] Building root file: /home/josh/Documents/formal-notes/year-3/IPCV/ipcv.tex
[17:01:04] Build root file /home/josh/Documents/formal-notes/year-3/IPCV/ipcv.tex
[17:01:04] Recipe step 1: latexmk, -synctex=1,-interaction=nonstopmode,-file-line-error,-pdf,-outdir=/home/josh/Documents/formal-notes/year-3/IPCV,/home/josh/Documents/formal-notes/year-3/IPCV/ipcv
[17:01:04] Recipe step env: {}
[17:01:04] cwd: /home/josh/Documents/formal-notes/year-3/IPCV
[17:01:04] LaTeX build process spawned. PID: 5406.
[17:01:05] LaTeX log parsed with 1 messages.
[17:01:05] Recipe of length 1 finished. PID: 5406.
[17:01:05] Successfully built /home/josh/Documents/formal-notes/year-3/IPCV/ipcv.tex.
[17:01:05] Refresh PDF viewer for /home/josh/Documents/formal-notes/year-3/IPCV/ipcv.pdf
[17:01:05] Parse fls file.
[17:01:05] Fls file found: /home/josh/Documents/formal-notes/year-3/IPCV/ipcv.fls
[17:01:05] Parse aux file: /home/josh/Documents/formal-notes/year-3/IPCV/ipcv.aux
[17:01:05] Preview PDF file: /home/josh/Documents/formal-notes/year-3/IPCV/ipcv.pdf
[17:01:05] Handle data type: loaded
[17:01:07] PDF file watcher - file changed: /home/josh/Documents/formal-notes/year-3/IPCV/ipcv.pdf
[17:01:07] Preview PDF file: /home/josh/Documents/formal-notes/year-3/IPCV/ipcv.pdf
[17:01:07] Handle data type: loaded
[17:01:44] File watcher - file changed: /home/josh/Documents/formal-notes/year-3/IPCV/ipcv.tex
[17:01:44] Parsing a file and its subfiles: /home/josh/Documents/formal-notes/year-3/IPCV/ipcv.tex
[17:01:44] Parse fls file.
[17:01:44] Fls file found: /home/josh/Documents/formal-notes/year-3/IPCV/ipcv.fls
[17:01:44] Parse aux file: /home/josh/Documents/formal-notes/year-3/IPCV/ipcv.aux
[17:01:44] Auto build started detecting the change of a file: /home/josh/Documents/formal-notes/year-3/IPCV/ipcv.tex
[17:01:44] BUILD command invoked.
[17:01:44] The document of the active editor: file:///home/josh/Documents/formal-notes/year-3/IPCV/ipcv.tex
[17:01:44] The languageId of the document: latex
[17:01:44] Building root file: /home/josh/Documents/formal-notes/year-3/IPCV/ipcv.tex
[17:01:44] Build root file /home/josh/Documents/formal-notes/year-3/IPCV/ipcv.tex
[17:01:44] Recipe step 1: latexmk, -synctex=1,-interaction=nonstopmode,-file-line-error,-pdf,-outdir=/home/josh/Documents/formal-notes/year-3/IPCV,/home/josh/Documents/formal-notes/year-3/IPCV/ipcv
[17:01:44] Recipe step env: {}
[17:01:44] cwd: /home/josh/Documents/formal-notes/year-3/IPCV
[17:01:44] LaTeX build process spawned. PID: 5459.
[17:01:46] LaTeX log parsed with 1 messages.
[17:01:46] Recipe of length 1 finished. PID: 5459.
[17:01:46] Successfully built /home/josh/Documents/formal-notes/year-3/IPCV/ipcv.tex.
[17:01:46] Refresh PDF viewer for /home/josh/Documents/formal-notes/year-3/IPCV/ipcv.pdf
[17:01:46] Parse fls file.
[17:01:46] Fls file found: /home/josh/Documents/formal-notes/year-3/IPCV/ipcv.fls
[17:01:46] Parse aux file: /home/josh/Documents/formal-notes/year-3/IPCV/ipcv.aux
[17:01:46] Preview PDF file: /home/josh/Documents/formal-notes/year-3/IPCV/ipcv.pdf
[17:01:46] Handle data type: loaded
[17:01:48] PDF file watcher - file changed: /home/josh/Documents/formal-notes/year-3/IPCV/ipcv.pdf
[17:01:48] Preview PDF file: /home/josh/Documents/formal-notes/year-3/IPCV/ipcv.pdf
[17:01:48] Handle data type: loaded
[17:05:29] File watcher - file changed: /home/josh/Documents/formal-notes/year-3/IPCV/ipcv.tex
[17:05:29] Parsing a file and its subfiles: /home/josh/Documents/formal-notes/year-3/IPCV/ipcv.tex
[17:05:29] Parse fls file.
[17:05:29] Fls file found: /home/josh/Documents/formal-notes/year-3/IPCV/ipcv.fls
[17:05:29] Parse aux file: /home/josh/Documents/formal-notes/year-3/IPCV/ipcv.aux
[17:05:29] Auto build started detecting the change of a file: /home/josh/Documents/formal-notes/year-3/IPCV/ipcv.tex
[17:05:29] BUILD command invoked.
[17:05:29] The document of the active editor: file:///home/josh/Documents/formal-notes/year-3/IPCV/ipcv.tex
[17:05:29] The languageId of the document: latex
[17:05:29] Building root file: /home/josh/Documents/formal-notes/year-3/IPCV/ipcv.tex
[17:05:29] Build root file /home/josh/Documents/formal-notes/year-3/IPCV/ipcv.tex
[17:05:29] Recipe step 1: latexmk, -synctex=1,-interaction=nonstopmode,-file-line-error,-pdf,-outdir=/home/josh/Documents/formal-notes/year-3/IPCV,/home/josh/Documents/formal-notes/year-3/IPCV/ipcv
[17:05:29] Recipe step env: {}
[17:05:29] cwd: /home/josh/Documents/formal-notes/year-3/IPCV
[17:05:29] LaTeX build process spawned. PID: 5580.
[17:05:31] LaTeX log parsed with 1 messages.
[17:05:31] Recipe of length 1 finished. PID: 5580.
[17:05:31] Successfully built /home/josh/Documents/formal-notes/year-3/IPCV/ipcv.tex.
[17:05:31] Refresh PDF viewer for /home/josh/Documents/formal-notes/year-3/IPCV/ipcv.pdf
[17:05:31] Parse fls file.
[17:05:31] Fls file found: /home/josh/Documents/formal-notes/year-3/IPCV/ipcv.fls
[17:05:31] Parse aux file: /home/josh/Documents/formal-notes/year-3/IPCV/ipcv.aux
[17:05:31] Preview PDF file: /home/josh/Documents/formal-notes/year-3/IPCV/ipcv.pdf
[17:05:31] Handle data type: loaded
[17:05:33] PDF file watcher - file changed: /home/josh/Documents/formal-notes/year-3/IPCV/ipcv.pdf
[17:05:33] Preview PDF file: /home/josh/Documents/formal-notes/year-3/IPCV/ipcv.pdf
[17:05:33] Handle data type: loaded
[17:05:46] File watcher - file changed: /home/josh/Documents/formal-notes/year-3/IPCV/ipcv.tex
[17:05:46] Parsing a file and its subfiles: /home/josh/Documents/formal-notes/year-3/IPCV/ipcv.tex
[17:05:46] Parse fls file.
[17:05:46] Fls file found: /home/josh/Documents/formal-notes/year-3/IPCV/ipcv.fls
[17:05:46] Parse aux file: /home/josh/Documents/formal-notes/year-3/IPCV/ipcv.aux
[17:05:46] Auto build started detecting the change of a file: /home/josh/Documents/formal-notes/year-3/IPCV/ipcv.tex
[17:05:46] BUILD command invoked.
[17:05:46] The document of the active editor: file:///home/josh/Documents/formal-notes/year-3/IPCV/ipcv.tex
[17:05:46] The languageId of the document: latex
[17:05:46] Building root file: /home/josh/Documents/formal-notes/year-3/IPCV/ipcv.tex
[17:05:46] Build root file /home/josh/Documents/formal-notes/year-3/IPCV/ipcv.tex
[17:05:46] Recipe step 1: latexmk, -synctex=1,-interaction=nonstopmode,-file-line-error,-pdf,-outdir=/home/josh/Documents/formal-notes/year-3/IPCV,/home/josh/Documents/formal-notes/year-3/IPCV/ipcv
[17:05:46] Recipe step env: {}
[17:05:46] cwd: /home/josh/Documents/formal-notes/year-3/IPCV
[17:05:46] LaTeX build process spawned. PID: 5634.
[17:05:47] LaTeX log parsed with 1 messages.
[17:05:47] Recipe of length 1 finished. PID: 5634.
[17:05:47] Successfully built /home/josh/Documents/formal-notes/year-3/IPCV/ipcv.tex.
[17:05:47] Refresh PDF viewer for /home/josh/Documents/formal-notes/year-3/IPCV/ipcv.pdf
[17:05:47] Parse fls file.
[17:05:47] Fls file found: /home/josh/Documents/formal-notes/year-3/IPCV/ipcv.fls
[17:05:47] Parse aux file: /home/josh/Documents/formal-notes/year-3/IPCV/ipcv.aux
[17:05:47] Preview PDF file: /home/josh/Documents/formal-notes/year-3/IPCV/ipcv.pdf
[17:05:48] Handle data type: loaded
[17:05:49] PDF file watcher - file changed: /home/josh/Documents/formal-notes/year-3/IPCV/ipcv.pdf
[17:05:49] Preview PDF file: /home/josh/Documents/formal-notes/year-3/IPCV/ipcv.pdf
[17:05:49] Handle data type: loaded
[17:12:11] File watcher - file changed: /home/josh/Documents/formal-notes/year-3/IPCV/ipcv.tex
[17:12:11] Parsing a file and its subfiles: /home/josh/Documents/formal-notes/year-3/IPCV/ipcv.tex
[17:12:11] Parse fls file.
[17:12:11] Fls file found: /home/josh/Documents/formal-notes/year-3/IPCV/ipcv.fls
[17:12:11] Parse aux file: /home/josh/Documents/formal-notes/year-3/IPCV/ipcv.aux
[17:12:11] Auto build started detecting the change of a file: /home/josh/Documents/formal-notes/year-3/IPCV/ipcv.tex
[17:12:11] BUILD command invoked.
[17:12:11] The document of the active editor: file:///home/josh/Documents/formal-notes/year-3/IPCV/ipcv.tex
[17:12:11] The languageId of the document: latex
[17:12:11] Building root file: /home/josh/Documents/formal-notes/year-3/IPCV/ipcv.tex
[17:12:11] Build root file /home/josh/Documents/formal-notes/year-3/IPCV/ipcv.tex
[17:12:11] Recipe step 1: latexmk, -synctex=1,-interaction=nonstopmode,-file-line-error,-pdf,-outdir=/home/josh/Documents/formal-notes/year-3/IPCV,/home/josh/Documents/formal-notes/year-3/IPCV/ipcv
[17:12:11] Recipe step env: {}
[17:12:11] cwd: /home/josh/Documents/formal-notes/year-3/IPCV
[17:12:11] LaTeX build process spawned. PID: 5776.
[17:12:13] LaTeX log parsed with 1 messages.
[17:12:13] Recipe of length 1 finished. PID: 5776.
[17:12:13] Successfully built /home/josh/Documents/formal-notes/year-3/IPCV/ipcv.tex.
[17:12:13] Refresh PDF viewer for /home/josh/Documents/formal-notes/year-3/IPCV/ipcv.pdf
[17:12:13] Parse fls file.
[17:12:13] Fls file found: /home/josh/Documents/formal-notes/year-3/IPCV/ipcv.fls
[17:12:13] Parse aux file: /home/josh/Documents/formal-notes/year-3/IPCV/ipcv.aux
[17:12:13] Preview PDF file: /home/josh/Documents/formal-notes/year-3/IPCV/ipcv.pdf
[17:12:13] Handle data type: loaded
[17:12:14] PDF file watcher - file changed: /home/josh/Documents/formal-notes/year-3/IPCV/ipcv.pdf
[17:12:14] Preview PDF file: /home/josh/Documents/formal-notes/year-3/IPCV/ipcv.pdf
[17:12:15] Handle data type: loaded
[17:15:25] File watcher - file changed: /home/josh/Documents/formal-notes/year-3/IPCV/ipcv.tex
[17:15:25] Parsing a file and its subfiles: /home/josh/Documents/formal-notes/year-3/IPCV/ipcv.tex
[17:15:25] Parse fls file.
[17:15:25] Fls file found: /home/josh/Documents/formal-notes/year-3/IPCV/ipcv.fls
[17:15:25] Parse aux file: /home/josh/Documents/formal-notes/year-3/IPCV/ipcv.aux
[17:15:25] Auto build started detecting the change of a file: /home/josh/Documents/formal-notes/year-3/IPCV/ipcv.tex
[17:15:25] BUILD command invoked.
[17:15:25] The document of the active editor: file:///home/josh/Documents/formal-notes/year-3/IPCV/ipcv.tex
[17:15:25] The languageId of the document: latex
[17:15:25] Building root file: /home/josh/Documents/formal-notes/year-3/IPCV/ipcv.tex
[17:15:25] Build root file /home/josh/Documents/formal-notes/year-3/IPCV/ipcv.tex
[17:15:25] Recipe step 1: latexmk, -synctex=1,-interaction=nonstopmode,-file-line-error,-pdf,-outdir=/home/josh/Documents/formal-notes/year-3/IPCV,/home/josh/Documents/formal-notes/year-3/IPCV/ipcv
[17:15:25] Recipe step env: {}
[17:15:25] cwd: /home/josh/Documents/formal-notes/year-3/IPCV
[17:15:25] LaTeX build process spawned. PID: 5849.
[17:15:28] LaTeX log parsed with 1 messages.
[17:15:28] Recipe of length 1 finished. PID: 5849.
[17:15:28] Successfully built /home/josh/Documents/formal-notes/year-3/IPCV/ipcv.tex.
[17:15:28] Refresh PDF viewer for /home/josh/Documents/formal-notes/year-3/IPCV/ipcv.pdf
[17:15:28] Parse fls file.
[17:15:28] Fls file found: /home/josh/Documents/formal-notes/year-3/IPCV/ipcv.fls
[17:15:28] Parse aux file: /home/josh/Documents/formal-notes/year-3/IPCV/ipcv.aux
[17:15:28] Preview PDF file: /home/josh/Documents/formal-notes/year-3/IPCV/ipcv.pdf
[17:15:28] Handle data type: loaded
[17:15:29] PDF file watcher - file changed: /home/josh/Documents/formal-notes/year-3/IPCV/ipcv.pdf
[17:15:30] Preview PDF file: /home/josh/Documents/formal-notes/year-3/IPCV/ipcv.pdf
[17:15:30] Handle data type: loaded
[17:20:52] File watcher - file changed: /home/josh/Documents/formal-notes/year-3/IPCV/ipcv.tex
[17:20:52] Parsing a file and its subfiles: /home/josh/Documents/formal-notes/year-3/IPCV/ipcv.tex
[17:20:52] Parse fls file.
[17:20:52] Fls file found: /home/josh/Documents/formal-notes/year-3/IPCV/ipcv.fls
[17:20:52] Parse aux file: /home/josh/Documents/formal-notes/year-3/IPCV/ipcv.aux
[17:20:52] Auto build started detecting the change of a file: /home/josh/Documents/formal-notes/year-3/IPCV/ipcv.tex
[17:20:52] BUILD command invoked.
[17:20:52] The document of the active editor: file:///home/josh/Documents/formal-notes/year-3/IPCV/ipcv.tex
[17:20:52] The languageId of the document: latex
[17:20:52] Building root file: /home/josh/Documents/formal-notes/year-3/IPCV/ipcv.tex
[17:20:52] Build root file /home/josh/Documents/formal-notes/year-3/IPCV/ipcv.tex
[17:20:52] Recipe step 1: latexmk, -synctex=1,-interaction=nonstopmode,-file-line-error,-pdf,-outdir=/home/josh/Documents/formal-notes/year-3/IPCV,/home/josh/Documents/formal-notes/year-3/IPCV/ipcv
[17:20:52] Recipe step env: {}
[17:20:52] cwd: /home/josh/Documents/formal-notes/year-3/IPCV
[17:20:52] LaTeX build process spawned. PID: 6007.
[17:20:54] LaTeX log parsed with 1 messages.
[17:20:54] Recipe of length 1 finished. PID: 6007.
[17:20:54] Successfully built /home/josh/Documents/formal-notes/year-3/IPCV/ipcv.tex.
[17:20:54] Refresh PDF viewer for /home/josh/Documents/formal-notes/year-3/IPCV/ipcv.pdf
[17:20:54] Parse fls file.
[17:20:54] Fls file found: /home/josh/Documents/formal-notes/year-3/IPCV/ipcv.fls
[17:20:54] Parse aux file: /home/josh/Documents/formal-notes/year-3/IPCV/ipcv.aux
[17:20:54] Preview PDF file: /home/josh/Documents/formal-notes/year-3/IPCV/ipcv.pdf
[17:20:54] Handle data type: loaded
[17:20:56] PDF file watcher - file changed: /home/josh/Documents/formal-notes/year-3/IPCV/ipcv.pdf
[17:20:56] Preview PDF file: /home/josh/Documents/formal-notes/year-3/IPCV/ipcv.pdf
[17:20:56] Handle data type: loaded
[17:21:00] File watcher - file changed: /home/josh/Documents/formal-notes/year-3/IPCV/ipcv.tex
[17:21:00] Parsing a file and its subfiles: /home/josh/Documents/formal-notes/year-3/IPCV/ipcv.tex
[17:21:00] Parse fls file.
[17:21:00] Fls file found: /home/josh/Documents/formal-notes/year-3/IPCV/ipcv.fls
[17:21:00] Parse aux file: /home/josh/Documents/formal-notes/year-3/IPCV/ipcv.aux
[17:21:00] Auto build started detecting the change of a file: /home/josh/Documents/formal-notes/year-3/IPCV/ipcv.tex
[17:21:00] BUILD command invoked.
[17:21:00] The document of the active editor: file:///home/josh/Documents/formal-notes/year-3/IPCV/ipcv.tex
[17:21:00] The languageId of the document: latex
[17:21:00] Building root file: /home/josh/Documents/formal-notes/year-3/IPCV/ipcv.tex
[17:21:00] Build root file /home/josh/Documents/formal-notes/year-3/IPCV/ipcv.tex
[17:21:00] Recipe step 1: latexmk, -synctex=1,-interaction=nonstopmode,-file-line-error,-pdf,-outdir=/home/josh/Documents/formal-notes/year-3/IPCV,/home/josh/Documents/formal-notes/year-3/IPCV/ipcv
[17:21:00] Recipe step env: {}
[17:21:00] cwd: /home/josh/Documents/formal-notes/year-3/IPCV
[17:21:00] LaTeX build process spawned. PID: 6046.
[17:21:01] LaTeX log parsed with 1 messages.
[17:21:01] Recipe of length 1 finished. PID: 6046.
[17:21:01] Successfully built /home/josh/Documents/formal-notes/year-3/IPCV/ipcv.tex.
[17:21:01] Refresh PDF viewer for /home/josh/Documents/formal-notes/year-3/IPCV/ipcv.pdf
[17:21:01] Parse fls file.
[17:21:01] Fls file found: /home/josh/Documents/formal-notes/year-3/IPCV/ipcv.fls
[17:21:01] Parse aux file: /home/josh/Documents/formal-notes/year-3/IPCV/ipcv.aux
[17:21:01] Preview PDF file: /home/josh/Documents/formal-notes/year-3/IPCV/ipcv.pdf
[17:21:01] Handle data type: loaded
[17:21:03] PDF file watcher - file changed: /home/josh/Documents/formal-notes/year-3/IPCV/ipcv.pdf
[17:21:03] Preview PDF file: /home/josh/Documents/formal-notes/year-3/IPCV/ipcv.pdf
[17:21:03] Handle data type: loaded
[17:21:09] File watcher - file changed: /home/josh/Documents/formal-notes/year-3/IPCV/ipcv.tex
[17:21:09] Parsing a file and its subfiles: /home/josh/Documents/formal-notes/year-3/IPCV/ipcv.tex
[17:21:09] Parse fls file.
[17:21:09] Fls file found: /home/josh/Documents/formal-notes/year-3/IPCV/ipcv.fls
[17:21:10] Parse aux file: /home/josh/Documents/formal-notes/year-3/IPCV/ipcv.aux
[17:21:10] Auto build started detecting the change of a file: /home/josh/Documents/formal-notes/year-3/IPCV/ipcv.tex
[17:21:10] BUILD command invoked.
[17:21:10] The document of the active editor: file:///home/josh/Documents/formal-notes/year-3/IPCV/ipcv.tex
[17:21:10] The languageId of the document: latex
[17:21:10] Building root file: /home/josh/Documents/formal-notes/year-3/IPCV/ipcv.tex
[17:21:10] Build root file /home/josh/Documents/formal-notes/year-3/IPCV/ipcv.tex
[17:21:10] Recipe step 1: latexmk, -synctex=1,-interaction=nonstopmode,-file-line-error,-pdf,-outdir=/home/josh/Documents/formal-notes/year-3/IPCV,/home/josh/Documents/formal-notes/year-3/IPCV/ipcv
[17:21:10] Recipe step env: {}
[17:21:10] cwd: /home/josh/Documents/formal-notes/year-3/IPCV
[17:21:10] LaTeX build process spawned. PID: 6061.
[17:21:10] LaTeX log parsed with 1 messages.
[17:21:10] Recipe of length 1 finished. PID: 6061.
[17:21:10] Successfully built /home/josh/Documents/formal-notes/year-3/IPCV/ipcv.tex.
[17:21:10] Refresh PDF viewer for /home/josh/Documents/formal-notes/year-3/IPCV/ipcv.pdf
[17:21:10] Parse fls file.
[17:21:10] Fls file found: /home/josh/Documents/formal-notes/year-3/IPCV/ipcv.fls
[17:21:10] Parse aux file: /home/josh/Documents/formal-notes/year-3/IPCV/ipcv.aux
[17:21:10] Preview PDF file: /home/josh/Documents/formal-notes/year-3/IPCV/ipcv.pdf
[17:21:10] Handle data type: loaded
[17:21:12] PDF file watcher - file changed: /home/josh/Documents/formal-notes/year-3/IPCV/ipcv.pdf
[17:21:12] Preview PDF file: /home/josh/Documents/formal-notes/year-3/IPCV/ipcv.pdf
[17:21:12] Handle data type: loaded
[17:53:19] File watcher - file changed: /home/josh/Documents/formal-notes/year-3/IPCV/ipcv.tex
[17:53:19] Parsing a file and its subfiles: /home/josh/Documents/formal-notes/year-3/IPCV/ipcv.tex
[17:53:19] Parse fls file.
[17:53:19] Fls file found: /home/josh/Documents/formal-notes/year-3/IPCV/ipcv.fls
[17:53:19] Parse aux file: /home/josh/Documents/formal-notes/year-3/IPCV/ipcv.aux
[17:53:19] Auto build started detecting the change of a file: /home/josh/Documents/formal-notes/year-3/IPCV/ipcv.tex
[17:53:19] BUILD command invoked.
[17:53:19] The document of the active editor: file:///home/josh/Documents/formal-notes/year-3/IPCV/ipcv.tex
[17:53:19] The languageId of the document: latex
[17:53:19] Building root file: /home/josh/Documents/formal-notes/year-3/IPCV/ipcv.tex
[17:53:19] Build root file /home/josh/Documents/formal-notes/year-3/IPCV/ipcv.tex
[17:53:19] Recipe step 1: latexmk, -synctex=1,-interaction=nonstopmode,-file-line-error,-pdf,-outdir=/home/josh/Documents/formal-notes/year-3/IPCV,/home/josh/Documents/formal-notes/year-3/IPCV/ipcv
[17:53:19] Recipe step env: {}
[17:53:19] cwd: /home/josh/Documents/formal-notes/year-3/IPCV
[17:53:19] LaTeX build process spawned. PID: 6328.
[17:53:21] LaTeX log parsed with 1 messages.
[17:53:21] Recipe of length 1 finished. PID: 6328.
[17:53:21] Successfully built /home/josh/Documents/formal-notes/year-3/IPCV/ipcv.tex.
[17:53:21] Refresh PDF viewer for /home/josh/Documents/formal-notes/year-3/IPCV/ipcv.pdf
[17:53:21] Parse fls file.
[17:53:21] Fls file found: /home/josh/Documents/formal-notes/year-3/IPCV/ipcv.fls
[17:53:21] Parse aux file: /home/josh/Documents/formal-notes/year-3/IPCV/ipcv.aux
[17:53:21] Preview PDF file: /home/josh/Documents/formal-notes/year-3/IPCV/ipcv.pdf
[17:53:21] Handle data type: loaded
[17:53:23] PDF file watcher - file changed: /home/josh/Documents/formal-notes/year-3/IPCV/ipcv.pdf
[17:53:23] Preview PDF file: /home/josh/Documents/formal-notes/year-3/IPCV/ipcv.pdf
[17:53:23] Handle data type: loaded
[17:53:32] File watcher - file changed: /home/josh/Documents/formal-notes/year-3/IPCV/ipcv.tex
[17:53:32] Parsing a file and its subfiles: /home/josh/Documents/formal-notes/year-3/IPCV/ipcv.tex
[17:53:32] Parse fls file.
[17:53:32] Fls file found: /home/josh/Documents/formal-notes/year-3/IPCV/ipcv.fls
[17:53:32] Parse aux file: /home/josh/Documents/formal-notes/year-3/IPCV/ipcv.aux
[17:53:32] Auto build started detecting the change of a file: /home/josh/Documents/formal-notes/year-3/IPCV/ipcv.tex
[17:53:32] BUILD command invoked.
[17:53:32] The document of the active editor: file:///home/josh/Documents/formal-notes/year-3/IPCV/ipcv.tex
[17:53:32] The languageId of the document: latex
[17:53:32] Building root file: /home/josh/Documents/formal-notes/year-3/IPCV/ipcv.tex
[17:53:32] Build root file /home/josh/Documents/formal-notes/year-3/IPCV/ipcv.tex
[17:53:32] Recipe step 1: latexmk, -synctex=1,-interaction=nonstopmode,-file-line-error,-pdf,-outdir=/home/josh/Documents/formal-notes/year-3/IPCV,/home/josh/Documents/formal-notes/year-3/IPCV/ipcv
[17:53:32] Recipe step env: {}
[17:53:32] cwd: /home/josh/Documents/formal-notes/year-3/IPCV
[17:53:32] LaTeX build process spawned. PID: 6361.
[17:53:33] LaTeX log parsed with 1 messages.
[17:53:33] Recipe of length 1 finished. PID: 6361.
[17:53:33] Successfully built /home/josh/Documents/formal-notes/year-3/IPCV/ipcv.tex.
[17:53:33] Refresh PDF viewer for /home/josh/Documents/formal-notes/year-3/IPCV/ipcv.pdf
[17:53:33] Parse fls file.
[17:53:33] Fls file found: /home/josh/Documents/formal-notes/year-3/IPCV/ipcv.fls
[17:53:33] Parse aux file: /home/josh/Documents/formal-notes/year-3/IPCV/ipcv.aux
[17:53:33] Preview PDF file: /home/josh/Documents/formal-notes/year-3/IPCV/ipcv.pdf
[17:53:33] Handle data type: loaded
[17:53:35] PDF file watcher - file changed: /home/josh/Documents/formal-notes/year-3/IPCV/ipcv.pdf
[17:53:35] Preview PDF file: /home/josh/Documents/formal-notes/year-3/IPCV/ipcv.pdf
[17:53:35] Handle data type: loaded
[17:57:03] File watcher - file changed: /home/josh/Documents/formal-notes/year-3/IPCV/ipcv.tex
[17:57:03] Parsing a file and its subfiles: /home/josh/Documents/formal-notes/year-3/IPCV/ipcv.tex
[17:57:03] Parse fls file.
[17:57:03] Fls file found: /home/josh/Documents/formal-notes/year-3/IPCV/ipcv.fls
[17:57:03] Parse aux file: /home/josh/Documents/formal-notes/year-3/IPCV/ipcv.aux
[17:57:03] Auto build started detecting the change of a file: /home/josh/Documents/formal-notes/year-3/IPCV/ipcv.tex
[17:57:03] BUILD command invoked.
[17:57:03] The document of the active editor: file:///home/josh/Documents/formal-notes/year-3/IPCV/ipcv.tex
[17:57:03] The languageId of the document: latex
[17:57:03] Building root file: /home/josh/Documents/formal-notes/year-3/IPCV/ipcv.tex
[17:57:03] Build root file /home/josh/Documents/formal-notes/year-3/IPCV/ipcv.tex
[17:57:03] Recipe step 1: latexmk, -synctex=1,-interaction=nonstopmode,-file-line-error,-pdf,-outdir=/home/josh/Documents/formal-notes/year-3/IPCV,/home/josh/Documents/formal-notes/year-3/IPCV/ipcv
[17:57:03] Recipe step env: {}
[17:57:03] cwd: /home/josh/Documents/formal-notes/year-3/IPCV
[17:57:03] LaTeX build process spawned. PID: 6440.
[17:57:04] LaTeX log parsed with 1 messages.
[17:57:04] Recipe of length 1 finished. PID: 6440.
[17:57:04] Successfully built /home/josh/Documents/formal-notes/year-3/IPCV/ipcv.tex.
[17:57:04] Refresh PDF viewer for /home/josh/Documents/formal-notes/year-3/IPCV/ipcv.pdf
[17:57:04] Parse fls file.
[17:57:04] Fls file found: /home/josh/Documents/formal-notes/year-3/IPCV/ipcv.fls
[17:57:04] Parse aux file: /home/josh/Documents/formal-notes/year-3/IPCV/ipcv.aux
[17:57:04] Preview PDF file: /home/josh/Documents/formal-notes/year-3/IPCV/ipcv.pdf
[17:57:04] Handle data type: loaded
[17:57:06] PDF file watcher - file changed: /home/josh/Documents/formal-notes/year-3/IPCV/ipcv.pdf
[17:57:06] Preview PDF file: /home/josh/Documents/formal-notes/year-3/IPCV/ipcv.pdf
[17:57:06] Handle data type: loaded
[17:57:26] File watcher - file changed: /home/josh/Documents/formal-notes/year-3/IPCV/ipcv.tex
[17:57:26] Parsing a file and its subfiles: /home/josh/Documents/formal-notes/year-3/IPCV/ipcv.tex
[17:57:26] Parse fls file.
[17:57:26] Fls file found: /home/josh/Documents/formal-notes/year-3/IPCV/ipcv.fls
[17:57:26] Parse aux file: /home/josh/Documents/formal-notes/year-3/IPCV/ipcv.aux
[17:57:26] Auto build started detecting the change of a file: /home/josh/Documents/formal-notes/year-3/IPCV/ipcv.tex
[17:57:26] BUILD command invoked.
[17:57:26] The document of the active editor: file:///home/josh/Documents/formal-notes/year-3/IPCV/ipcv.tex
[17:57:26] The languageId of the document: latex
[17:57:26] Building root file: /home/josh/Documents/formal-notes/year-3/IPCV/ipcv.tex
[17:57:26] Build root file /home/josh/Documents/formal-notes/year-3/IPCV/ipcv.tex
[17:57:26] Recipe step 1: latexmk, -synctex=1,-interaction=nonstopmode,-file-line-error,-pdf,-outdir=/home/josh/Documents/formal-notes/year-3/IPCV,/home/josh/Documents/formal-notes/year-3/IPCV/ipcv
[17:57:26] Recipe step env: {}
[17:57:26] cwd: /home/josh/Documents/formal-notes/year-3/IPCV
[17:57:26] LaTeX build process spawned. PID: 6481.
[17:57:27] LaTeX log parsed with 1 messages.
[17:57:27] Recipe of length 1 finished. PID: 6481.
[17:57:27] Successfully built /home/josh/Documents/formal-notes/year-3/IPCV/ipcv.tex.
[17:57:27] Refresh PDF viewer for /home/josh/Documents/formal-notes/year-3/IPCV/ipcv.pdf
[17:57:27] Parse fls file.
[17:57:27] Fls file found: /home/josh/Documents/formal-notes/year-3/IPCV/ipcv.fls
[17:57:27] Parse aux file: /home/josh/Documents/formal-notes/year-3/IPCV/ipcv.aux
[17:57:27] Preview PDF file: /home/josh/Documents/formal-notes/year-3/IPCV/ipcv.pdf
[17:57:27] Handle data type: loaded
[17:57:29] PDF file watcher - file changed: /home/josh/Documents/formal-notes/year-3/IPCV/ipcv.pdf
[17:57:29] Preview PDF file: /home/josh/Documents/formal-notes/year-3/IPCV/ipcv.pdf
[17:57:29] Handle data type: loaded
[17:57:35] File watcher - file changed: /home/josh/Documents/formal-notes/year-3/IPCV/ipcv.tex
[17:57:35] Parsing a file and its subfiles: /home/josh/Documents/formal-notes/year-3/IPCV/ipcv.tex
[17:57:35] Parse fls file.
[17:57:35] Fls file found: /home/josh/Documents/formal-notes/year-3/IPCV/ipcv.fls
[17:57:35] Parse aux file: /home/josh/Documents/formal-notes/year-3/IPCV/ipcv.aux
[17:57:35] Auto build started detecting the change of a file: /home/josh/Documents/formal-notes/year-3/IPCV/ipcv.tex
[17:57:35] BUILD command invoked.
[17:57:35] The document of the active editor: file:///home/josh/Documents/formal-notes/year-3/IPCV/ipcv.tex
[17:57:35] The languageId of the document: latex
[17:57:35] Building root file: /home/josh/Documents/formal-notes/year-3/IPCV/ipcv.tex
[17:57:35] Build root file /home/josh/Documents/formal-notes/year-3/IPCV/ipcv.tex
[17:57:35] Recipe step 1: latexmk, -synctex=1,-interaction=nonstopmode,-file-line-error,-pdf,-outdir=/home/josh/Documents/formal-notes/year-3/IPCV,/home/josh/Documents/formal-notes/year-3/IPCV/ipcv
[17:57:35] Recipe step env: {}
[17:57:35] cwd: /home/josh/Documents/formal-notes/year-3/IPCV
[17:57:35] LaTeX build process spawned. PID: 6498.
[17:57:36] LaTeX log parsed with 1 messages.
[17:57:36] Recipe of length 1 finished. PID: 6498.
[17:57:36] Successfully built /home/josh/Documents/formal-notes/year-3/IPCV/ipcv.tex.
[17:57:36] Refresh PDF viewer for /home/josh/Documents/formal-notes/year-3/IPCV/ipcv.pdf
[17:57:36] Parse fls file.
[17:57:36] Fls file found: /home/josh/Documents/formal-notes/year-3/IPCV/ipcv.fls
[17:57:36] Parse aux file: /home/josh/Documents/formal-notes/year-3/IPCV/ipcv.aux
[17:57:36] Preview PDF file: /home/josh/Documents/formal-notes/year-3/IPCV/ipcv.pdf
[17:57:36] Handle data type: loaded
[17:57:38] PDF file watcher - file changed: /home/josh/Documents/formal-notes/year-3/IPCV/ipcv.pdf
[17:57:38] Preview PDF file: /home/josh/Documents/formal-notes/year-3/IPCV/ipcv.pdf
[17:57:38] Handle data type: loaded
[18:00:07] File watcher - file changed: /home/josh/Documents/formal-notes/year-3/IPCV/ipcv.tex
[18:00:07] Parsing a file and its subfiles: /home/josh/Documents/formal-notes/year-3/IPCV/ipcv.tex
[18:00:07] Parse fls file.
[18:00:07] Fls file found: /home/josh/Documents/formal-notes/year-3/IPCV/ipcv.fls
[18:00:07] Parse aux file: /home/josh/Documents/formal-notes/year-3/IPCV/ipcv.aux
[18:00:07] Auto build started detecting the change of a file: /home/josh/Documents/formal-notes/year-3/IPCV/ipcv.tex
[18:00:07] BUILD command invoked.
[18:00:07] The document of the active editor: file:///home/josh/Documents/formal-notes/year-3/IPCV/ipcv.tex
[18:00:07] The languageId of the document: latex
[18:00:07] Building root file: /home/josh/Documents/formal-notes/year-3/IPCV/ipcv.tex
[18:00:07] Build root file /home/josh/Documents/formal-notes/year-3/IPCV/ipcv.tex
[18:00:07] Recipe step 1: latexmk, -synctex=1,-interaction=nonstopmode,-file-line-error,-pdf,-outdir=/home/josh/Documents/formal-notes/year-3/IPCV,/home/josh/Documents/formal-notes/year-3/IPCV/ipcv
[18:00:07] Recipe step env: {}
[18:00:07] cwd: /home/josh/Documents/formal-notes/year-3/IPCV
[18:00:07] LaTeX build process spawned. PID: 6551.
[18:00:08] LaTeX log parsed with 1 messages.
[18:00:08] Recipe of length 1 finished. PID: 6551.
[18:00:08] Successfully built /home/josh/Documents/formal-notes/year-3/IPCV/ipcv.tex.
[18:00:08] Refresh PDF viewer for /home/josh/Documents/formal-notes/year-3/IPCV/ipcv.pdf
[18:00:08] Parse fls file.
[18:00:08] Fls file found: /home/josh/Documents/formal-notes/year-3/IPCV/ipcv.fls
[18:00:08] Parse aux file: /home/josh/Documents/formal-notes/year-3/IPCV/ipcv.aux
[18:00:08] Preview PDF file: /home/josh/Documents/formal-notes/year-3/IPCV/ipcv.pdf
[18:00:08] Handle data type: loaded
[18:00:10] PDF file watcher - file changed: /home/josh/Documents/formal-notes/year-3/IPCV/ipcv.pdf
