[2021-01-13 16:21:25.867] [exthost] [info] extension host started
[2021-01-13 16:21:25.951] [exthost] [info] ExtensionService#_doActivateExtension vscode.microsoft-authentication {"startup":false,"extensionId":{"value":"vscode.microsoft-authentication","_lower":"vscode.microsoft-authentication"},"activationEvent":"onAuthenticationRequest:microsoft"}
[2021-01-13 16:21:25.951] [exthost] [info] ExtensionService#loadCommonJSModule file:///snap/code/52/usr/share/code/resources/app/extensions/microsoft-authentication/dist/extension.js
[2021-01-13 16:21:25.972] [exthost] [info] ExtensionService#_doActivateExtension James-Yu.latex-workshop {"startup":false,"extensionId":{"value":"James-Yu.latex-workshop","_lower":"james-yu.latex-workshop"},"activationEvent":"onWebviewPanel:latex-workshop-pdf"}
[2021-01-13 16:21:25.972] [exthost] [info] ExtensionService#loadCommonJSModule file:///home/josh/.vscode/extensions/james-yu.latex-workshop-8.15.0/out/src/main.js
[2021-01-13 16:21:26.566] [exthost] [info] ExtensionService#_doActivateExtension vscode.debug-auto-launch {"startup":true,"extensionId":{"value":"vscode.debug-auto-launch","_lower":"vscode.debug-auto-launch"},"activationEvent":"*"}
[2021-01-13 16:21:26.566] [exthost] [info] ExtensionService#loadCommonJSModule file:///snap/code/52/usr/share/code/resources/app/extensions/debug-auto-launch/dist/extension
[2021-01-13 16:21:26.569] [exthost] [info] ExtensionService#_doActivateExtension vscode.emmet {"startup":true,"extensionId":{"value":"vscode.emmet","_lower":"vscode.emmet"},"activationEvent":"*"}
[2021-01-13 16:21:26.569] [exthost] [info] ExtensionService#loadCommonJSModule file:///snap/code/52/usr/share/code/resources/app/extensions/emmet/dist/node/emmetNodeMain
[2021-01-13 16:21:26.593] [exthost] [info] ExtensionService#_doActivateExtension vscode.git {"startup":true,"extensionId":{"value":"vscode.github","_lower":"vscode.github"},"activationEvent":"*"}
[2021-01-13 16:21:26.593] [exthost] [info] ExtensionService#loadCommonJSModule file:///snap/code/52/usr/share/code/resources/app/extensions/git/dist/main
[2021-01-13 16:21:26.654] [exthost] [info] ExtensionService#_doActivateExtension vscode.merge-conflict {"startup":true,"extensionId":{"value":"vscode.merge-conflict","_lower":"vscode.merge-conflict"},"activationEvent":"*"}
[2021-01-13 16:21:26.654] [exthost] [info] ExtensionService#loadCommonJSModule file:///snap/code/52/usr/share/code/resources/app/extensions/merge-conflict/dist/mergeConflictMain
[2021-01-13 16:21:26.659] [exthost] [info] ExtensionService#_doActivateExtension vscode.search-result {"startup":true,"extensionId":{"value":"vscode.search-result","_lower":"vscode.search-result"},"activationEvent":"*"}
[2021-01-13 16:21:26.659] [exthost] [info] ExtensionService#loadCommonJSModule file:///snap/code/52/usr/share/code/resources/app/extensions/search-result/dist/extension.js
[2021-01-13 16:21:26.661] [exthost] [info] ExtensionService#_doActivateExtension artlaman.chalice-icon-theme {"startup":true,"extensionId":{"value":"artlaman.chalice-icon-theme","_lower":"artlaman.chalice-icon-theme"},"activationEvent":"*"}
[2021-01-13 16:21:26.661] [exthost] [info] ExtensionService#loadCommonJSModule file:///home/josh/.vscode/extensions/artlaman.chalice-icon-theme-1.2.9/dist/extension.js
[2021-01-13 16:21:26.667] [exthost] [info] ExtensionService#_doActivateExtension christian-kohler.path-intellisense {"startup":true,"extensionId":{"value":"christian-kohler.path-intellisense","_lower":"christian-kohler.path-intellisense"},"activationEvent":"*"}
[2021-01-13 16:21:26.668] [exthost] [info] ExtensionService#loadCommonJSModule file:///home/josh/.vscode/extensions/christian-kohler.path-intellisense-2.3.0/out/extension.js
[2021-01-13 16:21:26.683] [exthost] [info] ExtensionService#_doActivateExtension CoenraadS.bracket-pair-colorizer {"startup":true,"extensionId":{"value":"CoenraadS.bracket-pair-colorizer","_lower":"coenraads.bracket-pair-colorizer"},"activationEvent":"*"}
[2021-01-13 16:21:26.683] [exthost] [info] ExtensionService#loadCommonJSModule file:///home/josh/.vscode/extensions/coenraads.bracket-pair-colorizer-1.0.61/out/src/extension
[2021-01-13 16:21:26.704] [exthost] [info] ExtensionService#_doActivateExtension monokai.theme-monokai-pro-vscode {"startup":true,"extensionId":{"value":"monokai.theme-monokai-pro-vscode","_lower":"monokai.theme-monokai-pro-vscode"},"activationEvent":"*"}
[2021-01-13 16:21:26.705] [exthost] [info] ExtensionService#loadCommonJSModule file:///home/josh/.vscode/extensions/monokai.theme-monokai-pro-vscode-1.1.18/js/main
[2021-01-13 16:21:26.710] [exthost] [info] ExtensionService#_doActivateExtension PKief.material-icon-theme {"startup":true,"extensionId":{"value":"PKief.material-icon-theme","_lower":"pkief.material-icon-theme"},"activationEvent":"*"}
[2021-01-13 16:21:26.710] [exthost] [info] ExtensionService#loadCommonJSModule file:///home/josh/.vscode/extensions/pkief.material-icon-theme-4.4.0/dist/extension
[2021-01-13 16:21:26.738] [exthost] [info] ExtensionService#_doActivateExtension Shan.code-settings-sync {"startup":true,"extensionId":{"value":"Shan.code-settings-sync","_lower":"shan.code-settings-sync"},"activationEvent":"*"}
[2021-01-13 16:21:26.738] [exthost] [info] ExtensionService#loadCommonJSModule file:///home/josh/.vscode/extensions/shan.code-settings-sync-3.4.3/out/extension.js
[2021-01-13 16:21:26.869] [exthost] [info] ExtensionService#_doActivateExtension streetsidesoftware.code-spell-checker {"startup":true,"extensionId":{"value":"streetsidesoftware.code-spell-checker","_lower":"streetsidesoftware.code-spell-checker"},"activationEvent":"*"}
[2021-01-13 16:21:26.869] [exthost] [info] ExtensionService#loadCommonJSModule file:///home/josh/.vscode/extensions/streetsidesoftware.code-spell-checker-1.10.2/dist/extension.js
[2021-01-13 16:21:26.929] [exthost] [info] ExtensionService#_doActivateExtension vscodevim.vim {"startup":true,"extensionId":{"value":"vscodevim.vim","_lower":"vscodevim.vim"},"activationEvent":"*"}
[2021-01-13 16:21:26.929] [exthost] [info] ExtensionService#loadCommonJSModule file:///home/josh/.vscode/extensions/vscodevim.vim-1.18.5/out/extension
[2021-01-13 16:21:27.024] [exthost] [info] ExtensionService#_doActivateExtension Wscats.eno {"startup":true,"extensionId":{"value":"Wscats.eno","_lower":"wscats.eno"},"activationEvent":"*"}
[2021-01-13 16:21:27.024] [exthost] [info] ExtensionService#loadCommonJSModule file:///home/josh/.vscode/extensions/wscats.eno-2.3.39/out/extension.js
