[2020-12-11 10:11:29.591] [exthost] [info] extension host started
[2020-12-11 10:11:29.618] [exthost] [info] ExtensionService#_doActivateExtension vscode.microsoft-authentication {"startup":false,"extensionId":{"value":"vscode.microsoft-authentication","_lower":"vscode.microsoft-authentication"},"activationEvent":"onAuthenticationRequest:microsoft"}
[2020-12-11 10:11:29.619] [exthost] [info] ExtensionService#loadCommonJSModule file:///snap/code/50/usr/share/code/resources/app/extensions/microsoft-authentication/dist/extension.js
[2020-12-11 10:11:29.625] [exthost] [info] ExtensionService#_doActivateExtension aaron-bond.better-comments {"startup":false,"extensionId":{"value":"aaron-bond.better-comments","_lower":"aaron-bond.better-comments"},"activationEvent":"onLanguage:plaintext"}
[2020-12-11 10:11:29.625] [exthost] [info] ExtensionService#loadCommonJSModule file:///home/josh/.vscode/extensions/aaron-bond.better-comments-2.1.0/out/extension
[2020-12-11 10:11:29.626] [exthost] [info] ExtensionService#_doActivateExtension vscode.debug-auto-launch {"startup":true,"extensionId":{"value":"vscode.debug-auto-launch","_lower":"vscode.debug-auto-launch"},"activationEvent":"*"}
[2020-12-11 10:11:29.626] [exthost] [info] ExtensionService#loadCommonJSModule file:///snap/code/50/usr/share/code/resources/app/extensions/debug-auto-launch/dist/extension
[2020-12-11 10:11:29.628] [exthost] [info] ExtensionService#_doActivateExtension vscode.emmet {"startup":true,"extensionId":{"value":"vscode.emmet","_lower":"vscode.emmet"},"activationEvent":"*"}
[2020-12-11 10:11:29.628] [exthost] [info] ExtensionService#loadCommonJSModule file:///snap/code/50/usr/share/code/resources/app/extensions/emmet/dist/node/emmetNodeMain
[2020-12-11 10:11:29.637] [exthost] [info] ExtensionService#_doActivateExtension vscode.git {"startup":true,"extensionId":{"value":"vscode.github","_lower":"vscode.github"},"activationEvent":"*"}
[2020-12-11 10:11:29.637] [exthost] [info] ExtensionService#loadCommonJSModule file:///snap/code/50/usr/share/code/resources/app/extensions/git/dist/main
[2020-12-11 10:11:29.648] [exthost] [info] ExtensionService#_doActivateExtension vscode.merge-conflict {"startup":true,"extensionId":{"value":"vscode.merge-conflict","_lower":"vscode.merge-conflict"},"activationEvent":"*"}
[2020-12-11 10:11:29.648] [exthost] [info] ExtensionService#loadCommonJSModule file:///snap/code/50/usr/share/code/resources/app/extensions/merge-conflict/dist/mergeConflictMain
[2020-12-11 10:11:29.649] [exthost] [info] ExtensionService#_doActivateExtension vscode.search-result {"startup":true,"extensionId":{"value":"vscode.search-result","_lower":"vscode.search-result"},"activationEvent":"*"}
[2020-12-11 10:11:29.650] [exthost] [info] ExtensionService#loadCommonJSModule file:///snap/code/50/usr/share/code/resources/app/extensions/search-result/dist/extension.js
[2020-12-11 10:11:29.650] [exthost] [info] ExtensionService#_doActivateExtension artlaman.chalice-icon-theme {"startup":true,"extensionId":{"value":"artlaman.chalice-icon-theme","_lower":"artlaman.chalice-icon-theme"},"activationEvent":"*"}
[2020-12-11 10:11:29.650] [exthost] [info] ExtensionService#loadCommonJSModule file:///home/josh/.vscode/extensions/artlaman.chalice-icon-theme-1.2.9/dist/extension.js
[2020-12-11 10:11:29.652] [exthost] [info] ExtensionService#_doActivateExtension christian-kohler.path-intellisense {"startup":true,"extensionId":{"value":"christian-kohler.path-intellisense","_lower":"christian-kohler.path-intellisense"},"activationEvent":"*"}
[2020-12-11 10:11:29.652] [exthost] [info] ExtensionService#loadCommonJSModule file:///home/josh/.vscode/extensions/christian-kohler.path-intellisense-2.3.0/out/extension.js
[2020-12-11 10:11:29.660] [exthost] [info] ExtensionService#_doActivateExtension CoenraadS.bracket-pair-colorizer {"startup":true,"extensionId":{"value":"CoenraadS.bracket-pair-colorizer","_lower":"coenraads.bracket-pair-colorizer"},"activationEvent":"*"}
[2020-12-11 10:11:29.660] [exthost] [info] ExtensionService#loadCommonJSModule file:///home/josh/.vscode/extensions/coenraads.bracket-pair-colorizer-1.0.61/out/src/extension
[2020-12-11 10:11:29.669] [exthost] [info] ExtensionService#_doActivateExtension monokai.theme-monokai-pro-vscode {"startup":true,"extensionId":{"value":"monokai.theme-monokai-pro-vscode","_lower":"monokai.theme-monokai-pro-vscode"},"activationEvent":"*"}
[2020-12-11 10:11:29.669] [exthost] [info] ExtensionService#loadCommonJSModule file:///home/josh/.vscode/extensions/monokai.theme-monokai-pro-vscode-1.1.18/js/main
[2020-12-11 10:11:29.670] [exthost] [info] ExtensionService#_doActivateExtension PKief.material-icon-theme {"startup":true,"extensionId":{"value":"PKief.material-icon-theme","_lower":"pkief.material-icon-theme"},"activationEvent":"*"}
[2020-12-11 10:11:29.670] [exthost] [info] ExtensionService#loadCommonJSModule file:///home/josh/.vscode/extensions/pkief.material-icon-theme-4.4.0/dist/extension
[2020-12-11 10:11:29.674] [exthost] [info] ExtensionService#_doActivateExtension Shan.code-settings-sync {"startup":true,"extensionId":{"value":"Shan.code-settings-sync","_lower":"shan.code-settings-sync"},"activationEvent":"*"}
[2020-12-11 10:11:29.674] [exthost] [info] ExtensionService#loadCommonJSModule file:///home/josh/.vscode/extensions/shan.code-settings-sync-3.4.3/out/extension.js
[2020-12-11 10:11:29.711] [exthost] [info] ExtensionService#_doActivateExtension streetsidesoftware.code-spell-checker {"startup":true,"extensionId":{"value":"streetsidesoftware.code-spell-checker","_lower":"streetsidesoftware.code-spell-checker"},"activationEvent":"*"}
[2020-12-11 10:11:29.711] [exthost] [info] ExtensionService#loadCommonJSModule file:///home/josh/.vscode/extensions/streetsidesoftware.code-spell-checker-1.10.2/dist/extension.js
[2020-12-11 10:11:29.727] [exthost] [info] ExtensionService#_doActivateExtension vscodevim.vim {"startup":true,"extensionId":{"value":"vscodevim.vim","_lower":"vscodevim.vim"},"activationEvent":"*"}
[2020-12-11 10:11:29.727] [exthost] [info] ExtensionService#loadCommonJSModule file:///home/josh/.vscode/extensions/vscodevim.vim-1.18.5/out/extension
[2020-12-11 10:11:29.801] [exthost] [info] ExtensionService#_doActivateExtension Wscats.eno {"startup":true,"extensionId":{"value":"Wscats.eno","_lower":"wscats.eno"},"activationEvent":"*"}
[2020-12-11 10:11:29.802] [exthost] [info] ExtensionService#loadCommonJSModule file:///home/josh/.vscode/extensions/wscats.eno-2.3.39/out/extension.js
[2020-12-11 10:11:30.982] [exthost] [info] ExtensionService#_doActivateExtension vscode.github {"startup":true,"extensionId":{"value":"vscode.github","_lower":"vscode.github"},"activationEvent":"*"}
[2020-12-11 10:11:30.982] [exthost] [info] ExtensionService#loadCommonJSModule file:///snap/code/50/usr/share/code/resources/app/extensions/github/dist/extension.js
[2020-12-11 10:11:30.990] [exthost] [info] ExtensionService#_doActivateExtension ms-vscode.js-debug {"startup":false,"extensionId":{"value":"ms-vscode.js-debug","_lower":"ms-vscode.js-debug"},"activationEvent":"onCommand:extension.js-debug.clearAutoAttachVariables"}
[2020-12-11 10:11:30.990] [exthost] [info] ExtensionService#loadCommonJSModule file:///snap/code/50/usr/share/code/resources/app/extensions/ms-vscode.js-debug/src/extension.js
[2020-12-11 10:11:31.044] [exthost] [info] eager extensions activated
[2020-12-11 10:11:31.073] [exthost] [info] ExtensionService#_doActivateExtension eamodio.gitlens {"startup":false,"extensionId":{"value":"eamodio.gitlens","_lower":"eamodio.gitlens"},"activationEvent":"onStartupFinished"}
[2020-12-11 10:11:31.074] [exthost] [info] ExtensionService#loadCommonJSModule file:///home/josh/.vscode/extensions/eamodio.gitlens-11.0.6/dist/gitlens
[2020-12-11 10:11:31.228] [exthost] [info] ExtensionService#_doActivateExtension vscode.github-authentication {"startup":false,"extensionId":{"value":"vscode.github-authentication","_lower":"vscode.github-authentication"},"activationEvent":"onAuthenticationRequest:github"}
[2020-12-11 10:11:31.228] [exthost] [info] ExtensionService#loadCommonJSModule file:///snap/code/50/usr/share/code/resources/app/extensions/github-authentication/dist/extension.js
[2020-12-11 10:11:37.587] [exthost] [info] extension host started
[2020-12-11 10:11:37.711] [exthost] [info] ExtensionService#_doActivateExtension vscode.microsoft-authentication {"startup":false,"extensionId":{"value":"vscode.microsoft-authentication","_lower":"vscode.microsoft-authentication"},"activationEvent":"onAuthenticationRequest:microsoft"}
[2020-12-11 10:11:37.711] [exthost] [info] ExtensionService#loadCommonJSModule file:///snap/code/50/usr/share/code/resources/app/extensions/microsoft-authentication/dist/extension.js
[2020-12-11 10:11:37.717] [exthost] [info] ExtensionService#_doActivateExtension aaron-bond.better-comments {"startup":false,"extensionId":{"value":"aaron-bond.better-comments","_lower":"aaron-bond.better-comments"},"activationEvent":"onLanguage:plaintext"}
[2020-12-11 10:11:37.717] [exthost] [info] ExtensionService#loadCommonJSModule file:///home/josh/.vscode/extensions/aaron-bond.better-comments-2.1.0/out/extension
[2020-12-11 10:11:37.719] [exthost] [info] ExtensionService#_doActivateExtension vscode.debug-auto-launch {"startup":true,"extensionId":{"value":"vscode.debug-auto-launch","_lower":"vscode.debug-auto-launch"},"activationEvent":"*"}
[2020-12-11 10:11:37.719] [exthost] [info] ExtensionService#loadCommonJSModule file:///snap/code/50/usr/share/code/resources/app/extensions/debug-auto-launch/dist/extension
[2020-12-11 10:11:37.720] [exthost] [info] ExtensionService#_doActivateExtension vscode.emmet {"startup":true,"extensionId":{"value":"vscode.emmet","_lower":"vscode.emmet"},"activationEvent":"*"}
[2020-12-11 10:11:37.720] [exthost] [info] ExtensionService#loadCommonJSModule file:///snap/code/50/usr/share/code/resources/app/extensions/emmet/dist/node/emmetNodeMain
[2020-12-11 10:11:37.729] [exthost] [info] ExtensionService#_doActivateExtension vscode.git {"startup":true,"extensionId":{"value":"vscode.github","_lower":"vscode.github"},"activationEvent":"*"}
[2020-12-11 10:11:37.729] [exthost] [info] ExtensionService#loadCommonJSModule file:///snap/code/50/usr/share/code/resources/app/extensions/git/dist/main
[2020-12-11 10:11:37.740] [exthost] [info] ExtensionService#_doActivateExtension vscode.merge-conflict {"startup":true,"extensionId":{"value":"vscode.merge-conflict","_lower":"vscode.merge-conflict"},"activationEvent":"*"}
[2020-12-11 10:11:37.740] [exthost] [info] ExtensionService#loadCommonJSModule file:///snap/code/50/usr/share/code/resources/app/extensions/merge-conflict/dist/mergeConflictMain
[2020-12-11 10:11:37.741] [exthost] [info] ExtensionService#_doActivateExtension vscode.search-result {"startup":true,"extensionId":{"value":"vscode.search-result","_lower":"vscode.search-result"},"activationEvent":"*"}
[2020-12-11 10:11:37.741] [exthost] [info] ExtensionService#loadCommonJSModule file:///snap/code/50/usr/share/code/resources/app/extensions/search-result/dist/extension.js
[2020-12-11 10:11:37.742] [exthost] [info] ExtensionService#_doActivateExtension artlaman.chalice-icon-theme {"startup":true,"extensionId":{"value":"artlaman.chalice-icon-theme","_lower":"artlaman.chalice-icon-theme"},"activationEvent":"*"}
[2020-12-11 10:11:37.742] [exthost] [info] ExtensionService#loadCommonJSModule file:///home/josh/.vscode/extensions/artlaman.chalice-icon-theme-1.2.9/dist/extension.js
[2020-12-11 10:11:37.744] [exthost] [info] ExtensionService#_doActivateExtension christian-kohler.path-intellisense {"startup":true,"extensionId":{"value":"christian-kohler.path-intellisense","_lower":"christian-kohler.path-intellisense"},"activationEvent":"*"}
[2020-12-11 10:11:37.744] [exthost] [info] ExtensionService#loadCommonJSModule file:///home/josh/.vscode/extensions/christian-kohler.path-intellisense-2.3.0/out/extension.js
[2020-12-11 10:11:37.752] [exthost] [info] ExtensionService#_doActivateExtension CoenraadS.bracket-pair-colorizer {"startup":true,"extensionId":{"value":"CoenraadS.bracket-pair-colorizer","_lower":"coenraads.bracket-pair-colorizer"},"activationEvent":"*"}
[2020-12-11 10:11:37.753] [exthost] [info] ExtensionService#loadCommonJSModule file:///home/josh/.vscode/extensions/coenraads.bracket-pair-colorizer-1.0.61/out/src/extension
[2020-12-11 10:11:37.761] [exthost] [info] ExtensionService#_doActivateExtension monokai.theme-monokai-pro-vscode {"startup":true,"extensionId":{"value":"monokai.theme-monokai-pro-vscode","_lower":"monokai.theme-monokai-pro-vscode"},"activationEvent":"*"}
[2020-12-11 10:11:37.761] [exthost] [info] ExtensionService#loadCommonJSModule file:///home/josh/.vscode/extensions/monokai.theme-monokai-pro-vscode-1.1.18/js/main
[2020-12-11 10:11:37.763] [exthost] [info] ExtensionService#_doActivateExtension PKief.material-icon-theme {"startup":true,"extensionId":{"value":"PKief.material-icon-theme","_lower":"pkief.material-icon-theme"},"activationEvent":"*"}
[2020-12-11 10:11:37.763] [exthost] [info] ExtensionService#loadCommonJSModule file:///home/josh/.vscode/extensions/pkief.material-icon-theme-4.4.0/dist/extension
[2020-12-11 10:11:37.767] [exthost] [info] ExtensionService#_doActivateExtension Shan.code-settings-sync {"startup":true,"extensionId":{"value":"Shan.code-settings-sync","_lower":"shan.code-settings-sync"},"activationEvent":"*"}
[2020-12-11 10:11:37.767] [exthost] [info] ExtensionService#loadCommonJSModule file:///home/josh/.vscode/extensions/shan.code-settings-sync-3.4.3/out/extension.js
[2020-12-11 10:11:37.804] [exthost] [info] ExtensionService#_doActivateExtension streetsidesoftware.code-spell-checker {"startup":true,"extensionId":{"value":"streetsidesoftware.code-spell-checker","_lower":"streetsidesoftware.code-spell-checker"},"activationEvent":"*"}
[2020-12-11 10:11:37.804] [exthost] [info] ExtensionService#loadCommonJSModule file:///home/josh/.vscode/extensions/streetsidesoftware.code-spell-checker-1.10.2/dist/extension.js
[2020-12-11 10:11:37.820] [exthost] [info] ExtensionService#_doActivateExtension vscodevim.vim {"startup":true,"extensionId":{"value":"vscodevim.vim","_lower":"vscodevim.vim"},"activationEvent":"*"}
[2020-12-11 10:11:37.820] [exthost] [info] ExtensionService#loadCommonJSModule file:///home/josh/.vscode/extensions/vscodevim.vim-1.18.5/out/extension
[2020-12-11 10:11:37.906] [exthost] [info] ExtensionService#_doActivateExtension Wscats.eno {"startup":true,"extensionId":{"value":"Wscats.eno","_lower":"wscats.eno"},"activationEvent":"*"}
[2020-12-11 10:11:37.906] [exthost] [info] ExtensionService#loadCommonJSModule file:///home/josh/.vscode/extensions/wscats.eno-2.3.39/out/extension.js
[2020-12-11 10:11:39.326] [exthost] [info] ExtensionService#_doActivateExtension vscode.github {"startup":true,"extensionId":{"value":"vscode.github","_lower":"vscode.github"},"activationEvent":"*"}
[2020-12-11 10:11:39.326] [exthost] [info] ExtensionService#loadCommonJSModule file:///snap/code/50/usr/share/code/resources/app/extensions/github/dist/extension.js
[2020-12-11 10:11:39.392] [exthost] [info] ExtensionService#_doActivateExtension ms-vscode.js-debug {"startup":false,"extensionId":{"value":"ms-vscode.js-debug","_lower":"ms-vscode.js-debug"},"activationEvent":"onCommand:extension.js-debug.clearAutoAttachVariables"}
[2020-12-11 10:11:39.392] [exthost] [info] ExtensionService#loadCommonJSModule file:///snap/code/50/usr/share/code/resources/app/extensions/ms-vscode.js-debug/src/extension.js
[2020-12-11 10:11:39.494] [exthost] [info] eager extensions activated
[2020-12-11 10:11:39.530] [exthost] [info] ExtensionService#_doActivateExtension eamodio.gitlens {"startup":false,"extensionId":{"value":"eamodio.gitlens","_lower":"eamodio.gitlens"},"activationEvent":"onStartupFinished"}
[2020-12-11 10:11:39.531] [exthost] [info] ExtensionService#loadCommonJSModule file:///home/josh/.vscode/extensions/eamodio.gitlens-11.0.6/dist/gitlens
[2020-12-11 10:11:39.635] [exthost] [info] ExtensionService#_doActivateExtension vscode.github-authentication {"startup":false,"extensionId":{"value":"vscode.github-authentication","_lower":"vscode.github-authentication"},"activationEvent":"onAuthenticationRequest:github"}
[2020-12-11 10:11:39.635] [exthost] [info] ExtensionService#loadCommonJSModule file:///snap/code/50/usr/share/code/resources/app/extensions/github-authentication/dist/extension.js
[2020-12-11 11:02:05.747] [exthost] [info] ExtensionService#_doActivateExtension James-Yu.latex-workshop {"startup":false,"extensionId":{"value":"James-Yu.latex-workshop","_lower":"james-yu.latex-workshop"},"activationEvent":"onLanguage:pdf"}
[2020-12-11 11:02:05.747] [exthost] [info] ExtensionService#loadCommonJSModule file:///home/josh/.vscode/extensions/james-yu.latex-workshop-8.15.0/out/src/main.js
[2020-12-11 11:02:05.994] [exthost] [warning] DiagnosticCollection with name 'BibTeX' does already exist.
[2020-12-11 11:02:06.440] [exthost] [warning] TextEditor is closed/disposed
[2020-12-11 11:02:06.440] [exthost] [warning] TextEditor is closed/disposed
[2020-12-11 11:02:06.440] [exthost] [warning] TextEditor is closed/disposed
[2020-12-11 11:02:45.986] [exthost] [info] ExtensionService#_doActivateExtension JeffersonQin.latex-snippets-jeff {"startup":false,"extensionId":{"value":"JeffersonQin.latex-snippets-jeff","_lower":"jeffersonqin.latex-snippets-jeff"},"activationEvent":"onLanguage:latex"}
[2020-12-11 11:02:45.986] [exthost] [info] ExtensionService#loadCommonJSModule file:///home/josh/.vscode/extensions/jeffersonqin.latex-snippets-jeff-1.2.3/src/extension.js
