[16:11:44] Initializing LaTeX Workshop.
[16:11:44] Extension root: /home/josh/.vscode/extensions/james-yu.latex-workshop-8.15.0
[16:11:44] Creating PDF file watcher.
[16:11:44] Creating LaTeX Workshop http and websocket server.
[16:11:44] LaTeX Workshop initialized.
[16:11:44] Current workspace folders: ["file:///home/josh/Documents/formal-notes/year-3/IPCV"]
[16:11:44] Current workspaceRootDir: /home/josh/Documents/formal-notes/year-3/IPCV
[16:11:44] Found root file from active editor: /home/josh/Documents/formal-notes/year-3/IPCV/ipcv.tex
[16:11:44] Root file changed: from undefined to /home/josh/Documents/formal-notes/year-3/IPCV/ipcv.tex
[16:11:44] Start to find all dependencies.
[16:11:44] Root file languageId: latex
[16:11:44] Instantiating a new file watcher for /home/josh/Documents/formal-notes/year-3/IPCV/ipcv.tex
[16:11:44] Creating Bib file watcher.
[16:11:44] Parsing a file and its subfiles: /home/josh/Documents/formal-notes/year-3/IPCV/ipcv.tex
[16:11:44] Parse fls file.
[16:11:44] Fls file found: /home/josh/Documents/formal-notes/year-3/IPCV/ipcv.fls
[16:11:44] Parse aux file: /home/josh/Documents/formal-notes/year-3/IPCV/ipcv.aux
[16:11:44] Server created on 127.0.0.1:43353
[16:11:44] Added to file watcher: /home/josh/Documents/formal-notes/year-3/IPCV/ipcv.tex
[16:11:44] Restoring the PDF viewer at the column 2 from the state: {"type":"state","state":{"path":"/home/josh/Documents/formal-notes/year-3/IPCV/ipcv.pdf","scale":"auto","scrollMode":0,"spreadMode":0,"scrollTop":10002,"scrollLeft":0,"trim":0}}
[16:11:44] LaTeX Workshop version: 8.15.0
[16:11:44] Snippet data loaded.
[16:11:45] Handle data type: open
[16:11:46] Preview PDF file: /home/josh/Documents/formal-notes/year-3/IPCV/ipcv.pdf
[16:11:46] Handle data type: request_params
[16:11:46] Sending the settings of the PDF viewer for initialization: {"type":"params","scale":"auto","trim":0,"scrollMode":0,"spreadMode":0,"hand":false,"invertMode":{"enabled":false,"brightness":1,"grayscale":0.6,"hueRotate":180,"invert":0,"sepia":0},"bgColor":"#ffffff","keybindings":{"synctex":"ctrl-click"}}
[16:11:46] Handle data type: loaded
[16:24:51] Current workspace folders: ["file:///home/josh/Documents/formal-notes/year-3/IPCV"]
[16:24:51] Current workspaceRootDir: /home/josh/Documents/formal-notes/year-3/IPCV
[16:24:51] Found root file from active editor: /home/josh/Documents/formal-notes/year-3/IPCV/ipcv.tex
[16:24:51] Keep using the same root file: /home/josh/Documents/formal-notes/year-3/IPCV/ipcv.tex
[16:26:58] File watcher - file changed: /home/josh/Documents/formal-notes/year-3/IPCV/ipcv.tex
[16:26:58] Parsing a file and its subfiles: /home/josh/Documents/formal-notes/year-3/IPCV/ipcv.tex
[16:26:58] Parse fls file.
[16:26:58] Fls file found: /home/josh/Documents/formal-notes/year-3/IPCV/ipcv.fls
[16:26:58] Parse aux file: /home/josh/Documents/formal-notes/year-3/IPCV/ipcv.aux
[16:26:58] Auto build started detecting the change of a file: /home/josh/Documents/formal-notes/year-3/IPCV/ipcv.tex
[16:26:58] BUILD command invoked.
[16:26:58] The document of the active editor: file:///home/josh/Documents/formal-notes/year-3/IPCV/ipcv.tex
[16:26:58] The languageId of the document: latex
[16:26:58] Building root file: /home/josh/Documents/formal-notes/year-3/IPCV/ipcv.tex
[16:26:58] Build root file /home/josh/Documents/formal-notes/year-3/IPCV/ipcv.tex
[16:26:58] Recipe step 1: latexmk, -synctex=1,-interaction=nonstopmode,-file-line-error,-pdf,-outdir=/home/josh/Documents/formal-notes/year-3/IPCV,/home/josh/Documents/formal-notes/year-3/IPCV/ipcv
[16:26:58] Recipe step env: {}
[16:26:58] cwd: /home/josh/Documents/formal-notes/year-3/IPCV
[16:26:58] LaTeX build process spawned. PID: 4317.
[16:27:00] LaTeX log parsed with 1 messages.
[16:27:00] Recipe of length 1 finished. PID: 4317.
[16:27:00] Successfully built /home/josh/Documents/formal-notes/year-3/IPCV/ipcv.tex.
[16:27:00] Refresh PDF viewer for /home/josh/Documents/formal-notes/year-3/IPCV/ipcv.pdf
[16:27:00] Parse fls file.
[16:27:00] Fls file found: /home/josh/Documents/formal-notes/year-3/IPCV/ipcv.fls
[16:27:01] Parse aux file: /home/josh/Documents/formal-notes/year-3/IPCV/ipcv.aux
[16:27:01] Preview PDF file: /home/josh/Documents/formal-notes/year-3/IPCV/ipcv.pdf
[16:27:01] Handle data type: loaded
[16:27:02] File watcher - file changed: /home/josh/Documents/formal-notes/year-3/IPCV/ipcv.tex
[16:27:02] Parsing a file and its subfiles: /home/josh/Documents/formal-notes/year-3/IPCV/ipcv.tex
[16:27:02] Parse fls file.
[16:27:02] Fls file found: /home/josh/Documents/formal-notes/year-3/IPCV/ipcv.fls
[16:27:02] Parse aux file: /home/josh/Documents/formal-notes/year-3/IPCV/ipcv.aux
[16:27:02] Auto build started detecting the change of a file: /home/josh/Documents/formal-notes/year-3/IPCV/ipcv.tex
[16:27:02] BUILD command invoked.
[16:27:02] The document of the active editor: file:///home/josh/Documents/formal-notes/year-3/IPCV/ipcv.tex
[16:27:02] The languageId of the document: latex
[16:27:02] Building root file: /home/josh/Documents/formal-notes/year-3/IPCV/ipcv.tex
[16:27:02] Build root file /home/josh/Documents/formal-notes/year-3/IPCV/ipcv.tex
[16:27:02] Recipe step 1: latexmk, -synctex=1,-interaction=nonstopmode,-file-line-error,-pdf,-outdir=/home/josh/Documents/formal-notes/year-3/IPCV,/home/josh/Documents/formal-notes/year-3/IPCV/ipcv
[16:27:02] Recipe step env: {}
[16:27:02] cwd: /home/josh/Documents/formal-notes/year-3/IPCV
[16:27:02] LaTeX build process spawned. PID: 4346.
[16:27:03] LaTeX log parsed with 1 messages.
[16:27:03] Recipe of length 1 finished. PID: 4346.
[16:27:03] Successfully built /home/josh/Documents/formal-notes/year-3/IPCV/ipcv.tex.
[16:27:03] Refresh PDF viewer for /home/josh/Documents/formal-notes/year-3/IPCV/ipcv.pdf
[16:27:03] Parse fls file.
[16:27:03] Fls file found: /home/josh/Documents/formal-notes/year-3/IPCV/ipcv.fls
[16:27:03] Parse aux file: /home/josh/Documents/formal-notes/year-3/IPCV/ipcv.aux
[16:27:03] Preview PDF file: /home/josh/Documents/formal-notes/year-3/IPCV/ipcv.pdf
[16:27:03] Handle data type: loaded
[16:27:14] File watcher - file changed: /home/josh/Documents/formal-notes/year-3/IPCV/ipcv.tex
[16:27:14] Parsing a file and its subfiles: /home/josh/Documents/formal-notes/year-3/IPCV/ipcv.tex
[16:27:14] Parse fls file.
[16:27:14] Fls file found: /home/josh/Documents/formal-notes/year-3/IPCV/ipcv.fls
[16:27:14] Parse aux file: /home/josh/Documents/formal-notes/year-3/IPCV/ipcv.aux
[16:27:14] Auto build started detecting the change of a file: /home/josh/Documents/formal-notes/year-3/IPCV/ipcv.tex
[16:27:14] BUILD command invoked.
[16:27:14] The document of the active editor: file:///home/josh/Documents/formal-notes/year-3/IPCV/ipcv.tex
[16:27:14] The languageId of the document: latex
[16:27:14] Building root file: /home/josh/Documents/formal-notes/year-3/IPCV/ipcv.tex
[16:27:14] Build root file /home/josh/Documents/formal-notes/year-3/IPCV/ipcv.tex
[16:27:14] Recipe step 1: latexmk, -synctex=1,-interaction=nonstopmode,-file-line-error,-pdf,-outdir=/home/josh/Documents/formal-notes/year-3/IPCV,/home/josh/Documents/formal-notes/year-3/IPCV/ipcv
[16:27:14] Recipe step env: {}
[16:27:14] cwd: /home/josh/Documents/formal-notes/year-3/IPCV
[16:27:14] LaTeX build process spawned. PID: 4383.
[16:27:15] LaTeX log parsed with 1 messages.
[16:27:15] Recipe of length 1 finished. PID: 4383.
[16:27:15] Successfully built /home/josh/Documents/formal-notes/year-3/IPCV/ipcv.tex.
[16:27:15] Refresh PDF viewer for /home/josh/Documents/formal-notes/year-3/IPCV/ipcv.pdf
[16:27:15] Parse fls file.
[16:27:15] Fls file found: /home/josh/Documents/formal-notes/year-3/IPCV/ipcv.fls
[16:27:15] Parse aux file: /home/josh/Documents/formal-notes/year-3/IPCV/ipcv.aux
[16:27:15] Preview PDF file: /home/josh/Documents/formal-notes/year-3/IPCV/ipcv.pdf
[16:27:15] Handle data type: loaded
[16:27:18] File watcher - file changed: /home/josh/Documents/formal-notes/year-3/IPCV/ipcv.tex
[16:27:18] Parsing a file and its subfiles: /home/josh/Documents/formal-notes/year-3/IPCV/ipcv.tex
[16:27:18] Parse fls file.
[16:27:18] Fls file found: /home/josh/Documents/formal-notes/year-3/IPCV/ipcv.fls
[16:27:18] Parse aux file: /home/josh/Documents/formal-notes/year-3/IPCV/ipcv.aux
[16:27:18] Auto build started detecting the change of a file: /home/josh/Documents/formal-notes/year-3/IPCV/ipcv.tex
[16:27:18] BUILD command invoked.
[16:27:18] The document of the active editor: file:///home/josh/Documents/formal-notes/year-3/IPCV/ipcv.tex
[16:27:18] The languageId of the document: latex
[16:27:18] Building root file: /home/josh/Documents/formal-notes/year-3/IPCV/ipcv.tex
[16:27:18] Build root file /home/josh/Documents/formal-notes/year-3/IPCV/ipcv.tex
[16:27:18] Recipe step 1: latexmk, -synctex=1,-interaction=nonstopmode,-file-line-error,-pdf,-outdir=/home/josh/Documents/formal-notes/year-3/IPCV,/home/josh/Documents/formal-notes/year-3/IPCV/ipcv
[16:27:18] Recipe step env: {}
[16:27:18] cwd: /home/josh/Documents/formal-notes/year-3/IPCV
[16:27:18] LaTeX build process spawned. PID: 4402.
[16:27:19] LaTeX log parsed with 1 messages.
[16:27:19] Recipe of length 1 finished. PID: 4402.
[16:27:19] Successfully built /home/josh/Documents/formal-notes/year-3/IPCV/ipcv.tex.
[16:27:19] Refresh PDF viewer for /home/josh/Documents/formal-notes/year-3/IPCV/ipcv.pdf
[16:27:19] Parse fls file.
[16:27:19] Fls file found: /home/josh/Documents/formal-notes/year-3/IPCV/ipcv.fls
[16:27:19] Parse aux file: /home/josh/Documents/formal-notes/year-3/IPCV/ipcv.aux
[16:27:19] Preview PDF file: /home/josh/Documents/formal-notes/year-3/IPCV/ipcv.pdf
[16:27:19] Handle data type: loaded
[16:27:26] File watcher - file changed: /home/josh/Documents/formal-notes/year-3/IPCV/ipcv.tex
[16:27:26] Parsing a file and its subfiles: /home/josh/Documents/formal-notes/year-3/IPCV/ipcv.tex
[16:27:26] Parse fls file.
[16:27:26] Fls file found: /home/josh/Documents/formal-notes/year-3/IPCV/ipcv.fls
[16:27:26] Parse aux file: /home/josh/Documents/formal-notes/year-3/IPCV/ipcv.aux
[16:27:26] Auto build started detecting the change of a file: /home/josh/Documents/formal-notes/year-3/IPCV/ipcv.tex
[16:27:26] BUILD command invoked.
[16:27:26] The document of the active editor: file:///home/josh/Documents/formal-notes/year-3/IPCV/ipcv.tex
[16:27:26] The languageId of the document: latex
[16:27:26] Building root file: /home/josh/Documents/formal-notes/year-3/IPCV/ipcv.tex
[16:27:26] Build root file /home/josh/Documents/formal-notes/year-3/IPCV/ipcv.tex
[16:27:26] Recipe step 1: latexmk, -synctex=1,-interaction=nonstopmode,-file-line-error,-pdf,-outdir=/home/josh/Documents/formal-notes/year-3/IPCV,/home/josh/Documents/formal-notes/year-3/IPCV/ipcv
[16:27:26] Recipe step env: {}
[16:27:26] cwd: /home/josh/Documents/formal-notes/year-3/IPCV
[16:27:26] LaTeX build process spawned. PID: 4420.
[16:27:27] LaTeX log parsed with 1 messages.
[16:27:27] Recipe of length 1 finished. PID: 4420.
[16:27:27] Successfully built /home/josh/Documents/formal-notes/year-3/IPCV/ipcv.tex.
[16:27:27] Refresh PDF viewer for /home/josh/Documents/formal-notes/year-3/IPCV/ipcv.pdf
[16:27:27] Parse fls file.
[16:27:27] Fls file found: /home/josh/Documents/formal-notes/year-3/IPCV/ipcv.fls
[16:27:27] Parse aux file: /home/josh/Documents/formal-notes/year-3/IPCV/ipcv.aux
[16:27:27] Preview PDF file: /home/josh/Documents/formal-notes/year-3/IPCV/ipcv.pdf
[16:27:27] Handle data type: loaded
[16:27:31] File watcher - file changed: /home/josh/Documents/formal-notes/year-3/IPCV/ipcv.tex
[16:27:31] Parsing a file and its subfiles: /home/josh/Documents/formal-notes/year-3/IPCV/ipcv.tex
[16:27:31] Parse fls file.
[16:27:31] Fls file found: /home/josh/Documents/formal-notes/year-3/IPCV/ipcv.fls
[16:27:31] Parse aux file: /home/josh/Documents/formal-notes/year-3/IPCV/ipcv.aux
[16:27:31] Auto build started detecting the change of a file: /home/josh/Documents/formal-notes/year-3/IPCV/ipcv.tex
[16:27:31] BUILD command invoked.
[16:27:31] The document of the active editor: file:///home/josh/Documents/formal-notes/year-3/IPCV/ipcv.tex
[16:27:31] The languageId of the document: latex
[16:27:31] Building root file: /home/josh/Documents/formal-notes/year-3/IPCV/ipcv.tex
[16:27:31] Build root file /home/josh/Documents/formal-notes/year-3/IPCV/ipcv.tex
[16:27:31] Recipe step 1: latexmk, -synctex=1,-interaction=nonstopmode,-file-line-error,-pdf,-outdir=/home/josh/Documents/formal-notes/year-3/IPCV,/home/josh/Documents/formal-notes/year-3/IPCV/ipcv
[16:27:31] Recipe step env: {}
[16:27:31] cwd: /home/josh/Documents/formal-notes/year-3/IPCV
[16:27:31] LaTeX build process spawned. PID: 4437.
[16:27:32] LaTeX log parsed with 3 messages.
[16:27:32] Recipe returns with error: 12/null. PID: 4437. message: Latexmk: This is Latexmk, John Collins, 26 Dec. 2019, version: 4.67.
Rule 'pdflatex': File changes, etc:
   Changed files, or newly in use since previous run(s):
      '/home/josh/Documents/formal-notes/year-3/IPCV/ipcv.tex'
      'ipcv.tex'
------------
Run number 1 of rule 'pdflatex'
------------
------------
Running 'pdflatex  -synctex=1 -interaction=nonstopmode -file-line-error -recorder -output-directory="/home/josh/Documents/formal-notes/year-3/IPCV"  "/home/josh/Documents/formal-notes/year-3/IPCV/ipcv.tex"'
------------
Latexmk: Log file says output to 'ipcv.pdf'
Collected error summary (may duplicate other messages):
  pdflatex: Command for 'pdflatex' gave return code 1
      Refer to '/home/josh/Documents/formal-notes/year-3/IPCV/ipcv.log' for details
Latexmk: Use the -f option to force complete processing,
 unless error was exceeding maximum runs, or warnings treated as errors.
.
[16:27:32] The environment variable $PATH: /home/josh/.zinit/polaris/sbin:/home/josh/.zinit/polaris/bin:/home/josh/anaconda3/bin:/home/josh/bin:/usr/local/bin:/home/josh/.local/bin:/usr/local/sbin:/usr/local/bin:/usr/sbin:/usr/bin:/sbin:/bin:/usr/games:/usr/local/games:/snap/bin:/home/josh/.fzf/bin
[16:27:32] The environment variable $SHELL: /usr/bin/zsh
[16:27:32] Cleaning auxiliary files and retrying build after toolchain error.
[16:27:32] File cleaned: /home/josh/Documents/formal-notes/year-3/IPCV/ipcv.aux
[16:27:32] File cleaned: /home/josh/Documents/formal-notes/year-3/IPCV/ipcv.out
[16:27:32] File cleaned: /home/josh/Documents/formal-notes/year-3/IPCV/ipcv.fdb_latexmk
[16:27:32] File cleaned: /home/josh/Documents/formal-notes/year-3/IPCV/ipcv.toc
[16:27:32] File cleaned: /home/josh/Documents/formal-notes/year-3/IPCV/ipcv.fls
[16:27:32] File cleaned: /home/josh/Documents/formal-notes/year-3/IPCV/ipcv.log
[16:27:32] Recipe step 1: latexmk, -synctex=1,-interaction=nonstopmode,-file-line-error,-pdf,-outdir=/home/josh/Documents/formal-notes/year-3/IPCV,/home/josh/Documents/formal-notes/year-3/IPCV/ipcv
[16:27:32] Recipe step env: {}
[16:27:32] cwd: /home/josh/Documents/formal-notes/year-3/IPCV
[16:27:32] LaTeX build process spawned. PID: 4450.
[16:27:33] File watcher - file changed: /home/josh/Documents/formal-notes/year-3/IPCV/ipcv.tex
[16:27:33] Parsing a file and its subfiles: /home/josh/Documents/formal-notes/year-3/IPCV/ipcv.tex
[16:27:33] Parse fls file.
[16:27:33] Fls file found: /home/josh/Documents/formal-notes/year-3/IPCV/ipcv.fls
[16:27:33] Auto build started detecting the change of a file: /home/josh/Documents/formal-notes/year-3/IPCV/ipcv.tex
[16:27:33] BUILD command invoked.
[16:27:33] The document of the active editor: file:///home/josh/Documents/formal-notes/year-3/IPCV/ipcv.tex
[16:27:33] The languageId of the document: latex
[16:27:33] Building root file: /home/josh/Documents/formal-notes/year-3/IPCV/ipcv.tex
[16:27:35] LaTeX log parsed with 1 messages.
[16:27:35] Recipe of length 1 finished. PID: 4450.
[16:27:35] Successfully built /home/josh/Documents/formal-notes/year-3/IPCV/ipcv.tex.
[16:27:35] Refresh PDF viewer for /home/josh/Documents/formal-notes/year-3/IPCV/ipcv.pdf
[16:27:35] Parse fls file.
[16:27:35] Fls file found: /home/josh/Documents/formal-notes/year-3/IPCV/ipcv.fls
[16:27:35] Parse aux file: /home/josh/Documents/formal-notes/year-3/IPCV/ipcv.aux
[16:27:35] Build root file /home/josh/Documents/formal-notes/year-3/IPCV/ipcv.tex
[16:27:35] Recipe step 1: latexmk, -synctex=1,-interaction=nonstopmode,-file-line-error,-pdf,-outdir=/home/josh/Documents/formal-notes/year-3/IPCV,/home/josh/Documents/formal-notes/year-3/IPCV/ipcv
[16:27:35] Recipe step env: {}
[16:27:35] cwd: /home/josh/Documents/formal-notes/year-3/IPCV
[16:27:35] LaTeX build process spawned. PID: 4486.
[16:27:35] Preview PDF file: /home/josh/Documents/formal-notes/year-3/IPCV/ipcv.pdf
[16:27:35] Handle data type: loaded
[16:27:35] Recipe of length 1 finished. PID: 4486.
[16:27:35] Successfully built /home/josh/Documents/formal-notes/year-3/IPCV/ipcv.tex.
[16:30:56] File watcher - file changed: /home/josh/Documents/formal-notes/year-3/IPCV/ipcv.tex
[16:30:56] Parsing a file and its subfiles: /home/josh/Documents/formal-notes/year-3/IPCV/ipcv.tex
[16:30:56] Parse fls file.
[16:30:56] Fls file found: /home/josh/Documents/formal-notes/year-3/IPCV/ipcv.fls
[16:30:57] Parse aux file: /home/josh/Documents/formal-notes/year-3/IPCV/ipcv.aux
[16:30:57] Auto build started detecting the change of a file: /home/josh/Documents/formal-notes/year-3/IPCV/ipcv.tex
[16:30:57] BUILD command invoked.
[16:30:57] The document of the active editor: file:///home/josh/Documents/formal-notes/year-3/IPCV/ipcv.tex
[16:30:57] The languageId of the document: latex
[16:30:57] Building root file: /home/josh/Documents/formal-notes/year-3/IPCV/ipcv.tex
[16:30:57] Build root file /home/josh/Documents/formal-notes/year-3/IPCV/ipcv.tex
[16:30:57] Recipe step 1: latexmk, -synctex=1,-interaction=nonstopmode,-file-line-error,-pdf,-outdir=/home/josh/Documents/formal-notes/year-3/IPCV,/home/josh/Documents/formal-notes/year-3/IPCV/ipcv
[16:30:57] Recipe step env: {}
[16:30:57] cwd: /home/josh/Documents/formal-notes/year-3/IPCV
[16:30:57] LaTeX build process spawned. PID: 4555.
[16:30:58] LaTeX log parsed with 1 messages.
[16:30:58] Recipe of length 1 finished. PID: 4555.
[16:30:58] Successfully built /home/josh/Documents/formal-notes/year-3/IPCV/ipcv.tex.
[16:30:58] Refresh PDF viewer for /home/josh/Documents/formal-notes/year-3/IPCV/ipcv.pdf
[16:30:58] Parse fls file.
[16:30:58] Fls file found: /home/josh/Documents/formal-notes/year-3/IPCV/ipcv.fls
[16:30:58] Parse aux file: /home/josh/Documents/formal-notes/year-3/IPCV/ipcv.aux
[16:30:58] Preview PDF file: /home/josh/Documents/formal-notes/year-3/IPCV/ipcv.pdf
[16:30:58] Handle data type: loaded
[16:31:07] File watcher - file changed: /home/josh/Documents/formal-notes/year-3/IPCV/ipcv.tex
[16:31:07] Parsing a file and its subfiles: /home/josh/Documents/formal-notes/year-3/IPCV/ipcv.tex
[16:31:07] Parse fls file.
[16:31:07] Fls file found: /home/josh/Documents/formal-notes/year-3/IPCV/ipcv.fls
[16:31:07] Parse aux file: /home/josh/Documents/formal-notes/year-3/IPCV/ipcv.aux
[16:31:07] Auto build started detecting the change of a file: /home/josh/Documents/formal-notes/year-3/IPCV/ipcv.tex
[16:31:07] BUILD command invoked.
[16:31:07] The document of the active editor: file:///home/josh/Documents/formal-notes/year-3/IPCV/ipcv.tex
[16:31:07] The languageId of the document: latex
[16:31:07] Building root file: /home/josh/Documents/formal-notes/year-3/IPCV/ipcv.tex
[16:31:07] Build root file /home/josh/Documents/formal-notes/year-3/IPCV/ipcv.tex
[16:31:07] Recipe step 1: latexmk, -synctex=1,-interaction=nonstopmode,-file-line-error,-pdf,-outdir=/home/josh/Documents/formal-notes/year-3/IPCV,/home/josh/Documents/formal-notes/year-3/IPCV/ipcv
[16:31:07] Recipe step env: {}
[16:31:07] cwd: /home/josh/Documents/formal-notes/year-3/IPCV
[16:31:07] LaTeX build process spawned. PID: 4579.
[16:31:08] LaTeX log parsed with 1 messages.
[16:31:08] Recipe of length 1 finished. PID: 4579.
[16:31:08] Successfully built /home/josh/Documents/formal-notes/year-3/IPCV/ipcv.tex.
[16:31:08] Refresh PDF viewer for /home/josh/Documents/formal-notes/year-3/IPCV/ipcv.pdf
[16:31:08] Parse fls file.
[16:31:08] Fls file found: /home/josh/Documents/formal-notes/year-3/IPCV/ipcv.fls
[16:31:08] Parse aux file: /home/josh/Documents/formal-notes/year-3/IPCV/ipcv.aux
[16:31:08] Preview PDF file: /home/josh/Documents/formal-notes/year-3/IPCV/ipcv.pdf
[16:31:08] Handle data type: loaded
[16:31:14] File watcher - file changed: /home/josh/Documents/formal-notes/year-3/IPCV/ipcv.tex
[16:31:14] Parsing a file and its subfiles: /home/josh/Documents/formal-notes/year-3/IPCV/ipcv.tex
[16:31:14] Parse fls file.
[16:31:14] Fls file found: /home/josh/Documents/formal-notes/year-3/IPCV/ipcv.fls
[16:31:15] Parse aux file: /home/josh/Documents/formal-notes/year-3/IPCV/ipcv.aux
[16:31:15] Auto build started detecting the change of a file: /home/josh/Documents/formal-notes/year-3/IPCV/ipcv.tex
[16:31:15] BUILD command invoked.
[16:31:15] The document of the active editor: file:///home/josh/Documents/formal-notes/year-3/IPCV/ipcv.tex
[16:31:15] The languageId of the document: latex
[16:31:15] Building root file: /home/josh/Documents/formal-notes/year-3/IPCV/ipcv.tex
[16:31:15] Build root file /home/josh/Documents/formal-notes/year-3/IPCV/ipcv.tex
[16:31:15] Recipe step 1: latexmk, -synctex=1,-interaction=nonstopmode,-file-line-error,-pdf,-outdir=/home/josh/Documents/formal-notes/year-3/IPCV,/home/josh/Documents/formal-notes/year-3/IPCV/ipcv
[16:31:15] Recipe step env: {}
[16:31:15] cwd: /home/josh/Documents/formal-notes/year-3/IPCV
[16:31:15] LaTeX build process spawned. PID: 4596.
[16:31:15] LaTeX log parsed with 1 messages.
[16:31:15] Recipe of length 1 finished. PID: 4596.
[16:31:15] Successfully built /home/josh/Documents/formal-notes/year-3/IPCV/ipcv.tex.
[16:31:15] Refresh PDF viewer for /home/josh/Documents/formal-notes/year-3/IPCV/ipcv.pdf
[16:31:15] Parse fls file.
[16:31:15] Fls file found: /home/josh/Documents/formal-notes/year-3/IPCV/ipcv.fls
[16:31:16] Parse aux file: /home/josh/Documents/formal-notes/year-3/IPCV/ipcv.aux
[16:31:16] Preview PDF file: /home/josh/Documents/formal-notes/year-3/IPCV/ipcv.pdf
[16:31:16] Handle data type: loaded
[16:31:21] File watcher - file changed: /home/josh/Documents/formal-notes/year-3/IPCV/ipcv.tex
[16:31:21] Parsing a file and its subfiles: /home/josh/Documents/formal-notes/year-3/IPCV/ipcv.tex
[16:31:21] Parse fls file.
[16:31:21] Fls file found: /home/josh/Documents/formal-notes/year-3/IPCV/ipcv.fls
[16:31:21] Parse aux file: /home/josh/Documents/formal-notes/year-3/IPCV/ipcv.aux
[16:31:21] Auto build started detecting the change of a file: /home/josh/Documents/formal-notes/year-3/IPCV/ipcv.tex
[16:31:21] BUILD command invoked.
[16:31:21] The document of the active editor: file:///home/josh/Documents/formal-notes/year-3/IPCV/ipcv.tex
[16:31:21] The languageId of the document: latex
[16:31:21] Building root file: /home/josh/Documents/formal-notes/year-3/IPCV/ipcv.tex
[16:31:21] Build root file /home/josh/Documents/formal-notes/year-3/IPCV/ipcv.tex
[16:31:21] Recipe step 1: latexmk, -synctex=1,-interaction=nonstopmode,-file-line-error,-pdf,-outdir=/home/josh/Documents/formal-notes/year-3/IPCV,/home/josh/Documents/formal-notes/year-3/IPCV/ipcv
[16:31:21] Recipe step env: {}
[16:31:21] cwd: /home/josh/Documents/formal-notes/year-3/IPCV
[16:31:21] LaTeX build process spawned. PID: 4619.
[16:31:22] LaTeX log parsed with 1 messages.
[16:31:22] Recipe of length 1 finished. PID: 4619.
[16:31:22] Successfully built /home/josh/Documents/formal-notes/year-3/IPCV/ipcv.tex.
[16:31:22] Refresh PDF viewer for /home/josh/Documents/formal-notes/year-3/IPCV/ipcv.pdf
[16:31:22] Parse fls file.
[16:31:22] Fls file found: /home/josh/Documents/formal-notes/year-3/IPCV/ipcv.fls
[16:31:22] Parse aux file: /home/josh/Documents/formal-notes/year-3/IPCV/ipcv.aux
[16:31:22] Preview PDF file: /home/josh/Documents/formal-notes/year-3/IPCV/ipcv.pdf
[16:31:22] Handle data type: loaded
[16:31:26] File watcher - file changed: /home/josh/Documents/formal-notes/year-3/IPCV/ipcv.tex
[16:31:26] Parsing a file and its subfiles: /home/josh/Documents/formal-notes/year-3/IPCV/ipcv.tex
[16:31:26] Parse fls file.
[16:31:26] Fls file found: /home/josh/Documents/formal-notes/year-3/IPCV/ipcv.fls
[16:31:26] Parse aux file: /home/josh/Documents/formal-notes/year-3/IPCV/ipcv.aux
[16:31:26] Auto build started detecting the change of a file: /home/josh/Documents/formal-notes/year-3/IPCV/ipcv.tex
[16:31:26] BUILD command invoked.
[16:31:26] The document of the active editor: file:///home/josh/Documents/formal-notes/year-3/IPCV/ipcv.tex
[16:31:26] The languageId of the document: latex
[16:31:26] Building root file: /home/josh/Documents/formal-notes/year-3/IPCV/ipcv.tex
[16:31:26] Build root file /home/josh/Documents/formal-notes/year-3/IPCV/ipcv.tex
[16:31:26] Recipe step 1: latexmk, -synctex=1,-interaction=nonstopmode,-file-line-error,-pdf,-outdir=/home/josh/Documents/formal-notes/year-3/IPCV,/home/josh/Documents/formal-notes/year-3/IPCV/ipcv
[16:31:26] Recipe step env: {}
[16:31:26] cwd: /home/josh/Documents/formal-notes/year-3/IPCV
[16:31:26] LaTeX build process spawned. PID: 4640.
[16:31:27] LaTeX log parsed with 1 messages.
[16:31:27] Recipe of length 1 finished. PID: 4640.
[16:31:27] Successfully built /home/josh/Documents/formal-notes/year-3/IPCV/ipcv.tex.
[16:31:27] Refresh PDF viewer for /home/josh/Documents/formal-notes/year-3/IPCV/ipcv.pdf
[16:31:27] Parse fls file.
[16:31:27] Fls file found: /home/josh/Documents/formal-notes/year-3/IPCV/ipcv.fls
[16:31:27] Parse aux file: /home/josh/Documents/formal-notes/year-3/IPCV/ipcv.aux
[16:31:27] Preview PDF file: /home/josh/Documents/formal-notes/year-3/IPCV/ipcv.pdf
[16:31:27] Handle data type: loaded
[16:34:12] File watcher - file changed: /home/josh/Documents/formal-notes/year-3/IPCV/ipcv.tex
[16:34:12] Parsing a file and its subfiles: /home/josh/Documents/formal-notes/year-3/IPCV/ipcv.tex
[16:34:12] Parse fls file.
[16:34:12] Fls file found: /home/josh/Documents/formal-notes/year-3/IPCV/ipcv.fls
[16:34:12] Parse aux file: /home/josh/Documents/formal-notes/year-3/IPCV/ipcv.aux
[16:34:12] Auto build started detecting the change of a file: /home/josh/Documents/formal-notes/year-3/IPCV/ipcv.tex
[16:34:12] BUILD command invoked.
[16:34:12] The document of the active editor: file:///home/josh/Documents/formal-notes/year-3/IPCV/ipcv.tex
[16:34:12] The languageId of the document: latex
[16:34:12] Building root file: /home/josh/Documents/formal-notes/year-3/IPCV/ipcv.tex
[16:34:12] Build root file /home/josh/Documents/formal-notes/year-3/IPCV/ipcv.tex
[16:34:12] Recipe step 1: latexmk, -synctex=1,-interaction=nonstopmode,-file-line-error,-pdf,-outdir=/home/josh/Documents/formal-notes/year-3/IPCV,/home/josh/Documents/formal-notes/year-3/IPCV/ipcv
[16:34:12] Recipe step env: {}
[16:34:12] cwd: /home/josh/Documents/formal-notes/year-3/IPCV
[16:34:12] LaTeX build process spawned. PID: 4841.
[16:34:13] LaTeX log parsed with 1 messages.
[16:34:13] Recipe of length 1 finished. PID: 4841.
[16:34:13] Successfully built /home/josh/Documents/formal-notes/year-3/IPCV/ipcv.tex.
[16:34:13] Refresh PDF viewer for /home/josh/Documents/formal-notes/year-3/IPCV/ipcv.pdf
[16:34:13] Parse fls file.
[16:34:13] Fls file found: /home/josh/Documents/formal-notes/year-3/IPCV/ipcv.fls
[16:34:13] Parse aux file: /home/josh/Documents/formal-notes/year-3/IPCV/ipcv.aux
[16:34:13] Preview PDF file: /home/josh/Documents/formal-notes/year-3/IPCV/ipcv.pdf
[16:34:13] Handle data type: loaded
[16:34:18] File watcher - file changed: /home/josh/Documents/formal-notes/year-3/IPCV/ipcv.tex
[16:34:18] Parsing a file and its subfiles: /home/josh/Documents/formal-notes/year-3/IPCV/ipcv.tex
[16:34:18] Parse fls file.
[16:34:18] Fls file found: /home/josh/Documents/formal-notes/year-3/IPCV/ipcv.fls
[16:34:18] Parse aux file: /home/josh/Documents/formal-notes/year-3/IPCV/ipcv.aux
[16:34:18] Auto build started detecting the change of a file: /home/josh/Documents/formal-notes/year-3/IPCV/ipcv.tex
[16:34:18] BUILD command invoked.
[16:34:18] The document of the active editor: file:///home/josh/Documents/formal-notes/year-3/IPCV/ipcv.tex
[16:34:18] The languageId of the document: latex
[16:34:18] Building root file: /home/josh/Documents/formal-notes/year-3/IPCV/ipcv.tex
[16:34:18] Build root file /home/josh/Documents/formal-notes/year-3/IPCV/ipcv.tex
[16:34:18] Recipe step 1: latexmk, -synctex=1,-interaction=nonstopmode,-file-line-error,-pdf,-outdir=/home/josh/Documents/formal-notes/year-3/IPCV,/home/josh/Documents/formal-notes/year-3/IPCV/ipcv
[16:34:18] Recipe step env: {}
[16:34:18] cwd: /home/josh/Documents/formal-notes/year-3/IPCV
[16:34:18] LaTeX build process spawned. PID: 4863.
[16:34:18] Recipe of length 1 finished. PID: 4863.
[16:34:18] Successfully built /home/josh/Documents/formal-notes/year-3/IPCV/ipcv.tex.
[16:34:25] File watcher - file changed: /home/josh/Documents/formal-notes/year-3/IPCV/ipcv.tex
[16:34:25] Parsing a file and its subfiles: /home/josh/Documents/formal-notes/year-3/IPCV/ipcv.tex
[16:34:25] Parse fls file.
[16:34:25] Fls file found: /home/josh/Documents/formal-notes/year-3/IPCV/ipcv.fls
[16:34:25] Parse aux file: /home/josh/Documents/formal-notes/year-3/IPCV/ipcv.aux
[16:34:25] Auto build started detecting the change of a file: /home/josh/Documents/formal-notes/year-3/IPCV/ipcv.tex
[16:34:25] BUILD command invoked.
[16:34:25] The document of the active editor: file:///home/josh/Documents/formal-notes/year-3/IPCV/ipcv.tex
[16:34:25] The languageId of the document: latex
[16:34:25] Building root file: /home/josh/Documents/formal-notes/year-3/IPCV/ipcv.tex
[16:34:25] Build root file /home/josh/Documents/formal-notes/year-3/IPCV/ipcv.tex
[16:34:25] Recipe step 1: latexmk, -synctex=1,-interaction=nonstopmode,-file-line-error,-pdf,-outdir=/home/josh/Documents/formal-notes/year-3/IPCV,/home/josh/Documents/formal-notes/year-3/IPCV/ipcv
[16:34:25] Recipe step env: {}
[16:34:25] cwd: /home/josh/Documents/formal-notes/year-3/IPCV
[16:34:25] LaTeX build process spawned. PID: 4870.
[16:34:26] LaTeX log parsed with 1 messages.
[16:34:26] Recipe of length 1 finished. PID: 4870.
[16:34:26] Successfully built /home/josh/Documents/formal-notes/year-3/IPCV/ipcv.tex.
[16:34:26] Refresh PDF viewer for /home/josh/Documents/formal-notes/year-3/IPCV/ipcv.pdf
[16:34:26] Parse fls file.
[16:34:26] Fls file found: /home/josh/Documents/formal-notes/year-3/IPCV/ipcv.fls
[16:34:26] Parse aux file: /home/josh/Documents/formal-notes/year-3/IPCV/ipcv.aux
[16:34:26] Preview PDF file: /home/josh/Documents/formal-notes/year-3/IPCV/ipcv.pdf
[16:34:26] Handle data type: loaded
[16:34:51] File watcher - file changed: /home/josh/Documents/formal-notes/year-3/IPCV/ipcv.tex
[16:34:51] Parsing a file and its subfiles: /home/josh/Documents/formal-notes/year-3/IPCV/ipcv.tex
[16:34:51] Parse fls file.
[16:34:51] Fls file found: /home/josh/Documents/formal-notes/year-3/IPCV/ipcv.fls
[16:34:51] Parse aux file: /home/josh/Documents/formal-notes/year-3/IPCV/ipcv.aux
[16:34:51] Auto build started detecting the change of a file: /home/josh/Documents/formal-notes/year-3/IPCV/ipcv.tex
[16:34:51] BUILD command invoked.
[16:34:51] The document of the active editor: file:///home/josh/Documents/formal-notes/year-3/IPCV/ipcv.tex
[16:34:51] The languageId of the document: latex
[16:34:51] Building root file: /home/josh/Documents/formal-notes/year-3/IPCV/ipcv.tex
[16:34:51] Build root file /home/josh/Documents/formal-notes/year-3/IPCV/ipcv.tex
[16:34:51] Recipe step 1: latexmk, -synctex=1,-interaction=nonstopmode,-file-line-error,-pdf,-outdir=/home/josh/Documents/formal-notes/year-3/IPCV,/home/josh/Documents/formal-notes/year-3/IPCV/ipcv
[16:34:51] Recipe step env: {}
[16:34:51] cwd: /home/josh/Documents/formal-notes/year-3/IPCV
[16:34:51] LaTeX build process spawned. PID: 4907.
[16:34:52] LaTeX log parsed with 1 messages.
[16:34:52] Recipe of length 1 finished. PID: 4907.
[16:34:52] Successfully built /home/josh/Documents/formal-notes/year-3/IPCV/ipcv.tex.
[16:34:52] Refresh PDF viewer for /home/josh/Documents/formal-notes/year-3/IPCV/ipcv.pdf
[16:34:52] Parse fls file.
[16:34:52] Fls file found: /home/josh/Documents/formal-notes/year-3/IPCV/ipcv.fls
[16:34:52] Parse aux file: /home/josh/Documents/formal-notes/year-3/IPCV/ipcv.aux
[16:34:52] Preview PDF file: /home/josh/Documents/formal-notes/year-3/IPCV/ipcv.pdf
[16:34:53] Handle data type: loaded
[16:40:25] Current workspace folders: ["file:///home/josh/Documents/formal-notes/year-3/IPCV"]
[16:40:25] Current workspaceRootDir: /home/josh/Documents/formal-notes/year-3/IPCV
[16:40:25] Found root file from active editor: /home/josh/Documents/formal-notes/year-3/IPCV/ipcv.tex
[16:40:25] Keep using the same root file: /home/josh/Documents/formal-notes/year-3/IPCV/ipcv.tex
[16:40:27] Current workspace folders: ["file:///home/josh/Documents/formal-notes/year-3/IPCV"]
[16:40:27] Current workspaceRootDir: /home/josh/Documents/formal-notes/year-3/IPCV
[16:40:27] Found root file from active editor: /home/josh/Documents/formal-notes/year-3/IPCV/ipcv.tex
[16:40:27] Keep using the same root file: /home/josh/Documents/formal-notes/year-3/IPCV/ipcv.tex
[16:40:39] Current workspace folders: ["file:///home/josh/Documents/formal-notes/year-3/IPCV"]
[16:40:39] Current workspaceRootDir: /home/josh/Documents/formal-notes/year-3/IPCV
[16:40:39] Found root file from active editor: /home/josh/Documents/formal-notes/year-3/IPCV/ipcv.tex
[16:40:39] Keep using the same root file: /home/josh/Documents/formal-notes/year-3/IPCV/ipcv.tex
[16:40:40] File watcher - file changed: /home/josh/Documents/formal-notes/year-3/IPCV/ipcv.tex
[16:40:40] Parsing a file and its subfiles: /home/josh/Documents/formal-notes/year-3/IPCV/ipcv.tex
[16:40:40] Parse fls file.
[16:40:40] Fls file found: /home/josh/Documents/formal-notes/year-3/IPCV/ipcv.fls
[16:40:40] Parse aux file: /home/josh/Documents/formal-notes/year-3/IPCV/ipcv.aux
[16:40:40] Auto build started detecting the change of a file: /home/josh/Documents/formal-notes/year-3/IPCV/ipcv.tex
[16:40:40] BUILD command invoked.
[16:40:40] The document of the active editor: file:///home/josh/Documents/formal-notes/year-3/IPCV/ipcv.tex
[16:40:40] The languageId of the document: latex
[16:40:40] Building root file: /home/josh/Documents/formal-notes/year-3/IPCV/ipcv.tex
[16:40:40] Build root file /home/josh/Documents/formal-notes/year-3/IPCV/ipcv.tex
[16:40:40] Recipe step 1: latexmk, -synctex=1,-interaction=nonstopmode,-file-line-error,-pdf,-outdir=/home/josh/Documents/formal-notes/year-3/IPCV,/home/josh/Documents/formal-notes/year-3/IPCV/ipcv
[16:40:40] Recipe step env: {}
[16:40:40] cwd: /home/josh/Documents/formal-notes/year-3/IPCV
[16:40:40] LaTeX build process spawned. PID: 5094.
[16:40:42] LaTeX log parsed with 1 messages.
[16:40:42] Recipe of length 1 finished. PID: 5094.
[16:40:42] Successfully built /home/josh/Documents/formal-notes/year-3/IPCV/ipcv.tex.
[16:40:42] Refresh PDF viewer for /home/josh/Documents/formal-notes/year-3/IPCV/ipcv.pdf
[16:40:42] Parse fls file.
[16:40:42] Fls file found: /home/josh/Documents/formal-notes/year-3/IPCV/ipcv.fls
[16:40:42] Parse aux file: /home/josh/Documents/formal-notes/year-3/IPCV/ipcv.aux
[16:40:42] Preview PDF file: /home/josh/Documents/formal-notes/year-3/IPCV/ipcv.pdf
[16:40:42] Handle data type: loaded
[16:40:51] File watcher - file changed: /home/josh/Documents/formal-notes/year-3/IPCV/ipcv.tex
[16:40:51] Parsing a file and its subfiles: /home/josh/Documents/formal-notes/year-3/IPCV/ipcv.tex
[16:40:51] Parse fls file.
[16:40:51] Fls file found: /home/josh/Documents/formal-notes/year-3/IPCV/ipcv.fls
[16:40:51] Parse aux file: /home/josh/Documents/formal-notes/year-3/IPCV/ipcv.aux
[16:40:51] Auto build started detecting the change of a file: /home/josh/Documents/formal-notes/year-3/IPCV/ipcv.tex
[16:40:51] BUILD command invoked.
[16:40:51] The document of the active editor: file:///home/josh/Documents/formal-notes/year-3/IPCV/ipcv.tex
[16:40:51] The languageId of the document: latex
[16:40:51] Building root file: /home/josh/Documents/formal-notes/year-3/IPCV/ipcv.tex
[16:40:51] Build root file /home/josh/Documents/formal-notes/year-3/IPCV/ipcv.tex
[16:40:51] Recipe step 1: latexmk, -synctex=1,-interaction=nonstopmode,-file-line-error,-pdf,-outdir=/home/josh/Documents/formal-notes/year-3/IPCV,/home/josh/Documents/formal-notes/year-3/IPCV/ipcv
[16:40:51] Recipe step env: {}
[16:40:51] cwd: /home/josh/Documents/formal-notes/year-3/IPCV
[16:40:51] LaTeX build process spawned. PID: 5124.
[16:40:52] LaTeX log parsed with 1 messages.
[16:40:52] Recipe of length 1 finished. PID: 5124.
[16:40:52] Successfully built /home/josh/Documents/formal-notes/year-3/IPCV/ipcv.tex.
[16:40:52] Refresh PDF viewer for /home/josh/Documents/formal-notes/year-3/IPCV/ipcv.pdf
[16:40:52] Parse fls file.
[16:40:52] Fls file found: /home/josh/Documents/formal-notes/year-3/IPCV/ipcv.fls
[16:40:52] Parse aux file: /home/josh/Documents/formal-notes/year-3/IPCV/ipcv.aux
[16:40:52] Preview PDF file: /home/josh/Documents/formal-notes/year-3/IPCV/ipcv.pdf
[16:40:53] Handle data type: loaded
[16:52:53] File watcher - file changed: /home/josh/Documents/formal-notes/year-3/IPCV/ipcv.tex
[16:52:53] Parsing a file and its subfiles: /home/josh/Documents/formal-notes/year-3/IPCV/ipcv.tex
[16:52:53] Parse fls file.
[16:52:53] Fls file found: /home/josh/Documents/formal-notes/year-3/IPCV/ipcv.fls
[16:52:53] Parse aux file: /home/josh/Documents/formal-notes/year-3/IPCV/ipcv.aux
[16:52:53] Auto build started detecting the change of a file: /home/josh/Documents/formal-notes/year-3/IPCV/ipcv.tex
[16:52:53] BUILD command invoked.
[16:52:53] The document of the active editor: file:///home/josh/Documents/formal-notes/year-3/IPCV/ipcv.tex
[16:52:53] The languageId of the document: latex
[16:52:53] Building root file: /home/josh/Documents/formal-notes/year-3/IPCV/ipcv.tex
[16:52:53] Build root file /home/josh/Documents/formal-notes/year-3/IPCV/ipcv.tex
[16:52:53] Recipe step 1: latexmk, -synctex=1,-interaction=nonstopmode,-file-line-error,-pdf,-outdir=/home/josh/Documents/formal-notes/year-3/IPCV,/home/josh/Documents/formal-notes/year-3/IPCV/ipcv
[16:52:53] Recipe step env: {}
[16:52:53] cwd: /home/josh/Documents/formal-notes/year-3/IPCV
[16:52:53] LaTeX build process spawned. PID: 5272.
[16:52:55] LaTeX log parsed with 1 messages.
[16:52:55] Recipe of length 1 finished. PID: 5272.
[16:52:55] Successfully built /home/josh/Documents/formal-notes/year-3/IPCV/ipcv.tex.
[16:52:55] Refresh PDF viewer for /home/josh/Documents/formal-notes/year-3/IPCV/ipcv.pdf
[16:52:55] Parse fls file.
[16:52:55] Fls file found: /home/josh/Documents/formal-notes/year-3/IPCV/ipcv.fls
[16:52:55] Parse aux file: /home/josh/Documents/formal-notes/year-3/IPCV/ipcv.aux
[16:52:55] Preview PDF file: /home/josh/Documents/formal-notes/year-3/IPCV/ipcv.pdf
[16:52:55] Handle data type: loaded
[16:53:06] File watcher - file changed: /home/josh/Documents/formal-notes/year-3/IPCV/ipcv.tex
[16:53:06] Parsing a file and its subfiles: /home/josh/Documents/formal-notes/year-3/IPCV/ipcv.tex
[16:53:06] Parse fls file.
[16:53:06] Fls file found: /home/josh/Documents/formal-notes/year-3/IPCV/ipcv.fls
[16:53:06] Parse aux file: /home/josh/Documents/formal-notes/year-3/IPCV/ipcv.aux
[16:53:06] Auto build started detecting the change of a file: /home/josh/Documents/formal-notes/year-3/IPCV/ipcv.tex
[16:53:06] BUILD command invoked.
[16:53:06] The document of the active editor: file:///home/josh/Documents/formal-notes/year-3/IPCV/ipcv.tex
[16:53:06] The languageId of the document: latex
[16:53:06] Building root file: /home/josh/Documents/formal-notes/year-3/IPCV/ipcv.tex
[16:53:06] Build root file /home/josh/Documents/formal-notes/year-3/IPCV/ipcv.tex
[16:53:06] Recipe step 1: latexmk, -synctex=1,-interaction=nonstopmode,-file-line-error,-pdf,-outdir=/home/josh/Documents/formal-notes/year-3/IPCV,/home/josh/Documents/formal-notes/year-3/IPCV/ipcv
[16:53:06] Recipe step env: {}
[16:53:06] cwd: /home/josh/Documents/formal-notes/year-3/IPCV
[16:53:06] LaTeX build process spawned. PID: 5304.
[16:53:07] LaTeX log parsed with 1 messages.
[16:53:07] Recipe of length 1 finished. PID: 5304.
[16:53:07] Successfully built /home/josh/Documents/formal-notes/year-3/IPCV/ipcv.tex.
[16:53:07] Refresh PDF viewer for /home/josh/Documents/formal-notes/year-3/IPCV/ipcv.pdf
[16:53:07] Parse fls file.
[16:53:07] Fls file found: /home/josh/Documents/formal-notes/year-3/IPCV/ipcv.fls
[16:53:07] Parse aux file: /home/josh/Documents/formal-notes/year-3/IPCV/ipcv.aux
[16:53:07] Preview PDF file: /home/josh/Documents/formal-notes/year-3/IPCV/ipcv.pdf
[16:53:07] Handle data type: loaded
[16:53:14] File watcher - file changed: /home/josh/Documents/formal-notes/year-3/IPCV/ipcv.tex
[16:53:14] Parsing a file and its subfiles: /home/josh/Documents/formal-notes/year-3/IPCV/ipcv.tex
[16:53:14] Parse fls file.
[16:53:14] Fls file found: /home/josh/Documents/formal-notes/year-3/IPCV/ipcv.fls
[16:53:14] Parse aux file: /home/josh/Documents/formal-notes/year-3/IPCV/ipcv.aux
[16:53:14] Auto build started detecting the change of a file: /home/josh/Documents/formal-notes/year-3/IPCV/ipcv.tex
[16:53:14] BUILD command invoked.
[16:53:14] The document of the active editor: file:///home/josh/Documents/formal-notes/year-3/IPCV/ipcv.tex
[16:53:14] The languageId of the document: latex
[16:53:14] Building root file: /home/josh/Documents/formal-notes/year-3/IPCV/ipcv.tex
[16:53:14] Build root file /home/josh/Documents/formal-notes/year-3/IPCV/ipcv.tex
[16:53:14] Recipe step 1: latexmk, -synctex=1,-interaction=nonstopmode,-file-line-error,-pdf,-outdir=/home/josh/Documents/formal-notes/year-3/IPCV,/home/josh/Documents/formal-notes/year-3/IPCV/ipcv
[16:53:14] Recipe step env: {}
[16:53:14] cwd: /home/josh/Documents/formal-notes/year-3/IPCV
[16:53:14] LaTeX build process spawned. PID: 5340.
[16:53:16] LaTeX log parsed with 1 messages.
[16:53:16] Recipe of length 1 finished. PID: 5340.
[16:53:16] Successfully built /home/josh/Documents/formal-notes/year-3/IPCV/ipcv.tex.
[16:53:16] Refresh PDF viewer for /home/josh/Documents/formal-notes/year-3/IPCV/ipcv.pdf
[16:53:16] Parse fls file.
[16:53:16] Fls file found: /home/josh/Documents/formal-notes/year-3/IPCV/ipcv.fls
[16:53:16] Parse aux file: /home/josh/Documents/formal-notes/year-3/IPCV/ipcv.aux
[16:53:16] Preview PDF file: /home/josh/Documents/formal-notes/year-3/IPCV/ipcv.pdf
[16:53:16] Handle data type: loaded
[16:53:35] File watcher - file changed: /home/josh/Documents/formal-notes/year-3/IPCV/ipcv.tex
[16:53:35] Parsing a file and its subfiles: /home/josh/Documents/formal-notes/year-3/IPCV/ipcv.tex
[16:53:35] Parse fls file.
[16:53:35] Fls file found: /home/josh/Documents/formal-notes/year-3/IPCV/ipcv.fls
[16:53:35] Parse aux file: /home/josh/Documents/formal-notes/year-3/IPCV/ipcv.aux
[16:53:35] Auto build started detecting the change of a file: /home/josh/Documents/formal-notes/year-3/IPCV/ipcv.tex
[16:53:35] BUILD command invoked.
[16:53:35] The document of the active editor: file:///home/josh/Documents/formal-notes/year-3/IPCV/ipcv.tex
[16:53:35] The languageId of the document: latex
[16:53:35] Building root file: /home/josh/Documents/formal-notes/year-3/IPCV/ipcv.tex
[16:53:35] Build root file /home/josh/Documents/formal-notes/year-3/IPCV/ipcv.tex
[16:53:35] Recipe step 1: latexmk, -synctex=1,-interaction=nonstopmode,-file-line-error,-pdf,-outdir=/home/josh/Documents/formal-notes/year-3/IPCV,/home/josh/Documents/formal-notes/year-3/IPCV/ipcv
[16:53:35] Recipe step env: {}
[16:53:35] cwd: /home/josh/Documents/formal-notes/year-3/IPCV
[16:53:35] LaTeX build process spawned. PID: 5388.
[16:53:37] LaTeX log parsed with 1 messages.
[16:53:37] Recipe of length 1 finished. PID: 5388.
[16:53:37] Successfully built /home/josh/Documents/formal-notes/year-3/IPCV/ipcv.tex.
[16:53:37] Refresh PDF viewer for /home/josh/Documents/formal-notes/year-3/IPCV/ipcv.pdf
[16:53:37] Parse fls file.
[16:53:37] Fls file found: /home/josh/Documents/formal-notes/year-3/IPCV/ipcv.fls
[16:53:37] Parse aux file: /home/josh/Documents/formal-notes/year-3/IPCV/ipcv.aux
[16:53:37] Preview PDF file: /home/josh/Documents/formal-notes/year-3/IPCV/ipcv.pdf
[16:53:37] Handle data type: loaded
[16:54:23] File watcher - file changed: /home/josh/Documents/formal-notes/year-3/IPCV/ipcv.tex
[16:54:23] Parsing a file and its subfiles: /home/josh/Documents/formal-notes/year-3/IPCV/ipcv.tex
[16:54:23] Parse fls file.
[16:54:23] Fls file found: /home/josh/Documents/formal-notes/year-3/IPCV/ipcv.fls
[16:54:23] Parse aux file: /home/josh/Documents/formal-notes/year-3/IPCV/ipcv.aux
[16:54:23] Auto build started detecting the change of a file: /home/josh/Documents/formal-notes/year-3/IPCV/ipcv.tex
[16:54:23] BUILD command invoked.
[16:54:23] The document of the active editor: file:///home/josh/Documents/formal-notes/year-3/IPCV/ipcv.tex
[16:54:23] The languageId of the document: latex
[16:54:23] Building root file: /home/josh/Documents/formal-notes/year-3/IPCV/ipcv.tex
[16:54:23] Build root file /home/josh/Documents/formal-notes/year-3/IPCV/ipcv.tex
[16:54:23] Recipe step 1: latexmk, -synctex=1,-interaction=nonstopmode,-file-line-error,-pdf,-outdir=/home/josh/Documents/formal-notes/year-3/IPCV,/home/josh/Documents/formal-notes/year-3/IPCV/ipcv
[16:54:23] Recipe step env: {}
[16:54:23] cwd: /home/josh/Documents/formal-notes/year-3/IPCV
[16:54:23] LaTeX build process spawned. PID: 5445.
[16:54:24] LaTeX log parsed with 1 messages.
[16:54:24] Recipe of length 1 finished. PID: 5445.
[16:54:24] Successfully built /home/josh/Documents/formal-notes/year-3/IPCV/ipcv.tex.
[16:54:24] Refresh PDF viewer for /home/josh/Documents/formal-notes/year-3/IPCV/ipcv.pdf
[16:54:24] Parse fls file.
[16:54:24] Fls file found: /home/josh/Documents/formal-notes/year-3/IPCV/ipcv.fls
[16:54:24] Parse aux file: /home/josh/Documents/formal-notes/year-3/IPCV/ipcv.aux
[16:54:24] Preview PDF file: /home/josh/Documents/formal-notes/year-3/IPCV/ipcv.pdf
[16:54:24] Handle data type: loaded
